--- Stage 12a MAW-ECM-GPR: Building ECM Dataset ---
[Info] n_primary=3, n_secondary=18, include_macro_strain_input=0
[Info] residual fit mode=gauss_newton, fit_max_iters=8, fit_rel_tol=1.00e-06, fit_l2_reg=1.00e-10, fit_step_tol=1.00e-12
[Info] Manifold correction active in Stage 12a MAW-ECM-GPR: N(0)=0 and J(0)=0.
[Info] Sampling mode: param_aware
[Info] Target residual snapshots      : 5.0% across 10 trajectories.
[Info] Target homogenization snapshots: 5.0% across 10 trajectories.
[Info] Total residual snapshots      : 5482
[Info] Total homogenization snapshots: 5482
[Info] Material parts: ['material']
[Info] Residual projection active on 990/990 elements.
  > Processing trajectory_1 (res=841 steps, hom=841 steps)...
  > Processing trajectory_10 (res=255 steps, hom=255 steps)...
  > Processing trajectory_2 (res=253 steps, hom=253 steps)...
  > Processing trajectory_3 (res=842 steps, hom=842 steps)...
  > Processing trajectory_4 (res=254 steps, hom=254 steps)...
  > Processing trajectory_5 (res=843 steps, hom=843 steps)...
  > Processing trajectory_6 (res=255 steps, hom=255 steps)...
  > Processing trajectory_7 (res=842 steps, hom=842 steps)...
  > Processing trajectory_8 (res=254 steps, hom=254 steps)...
  > Processing trajectory_9 (res=843 steps, hom=843 steps)...
[Fit] relative reconstruction residual: before mean=9.548e+24, after mean=6.456e+24, after max=7.332e+27, iters mean=3.98, iters max=6

[DONE] Stage 12a MAW-ECM dataset generation complete.
      - Q_ecm shape: (16446, 990)
      - C_hom shape: (32892, 990)
      - q_p_res shape: (5482, 3)
      - q_p_hom shape: (5482, 3)
      - Datasets saved to: stage_12_mawecm_dataset_gpr_ls
 |  /           |                  
 ' /   __| _` | __|  _ \   __|    
 . \  |   (   | |   (   |\__ \  
_|\_\_|  \__,_|\__|\___/ ____/
           Multi-Physics 10.3."0"-master-532e0dba7d-Release-x86_64
           Compiled for GNU/Linux and Python3.12 with GCC-13.2
Compiled with threading support. Threading support with OpenMP.
Maximum number of threads: 16.
Importing    KratosStructuralMechanicsApplication 
    KRATOS   ___|  |                   |                   |
           \___ \  __|  __| |   |  __| __| |   |  __| _` | |
                 | |   |    |   | (    |   |   | |   (   | |
           _____/ \__|_|   \__,_|\___|\__|\__,_|_|  \__,_|_| MECHANICS
Initializing KratosStructuralMechanicsApplication...
Importing    KratosConstitutiveLawsApplication 
Initializing KratosConstitutiveLawsApplication...
[WARNING] DEPRECATION-Warning; MechanicalSolver: Using "line_search", please move it to "solving_strategy_settings" as "type" 
::[MechanicalSolver]:: : Construction finished 
::[StaticMechanicalSolver]:: : Construction finished 
::[MechanicalSolver]:: : Variables ADDED 
[WARNING] Model: Trying to create a root modelpart with name Structure however a ModelPart with the same name already exists. 
Returning the already existent ModelPart.
SingleImportModelPart: Reading model part from file: "/home/kratos/ML_assisted_CLs_clean/RVE_homogenization_NeoHookean_using_Kratos/rve_geometry".mdpa
ModelPartIO:   [Reading Nodes    : 2122 nodes read]
ModelPartIO:   [Reading Geometries : 990 geometries read] [Type: Triangle2D6]
ModelPartIO:   [Total Lines Read : 6408]
SingleImportModelPart: Finished reading model part from mdpa file.
::[PythonSolver]::: Reading model part. 
::[PythonSolver]::: Using already imported model part - no reading necessary. 
ModelPart: -Structure- model part
    Buffer Size : 1
    Number of tables : 0
    Number of sub model parts : 2
    Current solution step index : 0
    DOMAIN_SIZE : 2
    OSS_SWITCH : 0
    IS_RESTARTED : 0

    Number of Geometries  : 990
    Mesh 0 :
        Number of Nodes       : 2122
        Number of Properties  : 1
        Number of Elements    : 990
        Number of Conditions  : 0
        Number of Constraints : 0

    -dirichlet- model part
        Number of tables : 0
        Number of sub model parts : 0

        Number of Geometries  : 0
        Mesh 0 :
            Number of Nodes       : 160
            Number of Properties  : 0
            Number of Elements    : 0
            Number of Conditions  : 0
            Number of Constraints : 0
    -material- model part
        Number of tables : 0
        Number of sub model parts : 0

        Number of Geometries  : 990
        Mesh 0 :
            Number of Nodes       : 2122
            Number of Properties  : 0
            Number of Elements    : 990
            Number of Conditions  : 0
            Number of Constraints : 0
 
::[PythonSolver]:: : Finished reading model part. 
Read materials: Started
Read materials: Finished
::[MechanicalSolver]:: : Constitutive law was successfully imported. 
::[MechanicalSolver]::: ModelPart prepared for Solver. 
::[MechanicalSolver]:: : DOF's ADDED 
::[MechanicalSolver]:: : Initializing ... 
::[Mechanical Solver]:: : CONVERGENCE CRITERION : displacement_criterion 
Importing    LinearSolversApplication 
    Kratos  _     _                       ____        _
           | |   (_)_ __   ___  __ _ _ __/ ___|  ___ | |_   _____ _ __ ___
           | |   | | '_ \ / _ \/ _` | '__\___ \ / _ \| \ \ / / _ \ '__/ __|
           | |___| | | | |  __/ (_| | |   ___) | (_) | |\ V /  __/ |  \__ \
           |_____|_|_| |_|\___|\__,_|_|  |____/ \___/|_| \_/ \___|_|  |___/
Initializing KratosLinearSolversApplication...
Linear-Solver-Factory: Constructing a regular (non-complex) linear-solver 
::[MechanicalSolver]:: : Finished initialization. 
Analysis: Analysis -START-  
Analysis: Analysis -END-  
BuilderAndSolver: Clear Function called
BuilderAndSolver: Clear Function called
Deregistering KratosMultiphysics
Deregistering LinearSolversApplication
Deregistering ConstitutiveLawsApplication
Deregistering StructuralMechanicsApplication
