========================================================================
HROM mesh build complete
========================================================================
Base mesh           : rve_geometry.mdpa
ECM file            : stage_12_hprom_mawecm_gpr_data_ls/ecm_weights_all.npz
Selection key       : Z_union
Selected elements   : 135 / 990 (13.6%)
Condition mode      : all
HROM mesh           : rve_geometry_stage_12_hprom_mawecm_gpr_data_ls_z_union_hrom.mdpa
HROM elems/conds    : 135 / 0
Copied submodelparts:
  - dirichlet: nodes=0, elems=0, conds=0
  - material: nodes=0, elems=0, conds=0
Updated ECM file    : stage_12_hprom_mawecm_gpr_data_ls/ecm_weights_all.npz
 |  /           |                  
 ' /   __| _` | __|  _ \   __|    
 . \  |   (   | |   (   |\__ \  
_|\_\_|  \__,_|\__|\___/ ____/
           Multi-Physics 10.3."0"-master-532e0dba7d-Release-x86_64
           Compiled for GNU/Linux and Python3.12 with GCC-13.2
Compiled with threading support. Threading support with OpenMP.
Maximum number of threads: 16.
Importing    LinearSolversApplication 
    Kratos  _     _                       ____        _
           | |   (_)_ __   ___  __ _ _ __/ ___|  ___ | |_   _____ _ __ ___
           | |   | | '_ \ / _ \/ _` | '__\___ \ / _ \| \ \ / / _ \ '__/ __|
           | |___| | | | |  __/ (_| | |   ___) | (_) | |\ V /  __/ |  \__ \
           |_____|_|_| |_|\___|\__,_|_|  |____/ \___/|_| \_/ \___|_|  |___/
Initializing KratosLinearSolversApplication...
Importing    KratosRomApplication 
Initializing KratosRomApplication...
Importing    KratosStructuralMechanicsApplication 
    KRATOS   ___|  |                   |                   |
           \___ \  __|  __| |   |  __| __| |   |  __| _` | |
                 | |   |    |   | (    |   |   | |   (   | |
           _____/ \__|_|   \__,_|\___|\__|\__,_|_|  \__,_|_| MECHANICS
Initializing KratosStructuralMechanicsApplication...
Importing    KratosConstitutiveLawsApplication 
Initializing KratosConstitutiveLawsApplication...
[WARNING] DEPRECATION-Warning; MechanicalSolver: Using "line_search", please move it to "solving_strategy_settings" as "type" 
::[MechanicalSolver]:: : Construction finished 
::[StaticMechanicalSolver]:: : Construction finished 
::[MechanicalSolver]:: : Variables ADDED 
[WARNING] Model: Trying to create a root modelpart with name Structure however a ModelPart with the same name already exists. 
Returning the already existent ModelPart.
SingleImportModelPart: Reading model part from file: "/home/kratos/ML_assisted_CLs_clean/RVE_homogenization_NeoHookean_using_Kratos/rve_geometry".mdpa
ModelPartIO:   [Reading Nodes    : 2122 nodes read]
ModelPartIO:   [Reading Geometries : 990 geometries read] [Type: Triangle2D6]
ModelPartIO:   [Total Lines Read : 6408]
SingleImportModelPart: Finished reading model part from mdpa file.
::[PythonSolver]::: Reading model part. 
::[PythonSolver]::: Using already imported model part - no reading necessary. 
ModelPart: -Structure- model part
    Buffer Size : 1
    Number of tables : 0
    Number of sub model parts : 2
    Current solution step index : 0
    DOMAIN_SIZE : 2
    OSS_SWITCH : 0
    IS_RESTARTED : 0

    Number of Geometries  : 990
    Mesh 0 :
        Number of Nodes       : 2122
        Number of Properties  : 1
        Number of Elements    : 990
        Number of Conditions  : 0
        Number of Constraints : 0

    -dirichlet- model part
        Number of tables : 0
        Number of sub model parts : 0

        Number of Geometries  : 0
        Mesh 0 :
            Number of Nodes       : 160
            Number of Properties  : 0
            Number of Elements    : 0
            Number of Conditions  : 0
            Number of Constraints : 0
    -material- model part
        Number of tables : 0
        Number of sub model parts : 0

        Number of Geometries  : 990
        Mesh 0 :
            Number of Nodes       : 2122
            Number of Properties  : 0
            Number of Elements    : 990
            Number of Conditions  : 0
            Number of Constraints : 0
 
::[PythonSolver]:: : Finished reading model part. 
Read materials: Started
Read materials: Finished
::[MechanicalSolver]:: : Constitutive law was successfully imported. 
::[MechanicalSolver]::: ModelPart prepared for Solver. 
::[MechanicalSolver]:: : DOF's ADDED 
::[MechanicalSolver]:: : Initializing ... 
::[Mechanical Solver]:: : CONVERGENCE CRITERION : displacement_criterion 
Linear-Solver-Factory: Constructing a regular (non-complex) linear-solver 
::[MechanicalSolver]:: : Finished initialization. 
Analysis: Analysis -START-  
ModelPartIO:   [Total Lines Wrote : 1]
Analysis: Analysis -END-  
BuilderAndSolver: Clear Function called
BuilderAndSolver: Clear Function called
Deregistering KratosMultiphysics
Deregistering LinearSolversApplication
Deregistering RomApplication
Deregistering ConstitutiveLawsApplication
Deregistering StructuralMechanicsApplication
