This is pdfTeX, Version 3.141592653-2.6-1.40.22 (TeX Live 2022/dev/Debian) (preloaded format=pdflatex 2026.1.30)  14 MAY 2026 17:20
entering extended mode
 restricted \write18 enabled.
 %&-line parsing enabled.
**01_META2.tex
(./01_META2.tex
LaTeX2e <2021-11-15> patch level 1
L3 programming layer <2022-01-21>
(/usr/share/texlive/texmf-dist/tex/latex/base/article.cls
Document Class: article 2021/10/04 v1.4n Standard LaTeX document class
(/usr/share/texlive/texmf-dist/tex/latex/base/size11.clo
File: size11.clo 2021/10/04 v1.4n Standard LaTeX file (size option)
)
\c@part=\count185
\c@section=\count186
\c@subsection=\count187
\c@subsubsection=\count188
\c@paragraph=\count189
\c@subparagraph=\count190
\c@figure=\count191
\c@table=\count192
\abovecaptionskip=\skip47
\belowcaptionskip=\skip48
\bibindent=\dimen138
)
(/usr/share/texlive/texmf-dist/tex/latex/geometry/geometry.sty
Package: geometry 2020/01/02 v5.9 Page Geometry

(/usr/share/texlive/texmf-dist/tex/latex/graphics/keyval.sty
Package: keyval 2014/10/28 v1.15 key=value parser (DPC)
\KV@toks@=\toks16
)
(/usr/share/texlive/texmf-dist/tex/generic/iftex/ifvtex.sty
Package: ifvtex 2019/10/25 v1.7 ifvtex legacy package. Use iftex instead.

(/usr/share/texlive/texmf-dist/tex/generic/iftex/iftex.sty
Package: iftex 2020/03/06 v1.0d TeX engine tests
))
\Gm@cnth=\count193
\Gm@cntv=\count194
\c@Gm@tempcnt=\count195
\Gm@bindingoffset=\dimen139
\Gm@wd@mp=\dimen140
\Gm@odd@mp=\dimen141
\Gm@even@mp=\dimen142
\Gm@layoutwidth=\dimen143
\Gm@layoutheight=\dimen144
\Gm@layouthoffset=\dimen145
\Gm@layoutvoffset=\dimen146
\Gm@dimlist=\toks17
)
(/usr/share/texlive/texmf-dist/tex/latex/amsmath/amsmath.sty
Package: amsmath 2021/10/15 v2.17l AMS math features
\@mathmargin=\skip49

For additional information on amsmath, use the `?' option.
(/usr/share/texlive/texmf-dist/tex/latex/amsmath/amstext.sty
Package: amstext 2021/08/26 v2.01 AMS text

(/usr/share/texlive/texmf-dist/tex/latex/amsmath/amsgen.sty
File: amsgen.sty 1999/11/30 v2.0 generic functions
\@emptytoks=\toks18
\ex@=\dimen147
))
(/usr/share/texlive/texmf-dist/tex/latex/amsmath/amsbsy.sty
Package: amsbsy 1999/11/29 v1.2d Bold Symbols
\pmbraise@=\dimen148
)
(/usr/share/texlive/texmf-dist/tex/latex/amsmath/amsopn.sty
Package: amsopn 2021/08/26 v2.02 operator names
)
\inf@bad=\count196
LaTeX Info: Redefining \frac on input line 234.
\uproot@=\count197
\leftroot@=\count198
LaTeX Info: Redefining \overline on input line 399.
\classnum@=\count199
\DOTSCASE@=\count266
LaTeX Info: Redefining \ldots on input line 496.
LaTeX Info: Redefining \dots on input line 499.
LaTeX Info: Redefining \cdots on input line 620.
\Mathstrutbox@=\box50
\strutbox@=\box51
\big@size=\dimen149
LaTeX Font Info:    Redeclaring font encoding OML on input line 743.
LaTeX Font Info:    Redeclaring font encoding OMS on input line 744.
\macc@depth=\count267
\c@MaxMatrixCols=\count268
\dotsspace@=\muskip16
\c@parentequation=\count269
\dspbrk@lvl=\count270
\tag@help=\toks19
\row@=\count271
\column@=\count272
\maxfields@=\count273
\andhelp@=\toks20
\eqnshift@=\dimen150
\alignsep@=\dimen151
\tagshift@=\dimen152
\tagwidth@=\dimen153
\totwidth@=\dimen154
\lineht@=\dimen155
\@envbody=\toks21
\multlinegap=\skip50
\multlinetaggap=\skip51
\mathdisplay@stack=\toks22
LaTeX Info: Redefining \[ on input line 2938.
LaTeX Info: Redefining \] on input line 2939.
)
(/usr/share/texlive/texmf-dist/tex/latex/amsfonts/amssymb.sty
Package: amssymb 2013/01/14 v3.01 AMS font symbols

(/usr/share/texlive/texmf-dist/tex/latex/amsfonts/amsfonts.sty
Package: amsfonts 2013/01/14 v3.01 Basic AMSFonts support
\symAMSa=\mathgroup4
\symAMSb=\mathgroup5
LaTeX Font Info:    Redeclaring math symbol \hbar on input line 98.
LaTeX Font Info:    Overwriting math alphabet `\mathfrak' in version `bold'
(Font)                  U/euf/m/n --> U/euf/b/n on input line 106.
))
(/usr/share/texlive/texmf-dist/tex/latex/mathtools/mathtools.sty
Package: mathtools 2021/02/02 v1.28 mathematical typesetting tools

(/usr/share/texlive/texmf-dist/tex/latex/tools/calc.sty
Package: calc 2017/05/25 v4.3 Infix arithmetic (KKT,FJ)
\calc@Acount=\count274
\calc@Bcount=\count275
\calc@Adimen=\dimen156
\calc@Bdimen=\dimen157
\calc@Askip=\skip52
\calc@Bskip=\skip53
LaTeX Info: Redefining \setlength on input line 80.
LaTeX Info: Redefining \addtolength on input line 81.
\calc@Ccount=\count276
\calc@Cskip=\skip54
)
(/usr/share/texlive/texmf-dist/tex/latex/mathtools/mhsetup.sty
Package: mhsetup 2021/03/18 v1.4 programming setup (MH)
)
\g_MT_multlinerow_int=\count277
\l_MT_multwidth_dim=\dimen158
\origjot=\skip55
\l_MT_shortvdotswithinadjustabove_dim=\dimen159
\l_MT_shortvdotswithinadjustbelow_dim=\dimen160
\l_MT_above_intertext_sep=\dimen161
\l_MT_below_intertext_sep=\dimen162
\l_MT_above_shortintertext_sep=\dimen163
\l_MT_below_shortintertext_sep=\dimen164
\xmathstrut@box=\box52
\xmathstrut@dim=\dimen165
)
(/usr/share/texlive/texmf-dist/tex/latex/tools/bm.sty
Package: bm 2021/04/25 v1.2e Bold Symbol Support (DPC/FMi)
\symboldoperators=\mathgroup6
\symboldletters=\mathgroup7
\symboldsymbols=\mathgroup8
Package bm Info: No bold for \OMX/cmex/m/n, using \pmb.
Package bm Info: No bold for \U/msa/m/n, using \pmb.
Package bm Info: No bold for \U/msb/m/n, using \pmb.
LaTeX Font Info:    Redeclaring math alphabet \mathbf on input line 149.
)
(/usr/share/texlive/texmf-dist/tex/latex/graphics/graphicx.sty
Package: graphicx 2021/09/16 v1.2d Enhanced LaTeX Graphics (DPC,SPQR)

(/usr/share/texlive/texmf-dist/tex/latex/graphics/graphics.sty
Package: graphics 2021/03/04 v1.4d Standard LaTeX Graphics (DPC,SPQR)

(/usr/share/texlive/texmf-dist/tex/latex/graphics/trig.sty
Package: trig 2021/08/11 v1.11 sin cos tan (DPC)
)
(/usr/share/texlive/texmf-dist/tex/latex/graphics-cfg/graphics.cfg
File: graphics.cfg 2016/06/04 v1.11 sample graphics configuration
)
Package graphics Info: Driver file: pdftex.def on input line 107.

(/usr/share/texlive/texmf-dist/tex/latex/graphics-def/pdftex.def
File: pdftex.def 2020/10/05 v1.2a Graphics/color driver for pdftex
))
\Gin@req@height=\dimen166
\Gin@req@width=\dimen167
)
(/usr/share/texlive/texmf-dist/tex/latex/booktabs/booktabs.sty
Package: booktabs 2020/01/12 v1.61803398 Publication quality tables
\heavyrulewidth=\dimen168
\lightrulewidth=\dimen169
\cmidrulewidth=\dimen170
\belowrulesep=\dimen171
\belowbottomsep=\dimen172
\aboverulesep=\dimen173
\abovetopsep=\dimen174
\cmidrulesep=\dimen175
\cmidrulekern=\dimen176
\defaultaddspace=\dimen177
\@cmidla=\count278
\@cmidlb=\count279
\@aboverulesep=\dimen178
\@belowrulesep=\dimen179
\@thisruleclass=\count280
\@lastruleclass=\count281
\@thisrulewidth=\dimen180
)
(/usr/share/texlive/texmf-dist/tex/latex/enumitem/enumitem.sty
Package: enumitem 2019/06/20 v3.9 Customized lists
\labelindent=\skip56
\enit@outerparindent=\dimen181
\enit@toks=\toks23
\enit@inbox=\box53
\enit@count@id=\count282
\enitdp@description=\count283
)
(/usr/share/texlive/texmf-dist/tex/latex/hyperref/hyperref.sty
Package: hyperref 2021-06-07 v7.00m Hypertext links for LaTeX

(/usr/share/texlive/texmf-dist/tex/generic/ltxcmds/ltxcmds.sty
Package: ltxcmds 2020-05-10 v1.25 LaTeX kernel commands for general use (HO)
)
(/usr/share/texlive/texmf-dist/tex/generic/pdftexcmds/pdftexcmds.sty
Package: pdftexcmds 2020-06-27 v0.33 Utility functions of pdfTeX for LuaTeX (HO
)

(/usr/share/texlive/texmf-dist/tex/generic/infwarerr/infwarerr.sty
Package: infwarerr 2019/12/03 v1.5 Providing info/warning/error messages (HO)
)
Package pdftexcmds Info: \pdf@primitive is available.
Package pdftexcmds Info: \pdf@ifprimitive is available.
Package pdftexcmds Info: \pdfdraftmode found.
)
(/usr/share/texlive/texmf-dist/tex/generic/kvsetkeys/kvsetkeys.sty
Package: kvsetkeys 2019/12/15 v1.18 Key value parser (HO)
)
(/usr/share/texlive/texmf-dist/tex/generic/kvdefinekeys/kvdefinekeys.sty
Package: kvdefinekeys 2019-12-19 v1.6 Define keys (HO)
)
(/usr/share/texlive/texmf-dist/tex/generic/pdfescape/pdfescape.sty
Package: pdfescape 2019/12/09 v1.15 Implements pdfTeX's escape features (HO)
)
(/usr/share/texlive/texmf-dist/tex/latex/hycolor/hycolor.sty
Package: hycolor 2020-01-27 v1.10 Color options for hyperref/bookmark (HO)
)
(/usr/share/texlive/texmf-dist/tex/latex/letltxmacro/letltxmacro.sty
Package: letltxmacro 2019/12/03 v1.6 Let assignment for LaTeX macros (HO)
)
(/usr/share/texlive/texmf-dist/tex/latex/auxhook/auxhook.sty
Package: auxhook 2019-12-17 v1.6 Hooks for auxiliary files (HO)
)
(/usr/share/texlive/texmf-dist/tex/latex/kvoptions/kvoptions.sty
Package: kvoptions 2020-10-07 v3.14 Key value format for package options (HO)
)
\@linkdim=\dimen182
\Hy@linkcounter=\count284
\Hy@pagecounter=\count285

(/usr/share/texlive/texmf-dist/tex/latex/hyperref/pd1enc.def
File: pd1enc.def 2021-06-07 v7.00m Hyperref: PDFDocEncoding definition (HO)
Now handling font encoding PD1 ...
... no UTF-8 mapping file for font encoding PD1
)
(/usr/share/texlive/texmf-dist/tex/latex/hyperref/hyperref-langpatches.def
File: hyperref-langpatches.def 2021-06-07 v7.00m Hyperref: patches for babel la
nguages
)
(/usr/share/texlive/texmf-dist/tex/generic/intcalc/intcalc.sty
Package: intcalc 2019/12/15 v1.3 Expandable calculations with integers (HO)
)
(/usr/share/texlive/texmf-dist/tex/generic/etexcmds/etexcmds.sty
Package: etexcmds 2019/12/15 v1.7 Avoid name clashes with e-TeX commands (HO)
)
\Hy@SavedSpaceFactor=\count286

(/usr/share/texlive/texmf-dist/tex/latex/hyperref/puenc.def
File: puenc.def 2021-06-07 v7.00m Hyperref: PDF Unicode definition (HO)
Now handling font encoding PU ...
... no UTF-8 mapping file for font encoding PU
)
Package hyperref Info: Hyper figures OFF on input line 4192.
Package hyperref Info: Link nesting OFF on input line 4197.
Package hyperref Info: Hyper index ON on input line 4200.
Package hyperref Info: Plain pages OFF on input line 4207.
Package hyperref Info: Backreferencing OFF on input line 4212.
Package hyperref Info: Implicit mode ON; LaTeX internals redefined.
Package hyperref Info: Bookmarks ON on input line 4445.
\c@Hy@tempcnt=\count287

(/usr/share/texlive/texmf-dist/tex/latex/url/url.sty
\Urlmuskip=\muskip17
Package: url 2013/09/16  ver 3.4  Verb mode for urls, etc.
)
LaTeX Info: Redefining \url on input line 4804.
\XeTeXLinkMargin=\dimen183

(/usr/share/texlive/texmf-dist/tex/generic/bitset/bitset.sty
Package: bitset 2019/12/09 v1.3 Handle bit-vector datatype (HO)

(/usr/share/texlive/texmf-dist/tex/generic/bigintcalc/bigintcalc.sty
Package: bigintcalc 2019/12/15 v1.5 Expandable calculations on big integers (HO
)
))
\Fld@menulength=\count288
\Field@Width=\dimen184
\Fld@charsize=\dimen185
Package hyperref Info: Hyper figures OFF on input line 6076.
Package hyperref Info: Link nesting OFF on input line 6081.
Package hyperref Info: Hyper index ON on input line 6084.
Package hyperref Info: backreferencing OFF on input line 6091.
Package hyperref Info: Link coloring OFF on input line 6096.
Package hyperref Info: Link coloring with OCG OFF on input line 6101.
Package hyperref Info: PDF/A mode OFF on input line 6106.
LaTeX Info: Redefining \ref on input line 6146.
LaTeX Info: Redefining \pageref on input line 6150.

(/usr/share/texlive/texmf-dist/tex/latex/base/atbegshi-ltx.sty
Package: atbegshi-ltx 2021/01/10 v1.0c Emulation of the original atbegshi
package with kernel methods
)
\Hy@abspage=\count289
\c@Item=\count290
\c@Hfootnote=\count291
)
Package hyperref Info: Driver (autodetected): hpdftex.

(/usr/share/texlive/texmf-dist/tex/latex/hyperref/hpdftex.def
File: hpdftex.def 2021-06-07 v7.00m Hyperref driver for pdfTeX

(/usr/share/texlive/texmf-dist/tex/latex/base/atveryend-ltx.sty
Package: atveryend-ltx 2020/08/19 v1.0a Emulation of the original atveryend pac
kage
with kernel methods
)
\Fld@listcount=\count292
\c@bookmark@seq@number=\count293

(/usr/share/texlive/texmf-dist/tex/latex/rerunfilecheck/rerunfilecheck.sty
Package: rerunfilecheck 2019/12/05 v1.9 Rerun checks for auxiliary files (HO)

(/usr/share/texlive/texmf-dist/tex/generic/uniquecounter/uniquecounter.sty
Package: uniquecounter 2019/12/15 v1.4 Provide unlimited unique counter (HO)
)
Package uniquecounter Info: New unique counter `rerunfilecheck' on input line 2
86.
)
\Hy@SectionHShift=\skip57
)
(/usr/share/texlive/texmf-dist/tex/latex/physics/physics.sty
Package: physics 

(/usr/share/texlive/texmf-dist/tex/latex/l3packages/xparse/xparse.sty
(/usr/share/texlive/texmf-dist/tex/latex/l3kernel/expl3.sty
Package: expl3 2022-01-21 L3 programming layer (loader) 

(/usr/share/texlive/texmf-dist/tex/latex/l3backend/l3backend-pdftex.def
File: l3backend-pdftex.def 2022-01-12 L3 backend support: PDF output (pdfTeX)
\l__color_backend_stack_int=\count294
\l__pdf_internal_box=\box54
))
Package: xparse 2022-01-12 L3 Experimental document command parser
))
(/usr/share/texlive/texmf-dist/tex/latex/xcolor/xcolor.sty
Package: xcolor 2021/10/31 v2.13 LaTeX color extensions (UK)

(/usr/share/texlive/texmf-dist/tex/latex/graphics-cfg/color.cfg
File: color.cfg 2016/01/02 v1.6 sample color configuration
)
Package xcolor Info: Driver file: pdftex.def on input line 227.
Package xcolor Info: Model `cmy' substituted by `cmy0' on input line 1352.
Package xcolor Info: Model `hsb' substituted by `rgb' on input line 1356.
Package xcolor Info: Model `RGB' extended on input line 1368.
Package xcolor Info: Model `HTML' substituted by `rgb' on input line 1370.
Package xcolor Info: Model `Hsb' substituted by `hsb' on input line 1371.
Package xcolor Info: Model `tHsb' substituted by `hsb' on input line 1372.
Package xcolor Info: Model `HSB' substituted by `hsb' on input line 1373.
Package xcolor Info: Model `Gray' substituted by `gray' on input line 1374.
Package xcolor Info: Model `wave' substituted by `hsb' on input line 1375.
)
(/usr/share/texlive/texmf-dist/tex/latex/caption/caption.sty
Package: caption 2020/10/26 v3.5g Customizing captions (AR)

(/usr/share/texlive/texmf-dist/tex/latex/caption/caption3.sty
Package: caption3 2020/10/21 v2.2e caption3 kernel (AR)
\captionmargin=\dimen186
\captionmargin@=\dimen187
\captionwidth=\dimen188
\caption@tempdima=\dimen189
\caption@indent=\dimen190
\caption@parindent=\dimen191
\caption@hangindent=\dimen192
Package caption Info: Standard document class detected.
)
\c@caption@flags=\count295
\c@continuedfloat=\count296
Package caption Info: hyperref package is loaded.
)
(/usr/share/texlive/texmf-dist/tex/latex/caption/subcaption.sty
Package: subcaption 2020/10/07 v1.3j Sub-captions (AR)
\c@subfigure=\count297
\c@subtable=\count298
)
(/usr/share/texlive/texmf-dist/tex/latex/amscls/amsthm.sty
Package: amsthm 2020/05/29 v2.20.6
\thm@style=\toks24
\thm@bodyfont=\toks25
\thm@headfont=\toks26
\thm@notefont=\toks27
\thm@headpunct=\toks28
\thm@preskip=\skip58
\thm@postskip=\skip59
\thm@headsep=\skip60
\dth@everypar=\toks29
)
(/usr/share/texlive/texmf-dist/tex/latex/float/float.sty
Package: float 2001/11/08 v1.3d Float enhancements (AL)
\c@float@type=\count299
\float@exts=\toks30
\float@box=\box55
\@float@everytoks=\toks31
\@floatcapt=\box56
)
\c@remark=\count300

(./jaho_maw_ecm_definitions.tex) (./01_META2.aux)
\openout1 = `01_META2.aux'.

LaTeX Font Info:    Checking defaults for OML/cmm/m/it on input line 41.
LaTeX Font Info:    ... okay on input line 41.
LaTeX Font Info:    Checking defaults for OMS/cmsy/m/n on input line 41.
LaTeX Font Info:    ... okay on input line 41.
LaTeX Font Info:    Checking defaults for OT1/cmr/m/n on input line 41.
LaTeX Font Info:    ... okay on input line 41.
LaTeX Font Info:    Checking defaults for T1/cmr/m/n on input line 41.
LaTeX Font Info:    ... okay on input line 41.
LaTeX Font Info:    Checking defaults for TS1/cmr/m/n on input line 41.
LaTeX Font Info:    ... okay on input line 41.
LaTeX Font Info:    Checking defaults for OMX/cmex/m/n on input line 41.
LaTeX Font Info:    ... okay on input line 41.
LaTeX Font Info:    Checking defaults for U/cmr/m/n on input line 41.
LaTeX Font Info:    ... okay on input line 41.
LaTeX Font Info:    Checking defaults for PD1/pdf/m/n on input line 41.
LaTeX Font Info:    ... okay on input line 41.
LaTeX Font Info:    Checking defaults for PU/pdf/m/n on input line 41.
LaTeX Font Info:    ... okay on input line 41.

*geometry* driver: auto-detecting
*geometry* detected driver: pdftex
*geometry* verbose mode - [ preamble ] result:
* driver: pdftex
* paper: a4paper
* layout: <same size as paper>
* layoutoffset:(h,v)=(0.0pt,0.0pt)
* modes: 
* h-part:(L,W,R)=(71.13188pt, 455.24411pt, 71.13188pt)
* v-part:(T,H,B)=(71.13188pt, 702.78308pt, 71.13188pt)
* \paperwidth=597.50787pt
* \paperheight=845.04684pt
* \textwidth=455.24411pt
* \textheight=702.78308pt
* \oddsidemargin=-1.1381pt
* \evensidemargin=-1.1381pt
* \topmargin=-38.1381pt
* \headheight=12.0pt
* \headsep=25.0pt
* \topskip=11.0pt
* \footskip=30.0pt
* \marginparwidth=50.0pt
* \marginparsep=10.0pt
* \columnsep=10.0pt
* \skip\footins=10.0pt plus 4.0pt minus 2.0pt
* \hoffset=0.0pt
* \voffset=0.0pt
* \mag=1000
* \@twocolumnfalse
* \@twosidefalse
* \@mparswitchfalse
* \@reversemarginfalse
* (1in=72.27pt=25.4mm, 1cm=28.453pt)

(/usr/share/texlive/texmf-dist/tex/context/base/mkii/supp-pdf.mkii
[Loading MPS to PDF converter (version 2006.09.02).]
\scratchcounter=\count301
\scratchdimen=\dimen193
\scratchbox=\box57
\nofMPsegments=\count302
\nofMParguments=\count303
\everyMPshowfont=\toks32
\MPscratchCnt=\count304
\MPscratchDim=\dimen194
\MPnumerator=\count305
\makeMPintoPDFobject=\count306
\everyMPtoPDFconversion=\toks33
) (/usr/share/texlive/texmf-dist/tex/latex/epstopdf-pkg/epstopdf-base.sty
Package: epstopdf-base 2020-01-24 v2.11 Base part for package epstopdf
Package epstopdf-base Info: Redefining graphics rule for `.eps' on input line 4
85.

(/usr/share/texlive/texmf-dist/tex/latex/latexconfig/epstopdf-sys.cfg
File: epstopdf-sys.cfg 2010/07/13 v1.3 Configuration of (r)epstopdf for TeX Liv
e
))
Package hyperref Info: Link coloring OFF on input line 41.

(/usr/share/texlive/texmf-dist/tex/latex/hyperref/nameref.sty
Package: nameref 2021-04-02 v2.47 Cross-referencing by name of section

(/usr/share/texlive/texmf-dist/tex/latex/refcount/refcount.sty
Package: refcount 2019/12/15 v3.6 Data extraction from label references (HO)
)
(/usr/share/texlive/texmf-dist/tex/generic/gettitlestring/gettitlestring.sty
Package: gettitlestring 2019/12/15 v1.6 Cleanup title references (HO)
)
\c@section@level=\count307
)
LaTeX Info: Redefining \ref on input line 41.
LaTeX Info: Redefining \pageref on input line 41.
LaTeX Info: Redefining \nameref on input line 41.

(./01_META2.out) (./01_META2.out)
\@outlinefile=\write3
\openout3 = `01_META2.out'.

Package caption Info: Begin \AtBeginDocument code.
Package caption Info: float package is loaded.
Package caption Info: End \AtBeginDocument code.
LaTeX Font Info:    Trying to load font information for U+msa on input line 44.


(/usr/share/texlive/texmf-dist/tex/latex/amsfonts/umsa.fd
File: umsa.fd 2013/01/14 v3.01 AMS symbols A
)
LaTeX Font Info:    Trying to load font information for U+msb on input line 44.


(/usr/share/texlive/texmf-dist/tex/latex/amsfonts/umsb.fd
File: umsb.fd 2013/01/14 v3.01 AMS symbols B
) [1

{/var/lib/texmf/fonts/map/pdftex/updmap/pdftex.map}] [2]
<FIGS/cell.png, id=197, 362.35374pt x 540.0175pt>
File: FIGS/cell.png Graphic file (type png)
<use FIGS/cell.png>
Package pdftex.def Info: FIGS/cell.png  used on input line 230.
(pdftex.def)             Requested size: 136.57462pt x 203.53606pt.
 [3]
<FIGS/dimensions.png, id=212, 417.56pt x 539.01375pt>
File: FIGS/dimensions.png Graphic file (type png)
<use FIGS/dimensions.png>
Package pdftex.def Info: FIGS/dimensions.png  used on input line 239.
(pdftex.def)             Requested size: 136.57462pt x 176.30417pt.

Overfull \hbox (16.27827pt too wide) in paragraph at lines 267--268
[][]\OT1/cmr/m/n/6 The ma-te-rial pa-ram-e-ters are de-fined in []Elas-tic-Ma-t
e-ri-al-DATA[]NH.m[]. The con-sti-tu-tive model is se-lected through \OT1/cmtt/
m/n/6 DATA.TYPE[]CONSTITUTIVE[]MODEL[]ALL
 []

[4 <./FIGS/cell.png> <./FIGS/dimensions.png>]
<FIGS/mesh.png, id=223, 427.5975pt x 625.33624pt>
File: FIGS/mesh.png Graphic file (type png)
<use FIGS/mesh.png>
Package pdftex.def Info: FIGS/mesh.png  used on input line 285.
(pdftex.def)             Requested size: 159.33821pt x 233.02153pt.

Overfull \hbox (2.43304pt too wide) in paragraph at lines 323--332
[]\OT1/cmr/m/n/10.95 Accordingly, the pre-scribed macro-scopic de-for-ma-tion i
s re-stricted to two com-po-nents: stretch-
 []

[5 <./FIGS/mesh.png>]
Overfull \hbox (1.33722pt too wide) in paragraph at lines 411--412
\OT1/cmr/m/n/6 boundary-condition sam-pling is spec-i-fied in []BC2v[]M.m[], wh
ere the pa-ram-e-ter bounds are \OT1/cmtt/m/n/6 ParameterDomain[]F[]11 = [-0.42
,0.42]\OT1/cmr/m/n/6 , \OT1/cmtt/m/n/6 ParameterDomain[]F[]12
 []

[6]
<FIGS/param_space.png, id=246, 821.0675pt x 622.325pt>
File: FIGS/param_space.png Graphic file (type png)
<use FIGS/param_space.png>
Package pdftex.def Info: FIGS/param_space.png  used on input line 433.
(pdftex.def)             Requested size: 455.24411pt x 345.0431pt.
 [7 <./FIGS/param_space.png>] [8]
Overfull \hbox (42.59811pt too wide) in paragraph at lines 572--573
\OT1/cmr/m/n/6 time[]GENERAL.m[]. In the present case, pe-ri-odic ho-mog-e-niza
-tion bound-ary con-di-tions are im-posed through []Dirich-let-COND-time[]Perio
dHomogQ4samALL.m[],
 []


Overfull \hbox (31.99272pt too wide) in paragraph at lines 572--573
\OT1/cmr/m/n/6 which calls []Pe-ri-od-icQ4[]homogCAN.m[]. For com-par-i-son, th
e ho-mo-ge-neous affine Dirich-let ver-sion is doc-u-mented in []Dirich-let-CON
D-time[]homogZEROall.m[].[] 
 []

LaTeX Font Info:    Trying to load font information for OMS+cmtt on input line 
661.
LaTeX Font Info:    No file OMScmtt.fd. on input line 661.

LaTeX Font Warning: Font shape `OMS/cmtt/m/n' undefined
(Font)              using `OMS/cmsy/m/n' instead
(Font)              for symbol `textbraceleft' on input line 661.


Overfull \hbox (90.03734pt too wide) in paragraph at lines 661--662
[][]\OT1/cmr/m/n/6 The stan-dard ROM ba-sis is gen-er-ated by run-ning []Run[]H
OMOG[]2p.m[] with in-put file []DATAIN-PUTS/Data[]M3std.m[], where \OT1/cmtt/m/
n/6 DATAoffline.Hyperreduction[]METHOD[]projection
 []


Overfull \hbox (15.87778pt too wide) in paragraph at lines 661--662
\OT1/cmtt/m/n/6 = 'STANDARD' \OT1/cmr/m/n/6 and \OT1/cmtt/m/n/6 DATA[]interp.ME
THOD[]SELECT[]REFERENCE[]MODE = 'STANDARD[]ROM'\OT1/cmr/m/n/6 . The of-fline co
n-struc-tion is per-formed in []De-ter-mine[]qinf[]qsup[]STDROM.m[].
 []

[9]
<FIGS/Graph_Singular_Values.png, id=292, 1304.875pt x 727.71875pt>
File: FIGS/Graph_Singular_Values.png Graphic file (type png)
<use FIGS/Graph_Singular_Values.png>
Package pdftex.def Info: FIGS/Graph_Singular_Values.png  used on input line 672
.
(pdftex.def)             Requested size: 355.08984pt x 198.03015pt.


LaTeX Warning: Reference `fig:...' on page 10 undefined on input line 685.

<FIGS/Modes_1.png, id=294, 374.39874pt x 516.93124pt>
File: FIGS/Modes_1.png Graphic file (type png)
<use FIGS/Modes_1.png>
Package pdftex.def Info: FIGS/Modes_1.png  used on input line 718.
(pdftex.def)             Requested size: 145.68144pt x 201.14488pt.
<FIGS/Modes_2.png, id=295, 374.39874pt x 516.93124pt>
File: FIGS/Modes_2.png Graphic file (type png)
<use FIGS/Modes_2.png>
Package pdftex.def Info: FIGS/Modes_2.png  used on input line 723.
(pdftex.def)             Requested size: 145.68144pt x 201.14488pt.
<FIGS/Modes_3.png, id=296, 374.39874pt x 516.93124pt>
File: FIGS/Modes_3.png Graphic file (type png)
<use FIGS/Modes_3.png>
Package pdftex.def Info: FIGS/Modes_3.png  used on input line 728.
(pdftex.def)             Requested size: 145.68144pt x 201.14488pt.
<FIGS/Modes_20.png, id=297, 374.39874pt x 516.93124pt>
File: FIGS/Modes_20.png Graphic file (type png)
<use FIGS/Modes_20.png>
Package pdftex.def Info: FIGS/Modes_20.png  used on input line 736.
(pdftex.def)             Requested size: 145.68144pt x 201.14488pt.
<FIGS/Modes_40.png, id=298, 374.39874pt x 516.93124pt>
File: FIGS/Modes_40.png Graphic file (type png)
<use FIGS/Modes_40.png>
Package pdftex.def Info: FIGS/Modes_40.png  used on input line 741.
(pdftex.def)             Requested size: 145.68144pt x 201.14488pt.
<FIGS/Modes_52.png, id=299, 359.3425pt x 503.8825pt>
File: FIGS/Modes_52.png Graphic file (type png)
<use FIGS/Modes_52.png>
Package pdftex.def Info: FIGS/Modes_52.png  used on input line 746.
(pdftex.def)             Requested size: 145.68144pt x 204.28658pt.
[10 <./FIGS/Graph_Singular_Values.png>] [11 <./FIGS/Modes_1.png> <./FIGS/Modes_
2.png> <./FIGS/Modes_3.png> <./FIGS/Modes_20.png> <./FIGS/Modes_40.png> <./FIGS
/Modes_52.png>]

! Package amsmath Error: Multiple \label's: label 'eq:aforce_orig' will be lost
.

See the amsmath package documentation for explanation.
Type  H <return>  for immediate help.
 ...                                              
                                                  
l.860     \label
                {eq:Aforce_training_matrix}
Your command was ignored.
Type  I <command> <return>  to replace it with another command,
or  <return>  to continue without it.

[12] [13] [14]
<FIGS/elems1.png, id=386, 398.48875pt x 621.32124pt>
File: FIGS/elems1.png Graphic file (type png)
<use FIGS/elems1.png>
Package pdftex.def Info: FIGS/elems1.png  used on input line 1083.
(pdftex.def)             Requested size: 159.33821pt x 248.43877pt.
 [15]
Overfull \hbox (81.51096pt too wide) in paragraph at lines 1105--1106
[]\OT1/cmr/m/n/6 OF-FLINE[]STAGE[]nonECM[]genFASTd.m[]. For pe-ri-odic bound-ar
y con-di-tions, the rel-e-vant op-er-a-tor is built as \OT1/cmtt/m/n/6 BstRED[]
l = OPERFE.Bst*OTHER[]output.DISP[]CONDITIONS.A*BasisU\OT1/cmr/m/n/6 ,
 []


Overfull \hbox (49.74536pt too wide) in paragraph at lines 1139--1140
[][] \OT1/cmr/m/n/6 The ma-trix of re-duced internal-force den-si-ties is as-se
m-bled in []OF-FLINE[]STAGE[]nonECM[]genFASTd.m[] through calls to []Ba-s-isF[]
from[]BasisStress[]PK1.m[].
 []

[16 <./FIGS/elems1.png>]
<FIGS/stressh1.png, id=413, 1178.4025pt x 689.57625pt>
File: FIGS/stressh1.png Graphic file (type png)
<use FIGS/stressh1.png>
Package pdftex.def Info: FIGS/stressh1.png  used on input line 1237.
(pdftex.def)             Requested size: 355.08984pt x 207.78989pt.
 [17]
<FIGS/case37.png, id=421, 1165.35374pt x 687.56876pt>
File: FIGS/case37.png Graphic file (type png)
<use FIGS/case37.png>
Package pdftex.def Info: FIGS/case37.png  used on input line 1248.
(pdftex.def)             Requested size: 355.08984pt x 209.50357pt.
 [18 <./FIGS/stressh1.png> <./FIGS/case37.png>]
[19]

LaTeX Warning: Reference `eq:aforce_orig' on page 20 undefined on input line 14
78.

[20] [21] [22] [23] [24] [25] [26]
<FIGS/m1m.png, id=561, 477.785pt x 620.3175pt>
File: FIGS/m1m.png Graphic file (type png)
<use FIGS/m1m.png>
Package pdftex.def Info: FIGS/m1m.png  used on input line 2379.
(pdftex.def)             Requested size: 136.57462pt x 177.31291pt.
<FIGS/m2m.png, id=562, 477.785pt x 620.3175pt>
File: FIGS/m2m.png Graphic file (type png)
<use FIGS/m2m.png>
Package pdftex.def Info: FIGS/m2m.png  used on input line 2385.
(pdftex.def)             Requested size: 136.57462pt x 177.31291pt.
 [27]
<FIGS/slv1.png, id=569, 477.785pt x 620.3175pt>
File: FIGS/slv1.png Graphic file (type png)
<use FIGS/slv1.png>
Package pdftex.def Info: FIGS/slv1.png  used on input line 2399.
(pdftex.def)             Requested size: 104.7042pt x 135.93074pt.
<FIGS/slv5.png, id=570, 477.785pt x 620.3175pt>
File: FIGS/slv5.png Graphic file (type png)
<use FIGS/slv5.png>
Package pdftex.def Info: FIGS/slv5.png  used on input line 2404.
(pdftex.def)             Requested size: 104.7042pt x 135.93074pt.
<FIGS/slv13.png, id=571, 477.785pt x 620.3175pt>
File: FIGS/slv13.png Graphic file (type png)
<use FIGS/slv13.png>
Package pdftex.def Info: FIGS/slv13.png  used on input line 2409.
(pdftex.def)             Requested size: 104.7042pt x 135.93074pt.

Underfull \hbox (badness 10000) in paragraph at lines 2410--2410
[]\OT1/cmr/m/n/10 (c) |Slave mode 13
 []

<FIGS/slv44.png, id=572, 367.3725pt x 566.115pt>
File: FIGS/slv44.png Graphic file (type png)
<use FIGS/slv44.png>
Package pdftex.def Info: FIGS/slv44.png  used on input line 2414.
(pdftex.def)             Requested size: 91.04742pt x 140.30177pt.

Underfull \hbox (badness 1248) in paragraph at lines 2415--2415
[]\OT1/cmr/m/n/10 (d) |Slave mode 44
 []

[28 <./FIGS/m1m.png> <./FIGS/m2m.png> <./FIGS/slv1.png> <./FIGS/slv5.png> <./FI
GS/slv13.png> <./FIGS/slv44.png>]
<FIGS/rbf1.png, id=591, 1209.51875pt x 725.71124pt>
File: FIGS/rbf1.png Graphic file (type png)
<use FIGS/rbf1.png>
Package pdftex.def Info: FIGS/rbf1.png  used on input line 2471.
(pdftex.def)             Requested size: 218.51521pt x 131.09854pt.
<FIGS/rbf6.png, id=592, 1285.80376pt x 706.64pt>
File: FIGS/rbf6.png Graphic file (type png)
<use FIGS/rbf6.png>
Package pdftex.def Info: FIGS/rbf6.png  used on input line 2477.
(pdftex.def)             Requested size: 218.51521pt x 120.08408pt.
<FIGS/rbf13.png, id=593, 1228.59pt x 665.48625pt>
File: FIGS/rbf13.png Graphic file (type png)
<use FIGS/rbf13.png>
Package pdftex.def Info: FIGS/rbf13.png  used on input line 2490.
(pdftex.def)             Requested size: 218.51521pt x 118.36072pt.
<FIGS/rbf44.png, id=594, 1302.8675pt x 725.71124pt>
File: FIGS/rbf44.png Graphic file (type png)
<use FIGS/rbf44.png>
Package pdftex.def Info: FIGS/rbf44.png  used on input line 2496.
(pdftex.def)             Requested size: 218.51521pt x 121.70825pt.

Overfull \hbox (39.11958pt too wide) in paragraph at lines 2526--2527
\OT1/cmr/m/n/6 lected with \OT1/cmtt/m/n/6 DATAoffline.Hyperreduction[]METHOD[]
projection = 'STANDARD'\OT1/cmr/m/n/6 . The iden-ti-fi-ca-tion $\OML/cmm/b/it/6
 q[] \OMS/cmtt/m/n/6 ^^Q \OML/cmm/b/it/6 ^^V$ \OT1/cmr/m/n/6 is im-posed throug
h \OT1/cmtt/m/n/6 DATA[]interp.MethodSelectMasterModes[]2var
 []

[29 <./FIGS/rbf1.png> <./FIGS/rbf6.png> <./FIGS/rbf13.png> <./FIGS/rbf44.png>]
<FIGS/p146.png, id=621, 449.68pt x 625.33624pt>
File: FIGS/p146.png Graphic file (type png)
<use FIGS/p146.png>
Package pdftex.def Info: FIGS/p146.png  used on input line 2633.
(pdftex.def)             Requested size: 191.20169pt x 265.8932pt.
<FIGS/p54.png, id=622, 364.36125pt x 558.085pt>
File: FIGS/p54.png Graphic file (type png)
<use FIGS/p54.png>
Package pdftex.def Info: FIGS/p54.png  used on input line 2639.
(pdftex.def)             Requested size: 172.99498pt x 264.9654pt.

[30]
Overfull \hbox (24.99254pt too wide) in paragraph at lines 2677--2678
[][] \OT1/cmr/m/n/6 The equilibrium--output case is run from []Run[]HOMOG[]2p.m
[] with in-put file []Data[]M4[]hyperSTD.m[]. The flags are \OT1/cmtt/m/n/6 DAT
Aoffline.ECMforReactionForces
 []

[31 <./FIGS/p146.png> <./FIGS/p54.png>]
Overfull \hbox (5.9781pt too wide) in paragraph at lines 2813--2827
 [][] 
 []

[32] [33] [34] [35] [36] [37] [38] (./01_META2.bbl [39]) [40] (./01_META2.aux)

LaTeX Font Warning: Some font shapes were not available, defaults substituted.


LaTeX Warning: There were undefined references.

Package rerunfilecheck Info: File `01_META2.out' has not changed.
(rerunfilecheck)             Checksum: C635189196B203D2C15A17BA581B391F;9776.
 ) 
Here is how much of TeX's memory you used:
 14321 strings out of 478287
 223955 string characters out of 5849289
 540854 words of memory out of 5000000
 32083 multiletter control sequences out of 15000+600000
 487823 words of font info for 96 fonts, out of 8000000 for 9000
 1141 hyphenation exceptions out of 8191
 68i,12n,77p,1588b,595s stack positions out of 5000i,500n,10000p,200000b,80000s
{/usr/share/texmf/fonts/enc/dvips/cm-super/cm-super-ts1.enc}</usr/share/texli
ve/texmf-dist/fonts/type1/public/amsfonts/cm/cmbsy10.pfb></usr/share/texlive/te
xmf-dist/fonts/type1/public/amsfonts/cm/cmbx10.pfb></usr/share/texlive/texmf-di
st/fonts/type1/public/amsfonts/cm/cmbx12.pfb></usr/share/texlive/texmf-dist/fon
ts/type1/public/amsfonts/cm/cmbx6.pfb></usr/share/texlive/texmf-dist/fonts/type
1/public/amsfonts/cm/cmbx8.pfb></usr/share/texlive/texmf-dist/fonts/type1/publi
c/amsfonts/cm/cmex10.pfb></usr/share/texlive/texmf-dist/fonts/type1/public/amsf
onts/cmextra/cmex7.pfb></usr/share/texlive/texmf-dist/fonts/type1/public/amsfon
ts/cmextra/cmex8.pfb></usr/share/texlive/texmf-dist/fonts/type1/public/amsfonts
/cm/cmmi10.pfb></usr/share/texlive/texmf-dist/fonts/type1/public/amsfonts/cm/cm
mi5.pfb></usr/share/texlive/texmf-dist/fonts/type1/public/amsfonts/cm/cmmi6.pfb
></usr/share/texlive/texmf-dist/fonts/type1/public/amsfonts/cm/cmmi7.pfb></usr/
share/texlive/texmf-dist/fonts/type1/public/amsfonts/cm/cmmi8.pfb></usr/share/t
exlive/texmf-dist/fonts/type1/public/amsfonts/cm/cmmi9.pfb></usr/share/texlive/
texmf-dist/fonts/type1/public/amsfonts/cm/cmmib10.pfb></usr/share/texlive/texmf
-dist/fonts/type1/public/amsfonts/cmextra/cmmib6.pfb></usr/share/texlive/texmf-
dist/fonts/type1/public/amsfonts/cmextra/cmmib8.pfb></usr/share/texlive/texmf-d
ist/fonts/type1/public/amsfonts/cmextra/cmmib9.pfb></usr/share/texlive/texmf-di
st/fonts/type1/public/amsfonts/cm/cmr10.pfb></usr/share/texlive/texmf-dist/font
s/type1/public/amsfonts/cm/cmr12.pfb></usr/share/texlive/texmf-dist/fonts/type1
/public/amsfonts/cm/cmr17.pfb></usr/share/texlive/texmf-dist/fonts/type1/public
/amsfonts/cm/cmr5.pfb></usr/share/texlive/texmf-dist/fonts/type1/public/amsfont
s/cm/cmr6.pfb></usr/share/texlive/texmf-dist/fonts/type1/public/amsfonts/cm/cmr
7.pfb></usr/share/texlive/texmf-dist/fonts/type1/public/amsfonts/cm/cmr8.pfb></
usr/share/texlive/texmf-dist/fonts/type1/public/amsfonts/cm/cmr9.pfb></usr/shar
e/texlive/texmf-dist/fonts/type1/public/amsfonts/cm/cmsy10.pfb></usr/share/texl
ive/texmf-dist/fonts/type1/public/amsfonts/cm/cmsy5.pfb></usr/share/texlive/tex
mf-dist/fonts/type1/public/amsfonts/cm/cmsy6.pfb></usr/share/texlive/texmf-dist
/fonts/type1/public/amsfonts/cm/cmsy8.pfb></usr/share/texlive/texmf-dist/fonts/
type1/public/amsfonts/cm/cmti10.pfb></usr/share/texlive/texmf-dist/fonts/type1/
public/amsfonts/cm/cmtt8.pfb></usr/share/texlive/texmf-dist/fonts/type1/public/
amsfonts/symbols/msbm10.pfb></usr/share/texlive/texmf-dist/fonts/type1/public/a
msfonts/symbols/msbm7.pfb></usr/share/texmf/fonts/type1/public/cm-super/sfrm109
5.pfb>
Output written on 01_META2.pdf (40 pages, 1103814 bytes).
PDF statistics:
 953 PDF objects out of 1000 (max. 8388607)
 780 compressed objects within 8 object streams
 205 named destinations out of 1000 (max. 500000)
 475 words of extra memory for PDF output out of 10000 (max. 10000000)

