Dataset generated for SmallStrainIsotropicPlasticityPlaneStressVonMisesVonMises

CASE 1
	Theta = 0.0, Phi = 0.0
	Target strain = [0.005, 0.0, 0.0]

CASE 2
	Theta = 20.0, Phi = 0.0
	Target strain = [0.004698463103929542, 0.0017101007166283437, 0.0]

CASE 3
	Theta = 20.0, Phi = 20.0
	Target strain = [0.004698463103929542, 0.0016069690242163485, 0.0011697777844051098]

CASE 4
	Theta = 20.0, Phi = 40.0
	Target strain = [0.004698463103929542, 0.0013100131511469247, 0.0021984631039295415]

CASE 5
	Theta = 20.0, Phi = 60.0
	Target strain = [0.004698463103929542, 0.000855050358314172, 0.0029619813272602383]

CASE 6
	Theta = 20.0, Phi = 80.0
	Target strain = [0.004698463103929542, 0.0002969558730694236, 0.0033682408883346517]

CASE 7
	Theta = 20.0, Phi = 100.0
	Target strain = [0.004698463103929542, -0.0002969558730694234, 0.0033682408883346517]

CASE 8
	Theta = 20.0, Phi = 120.0
	Target strain = [0.004698463103929542, -0.0008550503583141714, 0.0029619813272602387]

CASE 9
	Theta = 20.0, Phi = 140.0
	Target strain = [0.004698463103929542, -0.0013100131511469247, 0.0021984631039295424]

CASE 10
	Theta = 20.0, Phi = 160.0
	Target strain = [0.004698463103929542, -0.001606969024216348, 0.0011697777844051102]

CASE 11
	Theta = 20.0, Phi = 180.0
	Target strain = [0.004698463103929542, -0.0017101007166283437, 4.188538737676992e-19]

CASE 12
	Theta = 20.0, Phi = 200.0
	Target strain = [0.004698463103929542, -0.0016069690242163485, -0.0011697777844051095]

CASE 13
	Theta = 20.0, Phi = 220.0
	Target strain = [0.004698463103929542, -0.0013100131511469247, -0.0021984631039295415]

CASE 14
	Theta = 20.0, Phi = 240.0
	Target strain = [0.004698463103929542, -0.0008550503583141725, -0.0029619813272602374]

CASE 15
	Theta = 20.0, Phi = 260.0
	Target strain = [0.004698463103929542, -0.0002969558730694235, -0.0033682408883346517]

CASE 16
	Theta = 20.0, Phi = 280.0
	Target strain = [0.004698463103929542, 0.00029695587306942286, -0.0033682408883346517]

CASE 17
	Theta = 20.0, Phi = 300.0
	Target strain = [0.004698463103929542, 0.000855050358314172, -0.0029619813272602383]

CASE 18
	Theta = 20.0, Phi = 320.0
	Target strain = [0.004698463103929542, 0.0013100131511469242, -0.002198463103929543]

CASE 19
	Theta = 20.0, Phi = 340.0
	Target strain = [0.004698463103929542, 0.0016069690242163485, -0.0011697777844051093]

CASE 20
	Theta = 20.0, Phi = 360.0
	Target strain = [0.004698463103929542, 0.0017101007166283437, -8.377077475353984e-19]

CASE 21
	Theta = 40.0, Phi = 0.0
	Target strain = [0.0038302222155948903, 0.003213938048432696, 0.0]

CASE 22
	Theta = 40.0, Phi = 20.0
	Target strain = [0.0038302222155948903, 0.0030201138677752684, 0.0021984631039295415]

CASE 23
	Theta = 40.0, Phi = 40.0
	Target strain = [0.0038302222155948903, 0.00246201938253052, 0.004131759111665348]

CASE 24
	Theta = 40.0, Phi = 60.0
	Target strain = [0.0038302222155948903, 0.0016069690242163485, 0.005566703992264193]

CASE 25
	Theta = 40.0, Phi = 80.0
	Target strain = [0.0038302222155948903, 0.0005580944852447484, 0.00633022221559489]

CASE 26
	Theta = 40.0, Phi = 100.0
	Target strain = [0.0038302222155948903, -0.0005580944852447481, 0.00633022221559489]

CASE 27
	Theta = 40.0, Phi = 120.0
	Target strain = [0.0038302222155948903, -0.0016069690242163474, 0.005566703992264194]

CASE 28
	Theta = 40.0, Phi = 140.0
	Target strain = [0.0038302222155948903, -0.0024620193825305196, 0.0041317591116653484]

CASE 29
	Theta = 40.0, Phi = 160.0
	Target strain = [0.0038302222155948903, -0.0030201138677752684, 0.002198463103929543]

CASE 30
	Theta = 40.0, Phi = 180.0
	Target strain = [0.0038302222155948903, -0.003213938048432696, 7.871877887341985e-19]

CASE 31
	Theta = 40.0, Phi = 200.0
	Target strain = [0.0038302222155948903, -0.0030201138677752684, -0.0021984631039295415]

CASE 32
	Theta = 40.0, Phi = 220.0
	Target strain = [0.0038302222155948903, -0.00246201938253052, -0.004131759111665348]

CASE 33
	Theta = 40.0, Phi = 240.0
	Target strain = [0.0038302222155948903, -0.0016069690242163496, -0.005566703992264192]

CASE 34
	Theta = 40.0, Phi = 260.0
	Target strain = [0.0038302222155948903, -0.0005580944852447482, -0.00633022221559489]

CASE 35
	Theta = 40.0, Phi = 280.0
	Target strain = [0.0038302222155948903, 0.000558094485244747, -0.00633022221559489]

CASE 36
	Theta = 40.0, Phi = 300.0
	Target strain = [0.0038302222155948903, 0.0016069690242163485, -0.005566703992264193]

CASE 37
	Theta = 40.0, Phi = 320.0
	Target strain = [0.0038302222155948903, 0.002462019382530519, -0.004131759111665349]

CASE 38
	Theta = 40.0, Phi = 340.0
	Target strain = [0.0038302222155948903, 0.0030201138677752684, -0.0021984631039295406]

CASE 39
	Theta = 40.0, Phi = 360.0
	Target strain = [0.0038302222155948903, 0.003213938048432696, -1.574375577468397e-18]

CASE 40
	Theta = 60.0, Phi = 0.0
	Target strain = [0.0025000000000000005, 0.004330127018922193, 0.0]

CASE 41
	Theta = 60.0, Phi = 20.0
	Target strain = [0.0025000000000000005, 0.004068988406746869, 0.0029619813272602383]

CASE 42
	Theta = 60.0, Phi = 40.0
	Target strain = [0.0025000000000000005, 0.003317069740844692, 0.005566703992264193]

CASE 43
	Theta = 60.0, Phi = 60.0
	Target strain = [0.0025000000000000005, 0.002165063509461097, 0.007499999999999999]

CASE 44
	Theta = 60.0, Phi = 80.0
	Target strain = [0.0025000000000000005, 0.0007519186659021768, 0.008528685319524432]

CASE 45
	Theta = 60.0, Phi = 100.0
	Target strain = [0.0025000000000000005, -0.0007519186659021762, 0.008528685319524432]

CASE 46
	Theta = 60.0, Phi = 120.0
	Target strain = [0.0025000000000000005, -0.0021650635094610958, 0.0075]

CASE 47
	Theta = 60.0, Phi = 140.0
	Target strain = [0.0025000000000000005, -0.0033170697408446913, 0.0055667039922641945]

CASE 48
	Theta = 60.0, Phi = 160.0
	Target strain = [0.0025000000000000005, -0.004068988406746868, 0.0029619813272602396]

CASE 49
	Theta = 60.0, Phi = 180.0
	Target strain = [0.0025000000000000005, -0.004330127018922193, 1.060575238724907e-18]

CASE 50
	Theta = 60.0, Phi = 200.0
	Target strain = [0.0025000000000000005, -0.004068988406746869, -0.0029619813272602374]

CASE 51
	Theta = 60.0, Phi = 220.0
	Target strain = [0.0025000000000000005, -0.003317069740844692, -0.005566703992264193]

CASE 52
	Theta = 60.0, Phi = 240.0
	Target strain = [0.0025000000000000005, -0.0021650635094610984, -0.007499999999999997]

CASE 53
	Theta = 60.0, Phi = 260.0
	Target strain = [0.0025000000000000005, -0.0007519186659021764, -0.008528685319524432]

CASE 54
	Theta = 60.0, Phi = 280.0
	Target strain = [0.0025000000000000005, 0.0007519186659021748, -0.008528685319524432]

CASE 55
	Theta = 60.0, Phi = 300.0
	Target strain = [0.0025000000000000005, 0.002165063509461097, -0.007499999999999999]

CASE 56
	Theta = 60.0, Phi = 320.0
	Target strain = [0.0025000000000000005, 0.003317069740844691, -0.005566703992264196]

CASE 57
	Theta = 60.0, Phi = 340.0
	Target strain = [0.0025000000000000005, 0.004068988406746869, -0.002961981327260237]

CASE 58
	Theta = 60.0, Phi = 360.0
	Target strain = [0.0025000000000000005, 0.004330127018922193, -2.121150477449814e-18]

CASE 59
	Theta = 80.0, Phi = 0.0
	Target strain = [0.0008682408883346521, 0.00492403876506104, 0.0]

CASE 60
	Theta = 80.0, Phi = 20.0
	Target strain = [0.0008682408883346521, 0.004627082891991617, 0.0033682408883346517]

CASE 61
	Theta = 80.0, Phi = 40.0
	Target strain = [0.0008682408883346521, 0.0037720325336774445, 0.00633022221559489]

CASE 62
	Theta = 80.0, Phi = 60.0
	Target strain = [0.0008682408883346521, 0.0024620193825305205, 0.008528685319524432]

CASE 63
	Theta = 80.0, Phi = 80.0
	Target strain = [0.0008682408883346521, 0.0008550503583141721, 0.009698463103929541]

CASE 64
	Theta = 80.0, Phi = 100.0
	Target strain = [0.0008682408883346521, -0.0008550503583141716, 0.009698463103929541]

CASE 65
	Theta = 80.0, Phi = 120.0
	Target strain = [0.0008682408883346521, -0.002462019382530519, 0.008528685319524432]

CASE 66
	Theta = 80.0, Phi = 140.0
	Target strain = [0.0008682408883346521, -0.003772032533677444, 0.006330222215594892]

CASE 67
	Theta = 80.0, Phi = 160.0
	Target strain = [0.0008682408883346521, -0.004627082891991616, 0.0033682408883346534]

CASE 68
	Theta = 80.0, Phi = 180.0
	Target strain = [0.0008682408883346521, -0.00492403876506104, 1.2060416625018977e-18]

CASE 69
	Theta = 80.0, Phi = 200.0
	Target strain = [0.0008682408883346521, -0.004627082891991617, -0.003368240888334651]

CASE 70
	Theta = 80.0, Phi = 220.0
	Target strain = [0.0008682408883346521, -0.0037720325336774445, -0.00633022221559489]

CASE 71
	Theta = 80.0, Phi = 240.0
	Target strain = [0.0008682408883346521, -0.002462019382530522, -0.008528685319524429]

CASE 72
	Theta = 80.0, Phi = 260.0
	Target strain = [0.0008682408883346521, -0.0008550503583141716, -0.009698463103929541]

CASE 73
	Theta = 80.0, Phi = 280.0
	Target strain = [0.0008682408883346521, 0.00085505035831417, -0.009698463103929543]

CASE 74
	Theta = 80.0, Phi = 300.0
	Target strain = [0.0008682408883346521, 0.0024620193825305205, -0.008528685319524432]

CASE 75
	Theta = 80.0, Phi = 320.0
	Target strain = [0.0008682408883346521, 0.0037720325336774436, -0.0063302222155948926]

CASE 76
	Theta = 80.0, Phi = 340.0
	Target strain = [0.0008682408883346521, 0.004627082891991617, -0.0033682408883346504]

CASE 77
	Theta = 80.0, Phi = 360.0
	Target strain = [0.0008682408883346521, 0.00492403876506104, -2.4120833250037953e-18]

CASE 78
	Theta = 100.0, Phi = 0.0
	Target strain = [-0.0008682408883346515, 0.00492403876506104, 0.0]

CASE 79
	Theta = 100.0, Phi = 20.0
	Target strain = [-0.0008682408883346515, 0.004627082891991617, 0.0033682408883346517]

CASE 80
	Theta = 100.0, Phi = 40.0
	Target strain = [-0.0008682408883346515, 0.0037720325336774445, 0.00633022221559489]

CASE 81
	Theta = 100.0, Phi = 60.0
	Target strain = [-0.0008682408883346515, 0.0024620193825305205, 0.008528685319524432]

CASE 82
	Theta = 100.0, Phi = 80.0
	Target strain = [-0.0008682408883346515, 0.0008550503583141721, 0.009698463103929541]

CASE 83
	Theta = 100.0, Phi = 100.0
	Target strain = [-0.0008682408883346515, -0.0008550503583141716, 0.009698463103929541]

CASE 84
	Theta = 100.0, Phi = 120.0
	Target strain = [-0.0008682408883346515, -0.002462019382530519, 0.008528685319524432]

CASE 85
	Theta = 100.0, Phi = 140.0
	Target strain = [-0.0008682408883346515, -0.003772032533677444, 0.006330222215594892]

CASE 86
	Theta = 100.0, Phi = 160.0
	Target strain = [-0.0008682408883346515, -0.004627082891991616, 0.0033682408883346534]

CASE 87
	Theta = 100.0, Phi = 180.0
	Target strain = [-0.0008682408883346515, -0.00492403876506104, 1.2060416625018977e-18]

CASE 88
	Theta = 100.0, Phi = 200.0
	Target strain = [-0.0008682408883346515, -0.004627082891991617, -0.003368240888334651]

CASE 89
	Theta = 100.0, Phi = 220.0
	Target strain = [-0.0008682408883346515, -0.0037720325336774445, -0.00633022221559489]

CASE 90
	Theta = 100.0, Phi = 240.0
	Target strain = [-0.0008682408883346515, -0.002462019382530522, -0.008528685319524429]

CASE 91
	Theta = 100.0, Phi = 260.0
	Target strain = [-0.0008682408883346515, -0.0008550503583141716, -0.009698463103929541]

CASE 92
	Theta = 100.0, Phi = 280.0
	Target strain = [-0.0008682408883346515, 0.00085505035831417, -0.009698463103929543]

CASE 93
	Theta = 100.0, Phi = 300.0
	Target strain = [-0.0008682408883346515, 0.0024620193825305205, -0.008528685319524432]

CASE 94
	Theta = 100.0, Phi = 320.0
	Target strain = [-0.0008682408883346515, 0.0037720325336774436, -0.0063302222155948926]

CASE 95
	Theta = 100.0, Phi = 340.0
	Target strain = [-0.0008682408883346515, 0.004627082891991617, -0.0033682408883346504]

CASE 96
	Theta = 100.0, Phi = 360.0
	Target strain = [-0.0008682408883346515, 0.00492403876506104, -2.4120833250037953e-18]

CASE 97
	Theta = 120.0, Phi = 0.0
	Target strain = [-0.0024999999999999988, 0.004330127018922193, 0.0]

CASE 98
	Theta = 120.0, Phi = 20.0
	Target strain = [-0.0024999999999999988, 0.004068988406746869, 0.0029619813272602387]

CASE 99
	Theta = 120.0, Phi = 40.0
	Target strain = [-0.0024999999999999988, 0.003317069740844692, 0.005566703992264194]

CASE 100
	Theta = 120.0, Phi = 60.0
	Target strain = [-0.0024999999999999988, 0.0021650635094610975, 0.0075]

CASE 101
	Theta = 120.0, Phi = 80.0
	Target strain = [-0.0024999999999999988, 0.0007519186659021768, 0.008528685319524432]

CASE 102
	Theta = 120.0, Phi = 100.0
	Target strain = [-0.0024999999999999988, -0.0007519186659021764, 0.008528685319524432]

CASE 103
	Theta = 120.0, Phi = 120.0
	Target strain = [-0.0024999999999999988, -0.002165063509461096, 0.0075000000000000015]

CASE 104
	Theta = 120.0, Phi = 140.0
	Target strain = [-0.0024999999999999988, -0.0033170697408446913, 0.005566703992264196]

CASE 105
	Theta = 120.0, Phi = 160.0
	Target strain = [-0.0024999999999999988, -0.004068988406746869, 0.0029619813272602396]

CASE 106
	Theta = 120.0, Phi = 180.0
	Target strain = [-0.0024999999999999988, -0.004330127018922193, 1.060575238724907e-18]

CASE 107
	Theta = 120.0, Phi = 200.0
	Target strain = [-0.0024999999999999988, -0.004068988406746869, -0.0029619813272602383]

CASE 108
	Theta = 120.0, Phi = 220.0
	Target strain = [-0.0024999999999999988, -0.003317069740844692, -0.005566703992264194]

CASE 109
	Theta = 120.0, Phi = 240.0
	Target strain = [-0.0024999999999999988, -0.002165063509461099, -0.007499999999999998]

CASE 110
	Theta = 120.0, Phi = 260.0
	Target strain = [-0.0024999999999999988, -0.0007519186659021765, -0.008528685319524432]

CASE 111
	Theta = 120.0, Phi = 280.0
	Target strain = [-0.0024999999999999988, 0.000751918665902175, -0.008528685319524434]

CASE 112
	Theta = 120.0, Phi = 300.0
	Target strain = [-0.0024999999999999988, 0.0021650635094610975, -0.0075]

CASE 113
	Theta = 120.0, Phi = 320.0
	Target strain = [-0.0024999999999999988, 0.0033170697408446913, -0.005566703992264196]

CASE 114
	Theta = 120.0, Phi = 340.0
	Target strain = [-0.0024999999999999988, 0.004068988406746869, -0.0029619813272602374]

CASE 115
	Theta = 120.0, Phi = 360.0
	Target strain = [-0.0024999999999999988, 0.004330127018922193, -2.121150477449814e-18]

CASE 116
	Theta = 140.0, Phi = 0.0
	Target strain = [-0.0038302222155948895, 0.0032139380484326975, 0.0]

CASE 117
	Theta = 140.0, Phi = 20.0
	Target strain = [-0.0038302222155948895, 0.0030201138677752692, 0.0021984631039295424]

CASE 118
	Theta = 140.0, Phi = 40.0
	Target strain = [-0.0038302222155948895, 0.0024620193825305205, 0.0041317591116653484]

CASE 119
	Theta = 140.0, Phi = 60.0
	Target strain = [-0.0038302222155948895, 0.001606969024216349, 0.0055667039922641945]

CASE 120
	Theta = 140.0, Phi = 80.0
	Target strain = [-0.0038302222155948895, 0.0005580944852447487, 0.006330222215594892]

CASE 121
	Theta = 140.0, Phi = 100.0
	Target strain = [-0.0038302222155948895, -0.0005580944852447483, 0.006330222215594892]

CASE 122
	Theta = 140.0, Phi = 120.0
	Target strain = [-0.0038302222155948895, -0.0016069690242163479, 0.005566703992264196]

CASE 123
	Theta = 140.0, Phi = 140.0
	Target strain = [-0.0038302222155948895, -0.0024620193825305205, 0.00413175911166535]

CASE 124
	Theta = 140.0, Phi = 160.0
	Target strain = [-0.0038302222155948895, -0.003020113867775269, 0.0021984631039295432]

CASE 125
	Theta = 140.0, Phi = 180.0
	Target strain = [-0.0038302222155948895, -0.0032139380484326975, 7.871877887341988e-19]

CASE 126
	Theta = 140.0, Phi = 200.0
	Target strain = [-0.0038302222155948895, -0.0030201138677752692, -0.002198463103929542]

CASE 127
	Theta = 140.0, Phi = 220.0
	Target strain = [-0.0038302222155948895, -0.0024620193825305205, -0.0041317591116653484]

CASE 128
	Theta = 140.0, Phi = 240.0
	Target strain = [-0.0038302222155948895, -0.00160696902421635, -0.005566703992264194]

CASE 129
	Theta = 140.0, Phi = 260.0
	Target strain = [-0.0038302222155948895, -0.0005580944852447483, -0.006330222215594892]

CASE 130
	Theta = 140.0, Phi = 280.0
	Target strain = [-0.0038302222155948895, 0.0005580944852447472, -0.006330222215594892]

CASE 131
	Theta = 140.0, Phi = 300.0
	Target strain = [-0.0038302222155948895, 0.001606969024216349, -0.0055667039922641945]

CASE 132
	Theta = 140.0, Phi = 320.0
	Target strain = [-0.0038302222155948895, 0.00246201938253052, -0.004131759111665351]

CASE 133
	Theta = 140.0, Phi = 340.0
	Target strain = [-0.0038302222155948895, 0.0030201138677752692, -0.0021984631039295415]

CASE 134
	Theta = 140.0, Phi = 360.0
	Target strain = [-0.0038302222155948895, 0.0032139380484326975, -1.5743755774683976e-18]

CASE 135
	Theta = 160.0, Phi = 0.0
	Target strain = [-0.004698463103929542, 0.0017101007166283443, 0.0]

CASE 136
	Theta = 160.0, Phi = 20.0
	Target strain = [-0.004698463103929542, 0.001606969024216349, 0.0011697777844051102]

CASE 137
	Theta = 160.0, Phi = 40.0
	Target strain = [-0.004698463103929542, 0.0013100131511469253, 0.002198463103929543]

CASE 138
	Theta = 160.0, Phi = 60.0
	Target strain = [-0.004698463103929542, 0.0008550503583141724, 0.0029619813272602396]

CASE 139
	Theta = 160.0, Phi = 80.0
	Target strain = [-0.004698463103929542, 0.0002969558730694238, 0.0033682408883346534]

CASE 140
	Theta = 160.0, Phi = 100.0
	Target strain = [-0.004698463103929542, -0.0002969558730694236, 0.0033682408883346534]

CASE 141
	Theta = 160.0, Phi = 120.0
	Target strain = [-0.004698463103929542, -0.0008550503583141718, 0.0029619813272602396]

CASE 142
	Theta = 160.0, Phi = 140.0
	Target strain = [-0.004698463103929542, -0.0013100131511469251, 0.0021984631039295432]

CASE 143
	Theta = 160.0, Phi = 160.0
	Target strain = [-0.004698463103929542, -0.001606969024216349, 0.0011697777844051108]

CASE 144
	Theta = 160.0, Phi = 180.0
	Target strain = [-0.004698463103929542, -0.0017101007166283443, 4.188538737676994e-19]

CASE 145
	Theta = 160.0, Phi = 200.0
	Target strain = [-0.004698463103929542, -0.001606969024216349, -0.0011697777844051102]

CASE 146
	Theta = 160.0, Phi = 220.0
	Target strain = [-0.004698463103929542, -0.0013100131511469253, -0.002198463103929543]

CASE 147
	Theta = 160.0, Phi = 240.0
	Target strain = [-0.004698463103929542, -0.0008550503583141729, -0.0029619813272602387]

CASE 148
	Theta = 160.0, Phi = 260.0
	Target strain = [-0.004698463103929542, -0.0002969558730694236, -0.0033682408883346534]

CASE 149
	Theta = 160.0, Phi = 280.0
	Target strain = [-0.004698463103929542, 0.000296955873069423, -0.0033682408883346534]

CASE 150
	Theta = 160.0, Phi = 300.0
	Target strain = [-0.004698463103929542, 0.0008550503583141724, -0.0029619813272602396]

CASE 151
	Theta = 160.0, Phi = 320.0
	Target strain = [-0.004698463103929542, 0.001310013151146925, -0.0021984631039295437]

CASE 152
	Theta = 160.0, Phi = 340.0
	Target strain = [-0.004698463103929542, 0.001606969024216349, -0.00116977778440511]

CASE 153
	Theta = 160.0, Phi = 360.0
	Target strain = [-0.004698463103929542, 0.0017101007166283443, -8.377077475353988e-19]

CASE 154
	Theta = 180.0, Phi = 0.0
	Target strain = [-0.005, 6.123233995736766e-19, 0.0]

CASE 155
	Theta = 180.0, Phi = 20.0
	Target strain = [-0.005, 5.7539578011392515e-19, 4.188538737676992e-19]

CASE 156
	Theta = 180.0, Phi = 40.0
	Target strain = [-0.005, 4.690669376351366e-19, 7.871877887341985e-19]

CASE 157
	Theta = 180.0, Phi = 60.0
	Target strain = [-0.005, 3.0616169978683835e-19, 1.060575238724907e-18]

CASE 158
	Theta = 180.0, Phi = 80.0
	Target strain = [-0.005, 1.0632884247878861e-19, 1.2060416625018977e-18]

CASE 159
	Theta = 180.0, Phi = 100.0
	Target strain = [-0.005, -1.0632884247878855e-19, 1.2060416625018977e-18]

CASE 160
	Theta = 180.0, Phi = 120.0
	Target strain = [-0.005, -3.061616997868382e-19, 1.060575238724907e-18]

CASE 161
	Theta = 180.0, Phi = 140.0
	Target strain = [-0.005, -4.690669376351365e-19, 7.871877887341988e-19]

CASE 162
	Theta = 180.0, Phi = 160.0
	Target strain = [-0.005, -5.7539578011392515e-19, 4.188538737676994e-19]

CASE 163
	Theta = 180.0, Phi = 180.0
	Target strain = [-0.005, -6.123233995736766e-19, 1.4997597826618577e-34]

CASE 164
	Theta = 180.0, Phi = 200.0
	Target strain = [-0.005, -5.7539578011392515e-19, -4.1885387376769914e-19]

CASE 165
	Theta = 180.0, Phi = 220.0
	Target strain = [-0.005, -4.690669376351366e-19, -7.871877887341985e-19]

CASE 166
	Theta = 180.0, Phi = 240.0
	Target strain = [-0.005, -3.0616169978683854e-19, -1.0605752387249065e-18]

CASE 167
	Theta = 180.0, Phi = 260.0
	Target strain = [-0.005, -1.0632884247878857e-19, -1.2060416625018977e-18]

CASE 168
	Theta = 180.0, Phi = 280.0
	Target strain = [-0.005, 1.0632884247878836e-19, -1.2060416625018978e-18]

CASE 169
	Theta = 180.0, Phi = 300.0
	Target strain = [-0.005, 3.0616169978683835e-19, -1.060575238724907e-18]

CASE 170
	Theta = 180.0, Phi = 320.0
	Target strain = [-0.005, 4.690669376351365e-19, -7.871877887341989e-19]

CASE 171
	Theta = 180.0, Phi = 340.0
	Target strain = [-0.005, 5.7539578011392515e-19, -4.1885387376769905e-19]

CASE 172
	Theta = 180.0, Phi = 360.0
	Target strain = [-0.005, 6.123233995736766e-19, -2.9995195653237153e-34]

CASE 173
	Theta = 200.0, Phi = 0.0
	Target strain = [-0.004698463103929542, -0.0017101007166283432, -0.0]

CASE 174
	Theta = 200.0, Phi = 20.0
	Target strain = [-0.004698463103929542, -0.001606969024216348, -0.0011697777844051095]

CASE 175
	Theta = 200.0, Phi = 40.0
	Target strain = [-0.004698463103929542, -0.0013100131511469247, -0.0021984631039295415]

CASE 176
	Theta = 200.0, Phi = 60.0
	Target strain = [-0.004698463103929542, -0.0008550503583141718, -0.0029619813272602374]

CASE 177
	Theta = 200.0, Phi = 80.0
	Target strain = [-0.004698463103929542, -0.0002969558730694236, -0.003368240888334651]

CASE 178
	Theta = 200.0, Phi = 100.0
	Target strain = [-0.004698463103929542, 0.0002969558730694234, -0.003368240888334651]

CASE 179
	Theta = 200.0, Phi = 120.0
	Target strain = [-0.004698463103929542, 0.0008550503583141713, -0.0029619813272602383]

CASE 180
	Theta = 200.0, Phi = 140.0
	Target strain = [-0.004698463103929542, 0.0013100131511469242, -0.002198463103929542]

CASE 181
	Theta = 200.0, Phi = 160.0
	Target strain = [-0.004698463103929542, 0.0016069690242163479, -0.0011697777844051102]

CASE 182
	Theta = 200.0, Phi = 180.0
	Target strain = [-0.004698463103929542, 0.0017101007166283432, -4.1885387376769914e-19]

CASE 183
	Theta = 200.0, Phi = 200.0
	Target strain = [-0.004698463103929542, 0.001606969024216348, 0.0011697777844051093]

CASE 184
	Theta = 200.0, Phi = 220.0
	Target strain = [-0.004698463103929542, 0.0013100131511469247, 0.0021984631039295415]

CASE 185
	Theta = 200.0, Phi = 240.0
	Target strain = [-0.004698463103929542, 0.0008550503583141724, 0.002961981327260237]

CASE 186
	Theta = 200.0, Phi = 260.0
	Target strain = [-0.004698463103929542, 0.0002969558730694234, 0.003368240888334651]

CASE 187
	Theta = 200.0, Phi = 280.0
	Target strain = [-0.004698463103929542, -0.00029695587306942286, 0.0033682408883346517]

CASE 188
	Theta = 200.0, Phi = 300.0
	Target strain = [-0.004698463103929542, -0.0008550503583141718, 0.0029619813272602374]

CASE 189
	Theta = 200.0, Phi = 320.0
	Target strain = [-0.004698463103929542, -0.001310013151146924, 0.0021984631039295424]

CASE 190
	Theta = 200.0, Phi = 340.0
	Target strain = [-0.004698463103929542, -0.001606969024216348, 0.0011697777844051091]

CASE 191
	Theta = 200.0, Phi = 360.0
	Target strain = [-0.004698463103929542, -0.0017101007166283432, 8.377077475353983e-19]

CASE 192
	Theta = 220.0, Phi = 0.0
	Target strain = [-0.0038302222155948903, -0.003213938048432696, -0.0]

CASE 193
	Theta = 220.0, Phi = 20.0
	Target strain = [-0.0038302222155948903, -0.0030201138677752684, -0.0021984631039295415]

CASE 194
	Theta = 220.0, Phi = 40.0
	Target strain = [-0.0038302222155948903, -0.00246201938253052, -0.004131759111665348]

CASE 195
	Theta = 220.0, Phi = 60.0
	Target strain = [-0.0038302222155948903, -0.0016069690242163485, -0.005566703992264193]

CASE 196
	Theta = 220.0, Phi = 80.0
	Target strain = [-0.0038302222155948903, -0.0005580944852447484, -0.00633022221559489]

CASE 197
	Theta = 220.0, Phi = 100.0
	Target strain = [-0.0038302222155948903, 0.0005580944852447481, -0.00633022221559489]

CASE 198
	Theta = 220.0, Phi = 120.0
	Target strain = [-0.0038302222155948903, 0.0016069690242163474, -0.005566703992264194]

CASE 199
	Theta = 220.0, Phi = 140.0
	Target strain = [-0.0038302222155948903, 0.0024620193825305196, -0.0041317591116653484]

CASE 200
	Theta = 220.0, Phi = 160.0
	Target strain = [-0.0038302222155948903, 0.0030201138677752684, -0.002198463103929543]

CASE 201
	Theta = 220.0, Phi = 180.0
	Target strain = [-0.0038302222155948903, 0.003213938048432696, -7.871877887341985e-19]

CASE 202
	Theta = 220.0, Phi = 200.0
	Target strain = [-0.0038302222155948903, 0.0030201138677752684, 0.0021984631039295415]

CASE 203
	Theta = 220.0, Phi = 220.0
	Target strain = [-0.0038302222155948903, 0.00246201938253052, 0.004131759111665348]

CASE 204
	Theta = 220.0, Phi = 240.0
	Target strain = [-0.0038302222155948903, 0.0016069690242163496, 0.005566703992264192]

CASE 205
	Theta = 220.0, Phi = 260.0
	Target strain = [-0.0038302222155948903, 0.0005580944852447482, 0.00633022221559489]

CASE 206
	Theta = 220.0, Phi = 280.0
	Target strain = [-0.0038302222155948903, -0.000558094485244747, 0.00633022221559489]

CASE 207
	Theta = 220.0, Phi = 300.0
	Target strain = [-0.0038302222155948903, -0.0016069690242163485, 0.005566703992264193]

CASE 208
	Theta = 220.0, Phi = 320.0
	Target strain = [-0.0038302222155948903, -0.002462019382530519, 0.004131759111665349]

CASE 209
	Theta = 220.0, Phi = 340.0
	Target strain = [-0.0038302222155948903, -0.0030201138677752684, 0.0021984631039295406]

CASE 210
	Theta = 220.0, Phi = 360.0
	Target strain = [-0.0038302222155948903, -0.003213938048432696, 1.574375577468397e-18]

CASE 211
	Theta = 240.0, Phi = 0.0
	Target strain = [-0.0025000000000000022, -0.004330127018922192, -0.0]

CASE 212
	Theta = 240.0, Phi = 20.0
	Target strain = [-0.0025000000000000022, -0.004068988406746867, -0.0029619813272602374]

CASE 213
	Theta = 240.0, Phi = 40.0
	Target strain = [-0.0025000000000000022, -0.003317069740844691, -0.005566703992264192]

CASE 214
	Theta = 240.0, Phi = 60.0
	Target strain = [-0.0025000000000000022, -0.0021650635094610966, -0.007499999999999997]

CASE 215
	Theta = 240.0, Phi = 80.0
	Target strain = [-0.0025000000000000022, -0.0007519186659021765, -0.008528685319524429]

CASE 216
	Theta = 240.0, Phi = 100.0
	Target strain = [-0.0025000000000000022, 0.0007519186659021761, -0.008528685319524429]

CASE 217
	Theta = 240.0, Phi = 120.0
	Target strain = [-0.0025000000000000022, 0.0021650635094610953, -0.007499999999999998]

CASE 218
	Theta = 240.0, Phi = 140.0
	Target strain = [-0.0025000000000000022, 0.0033170697408446905, -0.005566703992264194]

CASE 219
	Theta = 240.0, Phi = 160.0
	Target strain = [-0.0025000000000000022, 0.004068988406746867, -0.0029619813272602387]

CASE 220
	Theta = 240.0, Phi = 180.0
	Target strain = [-0.0025000000000000022, 0.004330127018922192, -1.0605752387249065e-18]

CASE 221
	Theta = 240.0, Phi = 200.0
	Target strain = [-0.0025000000000000022, 0.004068988406746867, 0.002961981327260237]

CASE 222
	Theta = 240.0, Phi = 220.0
	Target strain = [-0.0025000000000000022, 0.003317069740844691, 0.005566703992264192]

CASE 223
	Theta = 240.0, Phi = 240.0
	Target strain = [-0.0025000000000000022, 0.002165063509461098, 0.007499999999999995]

CASE 224
	Theta = 240.0, Phi = 260.0
	Target strain = [-0.0025000000000000022, 0.0007519186659021762, 0.008528685319524429]

CASE 225
	Theta = 240.0, Phi = 280.0
	Target strain = [-0.0025000000000000022, -0.0007519186659021745, 0.00852868531952443]

CASE 226
	Theta = 240.0, Phi = 300.0
	Target strain = [-0.0025000000000000022, -0.0021650635094610966, 0.007499999999999997]

CASE 227
	Theta = 240.0, Phi = 320.0
	Target strain = [-0.0025000000000000022, -0.00331706974084469, 0.005566703992264194]

CASE 228
	Theta = 240.0, Phi = 340.0
	Target strain = [-0.0025000000000000022, -0.004068988406746867, 0.0029619813272602365]

CASE 229
	Theta = 240.0, Phi = 360.0
	Target strain = [-0.0025000000000000022, -0.004330127018922192, 2.121150477449813e-18]

CASE 230
	Theta = 260.0, Phi = 0.0
	Target strain = [-0.0008682408883346517, -0.00492403876506104, -0.0]

CASE 231
	Theta = 260.0, Phi = 20.0
	Target strain = [-0.0008682408883346517, -0.004627082891991617, -0.0033682408883346517]

CASE 232
	Theta = 260.0, Phi = 40.0
	Target strain = [-0.0008682408883346517, -0.0037720325336774445, -0.00633022221559489]

CASE 233
	Theta = 260.0, Phi = 60.0
	Target strain = [-0.0008682408883346517, -0.0024620193825305205, -0.008528685319524432]

CASE 234
	Theta = 260.0, Phi = 80.0
	Target strain = [-0.0008682408883346517, -0.0008550503583141721, -0.009698463103929541]

CASE 235
	Theta = 260.0, Phi = 100.0
	Target strain = [-0.0008682408883346517, 0.0008550503583141716, -0.009698463103929541]

CASE 236
	Theta = 260.0, Phi = 120.0
	Target strain = [-0.0008682408883346517, 0.002462019382530519, -0.008528685319524432]

CASE 237
	Theta = 260.0, Phi = 140.0
	Target strain = [-0.0008682408883346517, 0.003772032533677444, -0.006330222215594892]

CASE 238
	Theta = 260.0, Phi = 160.0
	Target strain = [-0.0008682408883346517, 0.004627082891991616, -0.0033682408883346534]

CASE 239
	Theta = 260.0, Phi = 180.0
	Target strain = [-0.0008682408883346517, 0.00492403876506104, -1.2060416625018977e-18]

CASE 240
	Theta = 260.0, Phi = 200.0
	Target strain = [-0.0008682408883346517, 0.004627082891991617, 0.003368240888334651]

CASE 241
	Theta = 260.0, Phi = 220.0
	Target strain = [-0.0008682408883346517, 0.0037720325336774445, 0.00633022221559489]

CASE 242
	Theta = 260.0, Phi = 240.0
	Target strain = [-0.0008682408883346517, 0.002462019382530522, 0.008528685319524429]

CASE 243
	Theta = 260.0, Phi = 260.0
	Target strain = [-0.0008682408883346517, 0.0008550503583141716, 0.009698463103929541]

CASE 244
	Theta = 260.0, Phi = 280.0
	Target strain = [-0.0008682408883346517, -0.00085505035831417, 0.009698463103929543]

CASE 245
	Theta = 260.0, Phi = 300.0
	Target strain = [-0.0008682408883346517, -0.0024620193825305205, 0.008528685319524432]

CASE 246
	Theta = 260.0, Phi = 320.0
	Target strain = [-0.0008682408883346517, -0.0037720325336774436, 0.0063302222155948926]

CASE 247
	Theta = 260.0, Phi = 340.0
	Target strain = [-0.0008682408883346517, -0.004627082891991617, 0.0033682408883346504]

CASE 248
	Theta = 260.0, Phi = 360.0
	Target strain = [-0.0008682408883346517, -0.00492403876506104, 2.4120833250037953e-18]

CASE 249
	Theta = 280.0, Phi = 0.0
	Target strain = [0.0008682408883346499, -0.004924038765061041, -0.0]

CASE 250
	Theta = 280.0, Phi = 20.0
	Target strain = [0.0008682408883346499, -0.004627082891991617, -0.0033682408883346517]

CASE 251
	Theta = 280.0, Phi = 40.0
	Target strain = [0.0008682408883346499, -0.0037720325336774454, -0.00633022221559489]

CASE 252
	Theta = 280.0, Phi = 60.0
	Target strain = [0.0008682408883346499, -0.002462019382530521, -0.008528685319524432]

CASE 253
	Theta = 280.0, Phi = 80.0
	Target strain = [0.0008682408883346499, -0.0008550503583141722, -0.009698463103929543]

CASE 254
	Theta = 280.0, Phi = 100.0
	Target strain = [0.0008682408883346499, 0.0008550503583141716, -0.009698463103929543]

CASE 255
	Theta = 280.0, Phi = 120.0
	Target strain = [0.0008682408883346499, 0.002462019382530519, -0.008528685319524434]

CASE 256
	Theta = 280.0, Phi = 140.0
	Target strain = [0.0008682408883346499, 0.0037720325336774445, -0.006330222215594892]

CASE 257
	Theta = 280.0, Phi = 160.0
	Target strain = [0.0008682408883346499, 0.004627082891991617, -0.0033682408883346534]

CASE 258
	Theta = 280.0, Phi = 180.0
	Target strain = [0.0008682408883346499, 0.004924038765061041, -1.2060416625018978e-18]

CASE 259
	Theta = 280.0, Phi = 200.0
	Target strain = [0.0008682408883346499, 0.004627082891991617, 0.0033682408883346517]

CASE 260
	Theta = 280.0, Phi = 220.0
	Target strain = [0.0008682408883346499, 0.0037720325336774454, 0.00633022221559489]

CASE 261
	Theta = 280.0, Phi = 240.0
	Target strain = [0.0008682408883346499, 0.0024620193825305226, 0.00852868531952443]

CASE 262
	Theta = 280.0, Phi = 260.0
	Target strain = [0.0008682408883346499, 0.0008550503583141718, 0.009698463103929543]

CASE 263
	Theta = 280.0, Phi = 280.0
	Target strain = [0.0008682408883346499, -0.00085505035831417, 0.009698463103929543]

CASE 264
	Theta = 280.0, Phi = 300.0
	Target strain = [0.0008682408883346499, -0.002462019382530521, 0.008528685319524432]

CASE 265
	Theta = 280.0, Phi = 320.0
	Target strain = [0.0008682408883346499, -0.003772032533677444, 0.0063302222155948926]

CASE 266
	Theta = 280.0, Phi = 340.0
	Target strain = [0.0008682408883346499, -0.004627082891991617, 0.003368240888334651]

CASE 267
	Theta = 280.0, Phi = 360.0
	Target strain = [0.0008682408883346499, -0.004924038765061041, 2.4120833250037957e-18]

CASE 268
	Theta = 300.0, Phi = 0.0
	Target strain = [0.0025000000000000005, -0.004330127018922193, -0.0]

CASE 269
	Theta = 300.0, Phi = 20.0
	Target strain = [0.0025000000000000005, -0.004068988406746869, -0.0029619813272602383]

CASE 270
	Theta = 300.0, Phi = 40.0
	Target strain = [0.0025000000000000005, -0.003317069740844692, -0.005566703992264193]

CASE 271
	Theta = 300.0, Phi = 60.0
	Target strain = [0.0025000000000000005, -0.002165063509461097, -0.007499999999999999]

CASE 272
	Theta = 300.0, Phi = 80.0
	Target strain = [0.0025000000000000005, -0.0007519186659021768, -0.008528685319524432]

CASE 273
	Theta = 300.0, Phi = 100.0
	Target strain = [0.0025000000000000005, 0.0007519186659021762, -0.008528685319524432]

CASE 274
	Theta = 300.0, Phi = 120.0
	Target strain = [0.0025000000000000005, 0.0021650635094610958, -0.0075]

CASE 275
	Theta = 300.0, Phi = 140.0
	Target strain = [0.0025000000000000005, 0.0033170697408446913, -0.0055667039922641945]

CASE 276
	Theta = 300.0, Phi = 160.0
	Target strain = [0.0025000000000000005, 0.004068988406746868, -0.0029619813272602396]

CASE 277
	Theta = 300.0, Phi = 180.0
	Target strain = [0.0025000000000000005, 0.004330127018922193, -1.060575238724907e-18]

CASE 278
	Theta = 300.0, Phi = 200.0
	Target strain = [0.0025000000000000005, 0.004068988406746869, 0.0029619813272602374]

CASE 279
	Theta = 300.0, Phi = 220.0
	Target strain = [0.0025000000000000005, 0.003317069740844692, 0.005566703992264193]

CASE 280
	Theta = 300.0, Phi = 240.0
	Target strain = [0.0025000000000000005, 0.0021650635094610984, 0.007499999999999997]

CASE 281
	Theta = 300.0, Phi = 260.0
	Target strain = [0.0025000000000000005, 0.0007519186659021764, 0.008528685319524432]

CASE 282
	Theta = 300.0, Phi = 280.0
	Target strain = [0.0025000000000000005, -0.0007519186659021748, 0.008528685319524432]

CASE 283
	Theta = 300.0, Phi = 300.0
	Target strain = [0.0025000000000000005, -0.002165063509461097, 0.007499999999999999]

CASE 284
	Theta = 300.0, Phi = 320.0
	Target strain = [0.0025000000000000005, -0.003317069740844691, 0.005566703992264196]

CASE 285
	Theta = 300.0, Phi = 340.0
	Target strain = [0.0025000000000000005, -0.004068988406746869, 0.002961981327260237]

CASE 286
	Theta = 300.0, Phi = 360.0
	Target strain = [0.0025000000000000005, -0.004330127018922193, 2.121150477449814e-18]

CASE 287
	Theta = 320.0, Phi = 0.0
	Target strain = [0.003830222215594889, -0.003213938048432698, -0.0]

CASE 288
	Theta = 320.0, Phi = 20.0
	Target strain = [0.003830222215594889, -0.0030201138677752697, -0.002198463103929543]

CASE 289
	Theta = 320.0, Phi = 40.0
	Target strain = [0.003830222215594889, -0.0024620193825305213, -0.004131759111665349]

CASE 290
	Theta = 320.0, Phi = 60.0
	Target strain = [0.003830222215594889, -0.0016069690242163492, -0.005566703992264196]

CASE 291
	Theta = 320.0, Phi = 80.0
	Target strain = [0.003830222215594889, -0.0005580944852447488, -0.0063302222155948926]

CASE 292
	Theta = 320.0, Phi = 100.0
	Target strain = [0.003830222215594889, 0.0005580944852447483, -0.0063302222155948926]

CASE 293
	Theta = 320.0, Phi = 120.0
	Target strain = [0.003830222215594889, 0.001606969024216348, -0.005566703992264196]

CASE 294
	Theta = 320.0, Phi = 140.0
	Target strain = [0.003830222215594889, 0.0024620193825305205, -0.004131759111665351]

CASE 295
	Theta = 320.0, Phi = 160.0
	Target strain = [0.003830222215594889, 0.0030201138677752692, -0.0021984631039295437]

CASE 296
	Theta = 320.0, Phi = 180.0
	Target strain = [0.003830222215594889, 0.003213938048432698, -7.871877887341989e-19]

CASE 297
	Theta = 320.0, Phi = 200.0
	Target strain = [0.003830222215594889, 0.0030201138677752697, 0.0021984631039295424]

CASE 298
	Theta = 320.0, Phi = 220.0
	Target strain = [0.003830222215594889, 0.0024620193825305213, 0.004131759111665349]

CASE 299
	Theta = 320.0, Phi = 240.0
	Target strain = [0.003830222215594889, 0.0016069690242163505, 0.005566703992264194]

CASE 300
	Theta = 320.0, Phi = 260.0
	Target strain = [0.003830222215594889, 0.0005580944852447485, 0.0063302222155948926]

CASE 301
	Theta = 320.0, Phi = 280.0
	Target strain = [0.003830222215594889, -0.0005580944852447474, 0.0063302222155948926]

CASE 302
	Theta = 320.0, Phi = 300.0
	Target strain = [0.003830222215594889, -0.0016069690242163492, 0.005566703992264196]

CASE 303
	Theta = 320.0, Phi = 320.0
	Target strain = [0.003830222215594889, -0.0024620193825305205, 0.004131759111665352]

CASE 304
	Theta = 320.0, Phi = 340.0
	Target strain = [0.003830222215594889, -0.0030201138677752697, 0.002198463103929542]

CASE 305
	Theta = 320.0, Phi = 360.0
	Target strain = [0.003830222215594889, -0.003213938048432698, 1.5743755774683978e-18]

CASE 306
	Theta = 340.0, Phi = 0.0
	Target strain = [0.004698463103929542, -0.001710100716628343, -0.0]

CASE 307
	Theta = 340.0, Phi = 20.0
	Target strain = [0.004698463103929542, -0.0016069690242163479, -0.0011697777844051093]

CASE 308
	Theta = 340.0, Phi = 40.0
	Target strain = [0.004698463103929542, -0.0013100131511469242, -0.0021984631039295406]

CASE 309
	Theta = 340.0, Phi = 60.0
	Target strain = [0.004698463103929542, -0.0008550503583141716, -0.002961981327260237]

CASE 310
	Theta = 340.0, Phi = 80.0
	Target strain = [0.004698463103929542, -0.0002969558730694235, -0.0033682408883346504]

CASE 311
	Theta = 340.0, Phi = 100.0
	Target strain = [0.004698463103929542, 0.00029695587306942335, -0.0033682408883346504]

CASE 312
	Theta = 340.0, Phi = 120.0
	Target strain = [0.004698463103929542, 0.0008550503583141711, -0.0029619813272602374]

CASE 313
	Theta = 340.0, Phi = 140.0
	Target strain = [0.004698463103929542, 0.001310013151146924, -0.0021984631039295415]

CASE 314
	Theta = 340.0, Phi = 160.0
	Target strain = [0.004698463103929542, 0.0016069690242163477, -0.00116977778440511]

CASE 315
	Theta = 340.0, Phi = 180.0
	Target strain = [0.004698463103929542, 0.001710100716628343, -4.1885387376769905e-19]

CASE 316
	Theta = 340.0, Phi = 200.0
	Target strain = [0.004698463103929542, 0.0016069690242163479, 0.0011697777844051091]

CASE 317
	Theta = 340.0, Phi = 220.0
	Target strain = [0.004698463103929542, 0.0013100131511469242, 0.0021984631039295406]

CASE 318
	Theta = 340.0, Phi = 240.0
	Target strain = [0.004698463103929542, 0.0008550503583141722, 0.0029619813272602365]

CASE 319
	Theta = 340.0, Phi = 260.0
	Target strain = [0.004698463103929542, 0.0002969558730694234, 0.0033682408883346504]

CASE 320
	Theta = 340.0, Phi = 280.0
	Target strain = [0.004698463103929542, -0.00029695587306942275, 0.003368240888334651]

CASE 321
	Theta = 340.0, Phi = 300.0
	Target strain = [0.004698463103929542, -0.0008550503583141716, 0.002961981327260237]

CASE 322
	Theta = 340.0, Phi = 320.0
	Target strain = [0.004698463103929542, -0.0013100131511469238, 0.002198463103929542]

CASE 323
	Theta = 340.0, Phi = 340.0
	Target strain = [0.004698463103929542, -0.0016069690242163479, 0.001169777784405109]

CASE 324
	Theta = 340.0, Phi = 360.0
	Target strain = [0.004698463103929542, -0.001710100716628343, 8.377077475353981e-19]

CASE 325
	Theta = 360.0, Phi = 0.0
	Target strain = [0.005, -1.2246467991473532e-18, -0.0]

