\BOOKMARK [1][-]{section.1}{\376\377\000O\000b\000j\000e\000t\000i\000v\000o\000\040\000d\000e\000\040\000e\000s\000t\000a\000\040\000g\000u\000\355\000a}{}% 1
\BOOKMARK [1][-]{section.2}{\376\377\000M\000a\000p\000a\000\040\000m\000e\000n\000t\000a\000l\000\040\000c\000o\000m\000p\000l\000e\000t\000o\000\040\000\050\000d\000e\000\040\000S\000t\000a\000g\000e\0000\000\040\000a\000\040\000S\000t\000a\000g\000e\0008\000\051}{}% 2
\BOOKMARK [2][-]{subsection.2.1}{\376\377\000P\000i\000p\000e\000l\000i\000n\000e\000\040\000c\000o\000n\000c\000e\000p\000t\000u\000a\000l}{section.2}% 3
\BOOKMARK [2][-]{subsection.2.2}{\376\377\000N\000\372\000m\000e\000r\000o\000s\000\040\000r\000e\000a\000l\000e\000s\000\040\000d\000e\000\040\000t\000u\000\040\000c\000o\000r\000r\000i\000d\000a\000\040\000a\000c\000t\000u\000a\000l\000\040\000\050\0002\000D\000\051}{section.2}% 4
\BOOKMARK [1][-]{section.3}{\376\377\000D\000i\000c\000c\000i\000o\000n\000a\000r\000i\000o\000\040\000d\000e\000\040\000s\000\355\000m\000b\000o\000l\000o\000s\000\040\000\050\000c\000o\000n\000\040\000t\000a\000m\000a\000\361\000o\000\051}{}% 5
\BOOKMARK [2][-]{subsection.3.1}{\376\377\000C\000o\000n\000v\000e\000n\000c\000i\000\363\000n\000\040\000d\000e\000\040\000n\000o\000t\000a\000c\000i\000\363\000n\000\040\000\050\000p\000a\000r\000a\000\040\000n\000o\000\040\000c\000o\000l\000i\000s\000i\000o\000n\000a\000r\000\040\000s\000\355\000m\000b\000o\000l\000o\000s\000\051}{section.3}% 6
\BOOKMARK [2][-]{subsection.3.2}{\376\377\000C\000a\000m\000p\000o\000s\000\040\000f\000\355\000s\000i\000c\000o\000s\000\040\000y\000\040\000d\000i\000s\000c\000r\000e\000t\000i\000z\000a\000c\000i\000\363\000n}{section.3}% 7
\BOOKMARK [2][-]{subsection.3.3}{\376\377\000P\000O\000D\000\040\000y\000\040\000c\000o\000o\000r\000d\000e\000n\000a\000d\000a\000s\000\040\000r\000e\000d\000u\000c\000i\000d\000a\000s}{section.3}% 8
\BOOKMARK [2][-]{subsection.3.4}{\376\377\000O\000p\000e\000r\000a\000d\000o\000r\000e\000s\000\040\000L\000S\000/\000m\000a\000s\000t\000e\000r\000-\000s\000l\000a\000v\000e}{section.3}% 9
\BOOKMARK [2][-]{subsection.3.5}{\376\377\000E\000C\000M\000/\000M\000A\000W}{section.3}% 10
\BOOKMARK [1][-]{section.4}{\376\377\000S\000t\000a\000g\000e\0000\000:\000\040\000e\000s\000p\000a\000c\000i\000o\000\040\000p\000a\000r\000a\000m\000\351\000t\000r\000i\000c\000o\000\040\000y\000\040\000t\000r\000a\000y\000e\000c\000t\000o\000r\000i\000a\000s\000\040\000e\000s\000t\000r\000u\000c\000t\000u\000r\000a\000d\000a\000s}{}% 11
\BOOKMARK [2][-]{subsection.4.1}{\376\377\000Q\000u\000\351\000\040\000e\000s\000\040\000e\000l\000\040\000e\000s\000p\000a\000c\000i\000o\000\040\000p\000a\000r\000a\000m\000\351\000t\000r\000i\000c\000o\000\040\000a\000q\000u\000\355}{section.4}% 12
\BOOKMARK [2][-]{subsection.4.2}{\376\377\000M\000a\000l\000l\000a\000\040\000e\000s\000t\000r\000u\000c\000t\000u\000r\000a\000d\000a}{section.4}% 13
\BOOKMARK [2][-]{subsection.4.3}{\376\377\000G\000r\000a\000f\000o\000\040\000y\000\040\000L\000a\000p\000l\000a\000c\000i\000a\000n\000o}{section.4}% 14
\BOOKMARK [2][-]{subsection.4.4}{\376\377\000M\000a\000p\000e\000o\000\040\000d\000e\000\040\000\040\000a\000\040\000d\000e\000f\000o\000r\000m\000a\000c\000i\000\363\000n\000\040\000o\000b\000j\000e\000t\000i\000v\000o\000\040\000d\000e\000\040\000S\000t\000a\000g\000e\0001}{section.4}% 15
\BOOKMARK [1][-]{section.5}{\376\377\000S\000t\000a\000g\000e\0001\000:\000\040\000F\000O\000M}{}% 16
\BOOKMARK [1][-]{section.6}{\376\377\000S\000t\000a\000g\000e\0002\000a\000:\000\040\000P\000O\000D\000\040\000d\000e\000\040\000f\000l\000u\000c\000t\000u\000a\000c\000i\000o\000n\000e\000s}{}% 17
\BOOKMARK [2][-]{subsection.6.1}{\376\377\000S\000e\000p\000a\000r\000a\000c\000i\000\363\000n\000\040\000a\000f\000f\000i\000n\000e\000\040\000+\000\040\000f\000l\000u\000c\000t\000u\000a\000c\000i\000\363\000n}{section.6}% 18
\BOOKMARK [2][-]{subsection.6.2}{\376\377\000C\000o\000n\000s\000t\000r\000u\000c\000c\000i\000\363\000n\000\040\000P\000O\000D}{section.6}% 19
\BOOKMARK [1][-]{section.7}{\376\377\000S\000t\000a\000g\000e\0002\000b\000:\000\040\000L\000S\000\040\000m\000a\000s\000t\000e\000r\000\040\000+\000\040\000d\000e\000s\000c\000o\000m\000p\000o\000s\000i\000c\000i\000\363\000n\000\040\000m\000a\000e\000s\000t\000r\000o\000/\000e\000s\000c\000l\000a\000v\000o}{}% 20
\BOOKMARK [2][-]{subsection.7.1}{\376\377\000P\000a\000s\000o\000\040\0001\000:\000\040\000r\000e\000c\000u\000p\000e\000r\000a\000r\000\040\000\040\000d\000e\000s\000d\000e\000\040\000s\000t\000r\000a\000i\000n\000\040\000a\000p\000l\000i\000c\000a\000d\000o}{section.7}% 21
\BOOKMARK [2][-]{subsection.7.2}{\376\377\000P\000a\000s\000o\000\040\0002\000:\000\040\000a\000j\000u\000s\000t\000e\000\040\000L\000S\000\040\000q\000p\000o\000d}{section.7}% 22
\BOOKMARK [2][-]{subsection.7.3}{\376\377\000P\000a\000s\000o\000\040\0003\000:\000\040\000b\000a\000s\000e\000\040\000m\000a\000s\000t\000e\000r\000\040\000e\000n\000\040\000e\000s\000p\000a\000c\000i\000o\000\040\000f\000\355\000s\000i\000c\000o}{section.7}% 23
\BOOKMARK [2][-]{subsection.7.4}{\376\377\000P\000a\000s\000o\000\040\0004\000:\000\040\000s\000u\000b\000e\000s\000p\000a\000c\000i\000o\000\040\000s\000l\000a\000v\000e\000\040\000e\000n\000\040\000P\000O\000D}{section.7}% 24
\BOOKMARK [2][-]{subsection.7.5}{\376\377\000M\000i\000n\000i\000\040\000e\000j\000e\000m\000p\000l\000o\000\040\000n\000u\000m\000\351\000r\000i\000c\000o\000\040\000\050\000d\000i\000d\000\341\000c\000t\000i\000c\000o\000\051}{section.7}% 25
\BOOKMARK [1][-]{section.8}{\376\377\000S\000t\000a\000g\000e\0003\000:\000\040\000d\000a\000t\000a\000s\000e\000t\000\040\000d\000e\000\040\000r\000e\000g\000r\000e\000s\000i\000\363\000n}{}% 26
\BOOKMARK [1][-]{section.9}{\376\377\000S\000t\000a\000g\000e\0004\000:\000\040\000R\000B\000F\000\040\000p\000a\000r\000a\000\040\000d\000e\000c\000o\000d\000e\000r}{}% 27
\BOOKMARK [2][-]{subsection.9.1}{\376\377\000Q\000u\000\351\000\040\000a\000p\000r\000e\000n\000d\000e}{section.9}% 28
\BOOKMARK [2][-]{subsection.9.2}{\376\377\000M\000o\000d\000e\000l\000o\000\040\000R\000B\000F}{section.9}% 29
\BOOKMARK [2][-]{subsection.9.3}{\376\377\000P\000o\000r\000\040\000q\000u\000\351\000\040\000`\000`\000s\000p\000a\000r\000s\000e\000'\000'}{section.9}% 30
\BOOKMARK [1][-]{section.10}{\376\377\000P\000R\000O\000M\000\040\000o\000n\000l\000i\000n\000e\000:\000\040\000e\000c\000u\000a\000c\000i\000o\000n\000e\000s\000\040\000q\000u\000e\000\040\000r\000e\000a\000l\000m\000e\000n\000t\000e\000\040\000s\000e\000\040\000r\000e\000s\000u\000e\000l\000v\000e\000n}{}% 31
\BOOKMARK [2][-]{subsection.10.1}{\376\377\000A\000n\000s\000a\000t\000z\000\040\000d\000e\000\040\000d\000e\000s\000p\000l\000a\000z\000a\000m\000i\000e\000n\000t\000o}{section.10}% 32
\BOOKMARK [2][-]{subsection.10.2}{\376\377\000J\000a\000c\000o\000b\000i\000a\000n\000o\000\040\000c\000i\000n\000e\000m\000\341\000t\000i\000c\000o\000\040\000r\000e\000d\000u\000c\000i\000d\000o}{section.10}% 33
\BOOKMARK [2][-]{subsection.10.3}{\376\377\000R\000e\000s\000i\000d\000u\000a\000l\000\040\000y\000\040\000t\000a\000n\000g\000e\000n\000t\000e\000\040\000r\000e\000d\000u\000c\000i\000d\000o\000s}{section.10}% 34
\BOOKMARK [2][-]{subsection.10.4}{\376\377\000P\000a\000s\000o\000\040\000d\000e\000\040\000N\000e\000w\000t\000o\000n\000\040\000r\000e\000d\000u\000c\000i\000d\000o}{section.10}% 35
\BOOKMARK [1][-]{section.11}{\376\377\000S\000t\000a\000g\000e\0006\000a\000:\000\040\000c\000o\000n\000s\000t\000r\000u\000c\000c\000i\000\363\000n\000\040\000d\000e\000\040\000m\000a\000t\000r\000i\000c\000e\000s\000\040\000E\000C\000M\000\040\000c\000l\000\341\000s\000i\000c\000a\000s}{}% 36
\BOOKMARK [2][-]{subsection.11.1}{\376\377\000Q\000u\000\351\000\040\000s\000e\000\040\000c\000o\000n\000s\000t\000r\000u\000y\000e\000\040\000e\000x\000a\000c\000t\000a\000m\000e\000n\000t\000e}{section.11}% 37
\BOOKMARK [2][-]{subsection.11.2}{\376\377\000B\000l\000o\000q\000u\000e\000\040\000r\000e\000s\000i\000d\000u\000a\000l\000:\000\040\000d\000e\000\040\000d\000\363\000n\000d\000e\000\040\000s\000a\000l\000e\000\040\000Q\000r\000e\000s}{section.11}% 38
\BOOKMARK [2][-]{subsection.11.3}{\376\377\000R\000e\000c\000e\000t\000a\000\040\000e\000x\000a\000c\000t\000a\000:\000\040\000d\000e\000l\000\040\000r\000e\000s\000i\000d\000u\000a\000l\000\040\000e\000l\000e\000m\000e\000n\000t\000a\000l\000\040\000r\000e\000\040\000a\000l\000\040\000v\000e\000c\000t\000o\000r\000\040\000p\000r\000o\000y\000e\000c\000t\000a\000d\000o\000\040\000q\000s\000,\000e}{section.11}% 39
\BOOKMARK [2][-]{subsection.11.4}{\376\377\000M\000i\000n\000i\000\040\000e\000j\000e\000m\000p\000l\000o\000\040\000d\000e\000\040\000l\000l\000e\000n\000a\000d\000o\000\040\000\050\000r\000e\000s\000i\000d\000u\000a\000l\000\051}{section.11}% 40
\BOOKMARK [2][-]{subsection.11.5}{\376\377\000B\000l\000o\000q\000u\000e\000\040\000h\000o\000m\000o\000g\000e\000n\000i\000z\000a\000c\000i\000\363\000n\000:\000\040\000d\000e\000\040\000d\000\363\000n\000d\000e\000\040\000s\000a\000l\000e\000\040\000C\000h\000o\000m}{section.11}% 41
\BOOKMARK [1][-]{section.12}{\376\377\000S\000t\000a\000g\000e\0006\000b\000:\000\040\000E\000C\000M\000\040\000c\000l\000\341\000s\000i\000c\000o\000\040\000\050\000i\000n\000d\000e\000p\000e\000n\000d\000e\000n\000t\000/\000c\000a\000s\000c\000a\000d\000e\000/\000s\000i\000n\000g\000l\000e\000\051}{}% 42
\BOOKMARK [2][-]{subsection.12.1}{\376\377\000P\000r\000o\000b\000l\000e\000m\000a\000\040\000m\000a\000t\000e\000m\000\341\000t\000i\000c\000o\000\040\000i\000d\000e\000a\000l\000\040\000\050\000l\000o\000\040\000q\000u\000e\000\040\000q\000u\000e\000r\000e\000m\000o\000s\000\051}{section.12}% 43
\BOOKMARK [2][-]{subsection.12.2}{\376\377\000P\000r\000o\000b\000l\000e\000m\000a\000\040\000p\000r\000\341\000c\000t\000i\000c\000o\000\040\000\050\000c\000\363\000m\000o\000\040\000l\000o\000\040\000r\000e\000s\000o\000l\000v\000e\000m\000o\000s\000\040\000e\000n\000\040\000c\000\363\000d\000i\000g\000o\000\051}{section.12}% 44
\BOOKMARK [2][-]{subsection.12.3}{\376\377\000C\000\363\000m\000o\000\040\000s\000e\000\040\000r\000e\000s\000u\000e\000l\000v\000e\000\040\000n\000u\000m\000\351\000r\000i\000c\000a\000m\000e\000n\000t\000e\000\040\000\050\000f\000u\000n\000c\000i\000o\000n\000e\000s\000\040\000c\000o\000n\000c\000r\000e\000t\000a\000s\000\051}{section.12}% 45
\BOOKMARK [2][-]{subsection.12.4}{\376\377\000Q\000u\000\351\000\040\000s\000o\000n\000\040\000e\000x\000a\000c\000t\000a\000m\000e\000n\000t\000e\000\040\000A\000\040\000y\000\040\000b\000\040\000e\000n\000\040\000c\000a\000d\000a\000\040\000m\000o\000d\000o}{section.12}% 46
\BOOKMARK [2][-]{subsection.12.5}{\376\377\000Q\000u\000\351\000\040\000s\000a\000l\000e\000\040\000e\000n\000\040\000e\000c\000m\000\137\000w\000e\000i\000g\000h\000t\000s\000\137\000a\000l\000l\000.\000n\000p\000z}{section.12}% 47
\BOOKMARK [1][-]{section.13}{\376\377\000S\000t\000a\000g\000e\0006\000c\000:\000\040\000c\000r\000e\000a\000c\000i\000\363\000n\000\040\000d\000e\000\040\000m\000a\000l\000l\000a\000\040\000H\000R\000O\000M\000\040\000\050\000.\000m\000d\000p\000a\000\051}{}% 48
\BOOKMARK [2][-]{subsection.13.1}{\376\377\000Q\000u\000\351\000\040\000h\000a\000c\000e}{section.13}% 49
\BOOKMARK [2][-]{subsection.13.2}{\376\377\000P\000o\000r\000\040\000q\000u\000\351\000\040\000e\000s\000\040\000c\000l\000a\000v\000e}{section.13}% 50
\BOOKMARK [1][-]{section.14}{\376\377\000S\000t\000a\000g\000e\0007\000:\000\040\000H\000P\000R\000O\000M\000-\000R\000B\000F\000\040\000c\000l\000\341\000s\000i\000c\000o}{}% 51
\BOOKMARK [2][-]{subsection.14.1}{\376\377\000Q\000u\000\351\000\040\000s\000e\000\040\000h\000i\000p\000e\000r\000r\000e\000d\000u\000c\000e\000\040\000y\000\040\000q\000u\000\351\000\040\000n\000o}{section.14}% 52
\BOOKMARK [2][-]{subsection.14.2}{\376\377\000F\000\363\000r\000m\000u\000l\000a\000\040\000o\000p\000e\000r\000a\000t\000i\000v\000a}{section.14}% 53
\BOOKMARK [2][-]{subsection.14.3}{\376\377\000R\000e\000c\000o\000r\000d\000a\000t\000o\000r\000i\000o\000\040\000d\000e\000\040\000C\000m\000\040\000y\000\040\000C\000s\000\040\000\050\000p\000o\000r\000q\000u\000e\000\040\000a\000p\000a\000r\000e\000c\000e\000\040\000e\000n\000\040\000e\000l\000\040\000c\000\363\000d\000i\000g\000o\000\051}{section.14}% 54
\BOOKMARK [1][-]{section.15}{\376\377\000S\000t\000a\000g\000e\0008\000a\000:\000\040\000d\000a\000t\000a\000s\000e\000t\000\040\000e\000s\000t\000r\000u\000c\000t\000u\000r\000a\000d\000o\000\040\000M\000A\000W}{}% 55
\BOOKMARK [2][-]{subsection.15.1}{\376\377\000Q\000u\000\351\000\040\000a\000p\000o\000r\000t\000a\000\040\000S\000t\000a\000g\000e\0008\000a\000\040\000f\000r\000e\000n\000t\000e\000\040\000a\000\040\000S\000t\000a\000g\000e\0006\000a}{section.15}% 56
\BOOKMARK [2][-]{subsection.15.2}{\376\377\000Q\000u\000\351\000\040\000s\000e\000\040\000g\000u\000a\000r\000d\000a\000\040\000e\000x\000a\000c\000t\000a\000m\000e\000n\000t\000e}{section.15}% 57
\BOOKMARK [2][-]{subsection.15.3}{\376\377\000B\000l\000o\000q\000u\000e\000s\000\040\000p\000o\000r\000\040\000n\000o\000d\000o\000\040\000\050\000l\000a\000\040\000p\000i\000e\000z\000a\000\040\000q\000u\000e\000\040\000l\000u\000e\000g\000o\000\040\000u\000s\000a\000\040\000S\000t\000a\000g\000e\0008\000b\000\051}{section.15}% 58
\BOOKMARK [1][-]{section.16}{\376\377\000S\000t\000a\000g\000e\0008\000b\000:\000\040\000M\000A\000W\000-\000E\000C\000M\000\040\000\050\000F\000a\000s\000e\000\040\0001\000\040\000a\000c\000t\000u\000a\000l\000,\000\040\000s\000i\000n\000\040\000g\000r\000a\000f\000o\000\051}{}% 59
\BOOKMARK [2][-]{subsection.16.1}{\376\377\000Q\000u\000\351\000\040\000p\000r\000o\000b\000l\000e\000m\000a\000\040\000r\000e\000s\000o\000l\000v\000e\000m\000o\000s\000\040\000h\000o\000y}{section.16}% 60
\BOOKMARK [2][-]{subsection.16.2}{\376\377\000V\000a\000r\000i\000a\000b\000l\000e\000s\000\040\000y\000\040\000t\000a\000m\000a\000\361\000o\000s}{section.16}% 61
\BOOKMARK [2][-]{subsection.16.3}{\376\377\000P\000a\000s\000o\000\040\0000\000:\000\040\000b\000o\000o\000t\000s\000t\000r\000a\000p\000\040\000E\000C\000M\000\040\000f\000i\000j\000o}{section.16}% 62
\BOOKMARK [2][-]{subsection.16.4}{\376\377\000P\000a\000s\000o\000\040\0001\000:\000\040\000c\000o\000n\000s\000t\000r\000u\000i\000r\000\040\000r\000e\000s\000t\000r\000i\000c\000c\000i\000o\000n\000e\000s\000\040\000l\000o\000c\000a\000l\000e\000s}{section.16}% 63
\BOOKMARK [2][-]{subsection.16.5}{\376\377\000P\000a\000s\000o\000\040\0002\000:\000\040\000c\000i\000c\000l\000o\000\040\000d\000e\000\040\000p\000r\000u\000n\000i\000n\000g\000\040\000\050\000e\000s\000t\000i\000l\000o\000\040\000J\000o\000a\000q\000u\000\355\000n\000,\000\040\000p\000r\000i\000m\000e\000r\000a\000\040\000f\000a\000s\000e\000\051}{section.16}% 64
\BOOKMARK [2][-]{subsection.16.6}{\376\377\000P\000a\000s\000o\000\040\0003\000:\000\040\000s\000a\000l\000i\000d\000a\000\040\000d\000e\000l\000\040\000p\000r\000u\000n\000i\000n\000g}{section.16}% 65
\BOOKMARK [2][-]{subsection.16.7}{\376\377\000P\000a\000s\000o\000\040\0004\000:\000\040\000R\000B\000F\000\040\000f\000i\000n\000a\000l\000\040\000d\000e\000\040\000p\000e\000s\000o\000s\000\040\000a\000d\000a\000p\000t\000a\000t\000i\000v\000o\000s}{section.16}% 66
\BOOKMARK [2][-]{subsection.16.8}{\376\377\000N\000o\000t\000a\000\040\000i\000m\000p\000o\000r\000t\000a\000n\000t\000e\000:\000\040\000`\000`\000s\000i\000n\000\040\000g\000r\000a\000f\000o\000'\000'\000\040\000n\000o\000\040\000s\000i\000g\000n\000i\000f\000i\000c\000a\000\040\000`\000`\000s\000i\000n\000\040\000L\000a\000p\000l\000a\000c\000i\000a\000n\000o\000\040\000e\000n\000\040\000d\000i\000s\000c\000o\000'\000'}{section.16}% 67
\BOOKMARK [1][-]{section.17}{\376\377\000M\000o\000d\000o\000s\000\040\000M\000A\000W\000\040\000a\000c\000t\000u\000a\000l\000e\000s\000\040\000\050\000i\000m\000p\000l\000e\000m\000e\000n\000t\000a\000c\000i\000\363\000n\000\040\0002\000D\000\051}{}% 68
\BOOKMARK [2][-]{subsection.17.1}{\376\377\000m\000a\000w\000-\000m\000o\000d\000e\000=\000r\000e\000s\000\137\000o\000n\000l\000y}{section.17}% 69
\BOOKMARK [2][-]{subsection.17.2}{\376\377\000m\000a\000w\000-\000m\000o\000d\000e\000=\000s\000i\000n\000g\000l\000e\000\137\000r\000e\000s\000\137\000h\000o\000m}{section.17}% 70
\BOOKMARK [2][-]{subsection.17.3}{\376\377\000A\000c\000l\000a\000r\000a\000c\000i\000\363\000n\000\040\000p\000r\000\341\000c\000t\000i\000c\000a\000\040\000s\000o\000b\000r\000e\000\040\000Z\000u\000n\000i\000o\000n}{section.17}% 71
\BOOKMARK [1][-]{section.18}{\376\377\000S\000t\000a\000g\000e\0008\000\040\000o\000n\000l\000i\000n\000e\000:\000\040\000q\000u\000\351\000\040\000s\000e\000\040\000c\000o\000m\000p\000a\000r\000a\000\040\000e\000x\000a\000c\000t\000a\000m\000e\000n\000t\000e}{}% 72
\BOOKMARK [1][-]{section.19}{\376\377\000A\000c\000l\000a\000r\000a\000c\000i\000o\000n\000e\000s\000\040\000c\000l\000a\000v\000e\000\040\000\050\000l\000a\000s\000\040\000q\000u\000e\000\040\000m\000\341\000s\000\040\000c\000o\000n\000f\000u\000n\000d\000e\000n\000\051}{}% 73
\BOOKMARK [2][-]{subsection.19.1}{\376\377\000`\000`\000\277\000q\000\137\000p\000o\000d\000\040\000s\000e\000\040\000u\000s\000a\000\040\000p\000a\000r\000a\000\040\000r\000e\000s\000o\000l\000v\000e\000r\000\040\000o\000n\000l\000i\000n\000e\000?\000'\000'}{section.19}% 74
\BOOKMARK [2][-]{subsection.19.2}{\376\377\000`\000`\000\277\000Q\000u\000\351\000\040\000e\000s\000\040\000R\000r\000?\000'\000'}{section.19}% 75
\BOOKMARK [2][-]{subsection.19.3}{\376\377\000`\000`\000\277\000P\000o\000r\000\040\000q\000u\000\351\000\040\000a\000p\000a\000r\000e\000c\000e\000\040\000K\000\137\000o\000l\000d\000?\000'\000'}{section.19}% 76
\BOOKMARK [2][-]{subsection.19.4}{\376\377\000`\000`\000\277\000Q\000u\000\351\000\040\000s\000i\000g\000n\000i\000f\000i\000c\000a\000\040\000s\000i\000n\000g\000l\000e\000\040\000e\000n\000\040\000E\000C\000M\000/\000M\000A\000W\000?\000'\000'}{section.19}% 77
\BOOKMARK [1][-]{section.20}{\376\377\000E\000j\000e\000m\000p\000l\000o\000\040\000m\000i\000n\000i\000\040\000d\000e\000\040\000t\000a\000m\000a\000\361\000o\000s\000\040\000\050\000c\000o\000n\000\040\000n\000\372\000m\000e\000r\000o\000s\000\040\000t\000u\000y\000o\000s\000\051}{}% 78
\BOOKMARK [2][-]{subsection.20.1}{\376\377\000D\000e\000c\000o\000d\000e\000r}{section.20}% 79
\BOOKMARK [2][-]{subsection.20.2}{\376\377\000M\000A\000W\000\040\000d\000a\000t\000a}{section.20}% 80
\BOOKMARK [1][-]{section.21}{\376\377\000C\000h\000e\000c\000k\000l\000i\000s\000t\000\040\000p\000r\000\341\000c\000t\000i\000c\000o\000\040\000p\000a\000r\000a\000\040\000d\000e\000p\000u\000r\000a\000r}{}% 81
\BOOKMARK [1][-]{section.22}{\376\377\000C\000o\000n\000c\000l\000u\000s\000i\000\363\000n}{}% 82
