\BOOKMARK [1][-]{section.1}{\376\377\000P\000u\000r\000p\000o\000s\000e\000\040\000a\000n\000d\000\040\000s\000c\000o\000p\000e\000\040\000o\000f\000\040\000t\000h\000e\000\040\000d\000o\000c\000u\000m\000e\000n\000t}{}% 1
\BOOKMARK [1][-]{section.2}{\376\377\000R\000e\000l\000a\000t\000i\000o\000n\000\040\000w\000i\000t\000h\000\040\000c\000l\000a\000s\000s\000i\000c\000a\000l\000\040\000E\000C\000M}{}% 2
\BOOKMARK [1][-]{section.3}{\376\377\000I\000n\000t\000r\000o\000d\000u\000c\000t\000i\000o\000n\000:\000\040\000f\000r\000o\000m\000\040\000a\000d\000a\000p\000t\000i\000v\000e\000\040\000c\000u\000b\000a\000t\000u\000r\000e\000\040\000s\000u\000p\000p\000o\000r\000t\000s\000\040\000t\000o\000\040\000m\000a\000n\000i\000f\000o\000l\000d\000-\000a\000d\000a\000p\000t\000i\000v\000e\000\040\000w\000e\000i\000g\000h\000t\000s}{}% 3
\BOOKMARK [2][-]{subsection.3.1}{\376\377\000R\000o\000o\000t\000s\000\040\000i\000n\000\040\000S\000A\000W\040\023\000E\000C\000M\000:\000\040\000c\000o\000m\000m\000o\000n\000\040\000s\000u\000p\000p\000o\000r\000t\000\040\000w\000i\000t\000h\000\040\000a\000d\000a\000p\000t\000i\000v\000e\000\040\000w\000e\000i\000g\000h\000t\000s}{section.3}% 4
\BOOKMARK [2][-]{subsection.3.2}{\376\377\000T\000h\000e\000\040\000f\000u\000l\000l\000\040\000m\000a\000n\000i\000f\000o\000l\000d\000-\000a\000d\000a\000p\000t\000i\000v\000e\000\040\000s\000p\000a\000r\000s\000i\000f\000i\000c\000a\000t\000i\000o\000n\000\040\000p\000r\000o\000b\000l\000e\000m}{section.3}% 5
\BOOKMARK [2][-]{subsection.3.3}{\376\377\000W\000h\000y\000\040\000t\000h\000e\000\040\000f\000u\000l\000l\000\040\000f\000o\000r\000m\000u\000l\000a\000t\000i\000o\000n\000\040\000i\000s\000\040\000n\000o\000t\000\040\000u\000s\000e\000d\000\040\000d\000i\000r\000e\000c\000t\000l\000y}{section.3}% 6
\BOOKMARK [2][-]{subsection.3.4}{\376\377\000R\000e\000s\000t\000r\000i\000c\000t\000i\000o\000n\000\040\000t\000o\000\040\000a\000n\000\040\000i\000n\000i\000t\000i\000a\000l\000\040\000E\000C\000M\000\040\000s\000u\000p\000p\000o\000r\000t}{section.3}% 7
\BOOKMARK [2][-]{subsection.3.5}{\376\377\000C\000E\000C\000M\000\040\000i\000n\000f\000l\000u\000e\000n\000c\000e\000:\000\040\000p\000r\000u\000n\000i\000n\000g\000\040\000i\000n\000s\000t\000e\000a\000d\000\040\000o\000f\000\040\000d\000i\000r\000e\000c\000t\000\040\000s\000p\000a\000r\000s\000i\000f\000i\000c\000a\000t\000i\000o\000n}{section.3}% 8
\BOOKMARK [2][-]{subsection.3.6}{\376\377\000F\000r\000o\000m\000\040\000t\000h\000e\000\040\000f\000u\000l\000l\000\040\000g\000l\000o\000b\000a\000l\000\040\000s\000t\000e\000p\000\040\000t\000o\000\040\000t\000h\000e\000\040\000i\000m\000p\000l\000e\000m\000e\000n\000t\000e\000d\000\040\000t\000w\000o\000-\000r\000e\000g\000i\000m\000e\000\040\000a\000l\000g\000o\000r\000i\000t\000h\000m}{section.3}% 9
\BOOKMARK [2][-]{subsection.3.7}{\376\377\000R\000o\000l\000e\000\040\000o\000f\000\040\000p\000o\000s\000i\000t\000i\000v\000i\000t\000y\000\040\000a\000n\000d\000\040\000a\000c\000t\000i\000v\000e\000\040\000s\000e\000t\000s}{section.3}% 10
\BOOKMARK [2][-]{subsection.3.8}{\376\377\000C\000u\000r\000r\000e\000n\000t\000\040\000f\000o\000r\000m\000u\000l\000a\000t\000i\000o\000n}{section.3}% 11
\BOOKMARK [1][-]{section.4}{\376\377\000T\000r\000a\000i\000n\000i\000n\000g\000\040\000m\000a\000n\000i\000f\000o\000l\000d\000\040\000a\000n\000d\000\040\000l\000o\000c\000a\000l\000\040\000e\000x\000a\000c\000t\000n\000e\000s\000s\000\040\000s\000y\000s\000t\000e\000m\000s}{}% 12
\BOOKMARK [1][-]{section.5}{\376\377\000F\000i\000x\000e\000d\000\040\000s\000u\000p\000p\000o\000r\000t\000\040\000a\000n\000d\000\040\000a\000d\000a\000p\000t\000i\000v\000e\000\040\000w\000e\000i\000g\000h\000t\000s}{}% 13
\BOOKMARK [1][-]{section.6}{\376\377\000B\000i\000v\000a\000r\000i\000a\000t\000e\000\040\000g\000r\000a\000p\000h\000\040\000s\000t\000r\000u\000c\000t\000u\000r\000e}{}% 14
\BOOKMARK [1][-]{section.7}{\376\377\000G\000l\000o\000b\000a\000l\000\040\000M\000A\000W\040\023\000E\000C\000M\000\040\000a\000l\000g\000o\000r\000i\000t\000h\000m}{}% 15
\BOOKMARK [1][-]{section.8}{\376\377\000I\000n\000t\000e\000r\000p\000r\000e\000t\000a\000t\000i\000o\000n\000\040\000o\000f\000\040\000t\000h\000e\000\040\000a\000l\000g\000o\000r\000i\000t\000h\000m}{}% 16
\BOOKMARK [1][-]{section.9}{\376\377\000S\000p\000e\000c\000i\000f\000i\000c\000\040\000a\000n\000d\000\040\000g\000e\000n\000e\000r\000a\000l\000\040\000c\000o\000m\000p\000o\000n\000e\000n\000t\000s}{}% 17
\BOOKMARK [2][-]{subsection.9.1}{\376\377\000G\000e\000n\000e\000r\000a\000l\000\040\000M\000A\000W\040\023\000E\000C\000M\000\040\000c\000o\000m\000p\000o\000n\000e\000n\000t\000s}{section.9}% 18
\BOOKMARK [2][-]{subsection.9.2}{\376\377\000C\000o\000m\000p\000o\000n\000e\000n\000t\000s\000\040\000s\000p\000e\000c\000i\000f\000i\000c\000\040\000t\000o\000\040\000t\000h\000e\000\040\000t\000w\000o\000-\000v\000a\000r\000i\000a\000b\000l\000e\000\040\000i\000m\000p\000l\000e\000m\000e\000n\000t\000a\000t\000i\000o\000n}{section.9}% 19
\BOOKMARK [2][-]{subsection.9.3}{\376\377\000E\000x\000t\000e\000n\000s\000i\000o\000n\000\040\000t\000o\000\040\000h\000i\000g\000h\000e\000r\000-\000d\000i\000m\000e\000n\000s\000i\000o\000n\000a\000l\000\040\000l\000a\000t\000e\000n\000t\000\040\000m\000a\000n\000i\000f\000o\000l\000d\000s}{section.9}% 20
\BOOKMARK [1][-]{section.10}{\376\377\000C\000o\000n\000s\000t\000r\000u\000c\000t\000i\000o\000n\000\040\000o\000f\000\040\000t\000h\000e\000\040\000l\000o\000c\000a\000l\000\040\000e\000x\000a\000c\000t\000n\000e\000s\000s\000\040\000s\000y\000s\000t\000e\000m\000s}{}% 21
\BOOKMARK [2][-]{subsection.10.1}{\376\377\000F\000i\000x\000e\000d\000\040\000s\000c\000a\000f\000f\000o\000l\000d}{section.10}% 22
\BOOKMARK [2][-]{subsection.10.2}{\376\377\000W\000e\000i\000g\000h\000t\000e\000d\000\040\000p\000r\000o\000j\000e\000c\000t\000o\000r}{section.10}% 23
\BOOKMARK [2][-]{subsection.10.3}{\376\377\000L\000o\000c\000a\000l\000\040\000b\000a\000s\000i\000s\000\040\000a\000t\000\040\000a\000\040\000s\000a\000m\000p\000l\000e\000d\000\040\000m\000a\000n\000i\000f\000o\000l\000d\000\040\000s\000t\000a\000t\000e}{section.10}% 24
\BOOKMARK [2][-]{subsection.10.4}{\376\377\000I\000n\000i\000t\000i\000a\000l\000i\000z\000a\000t\000i\000o\000n\000\040\000o\000f\000\040\000t\000h\000e\000\040\000a\000d\000a\000p\000t\000i\000v\000e\000\040\000w\000e\000i\000g\000h\000t\000s}{section.10}% 25
\BOOKMARK [2][-]{subsection.10.5}{\376\377\000F\000u\000n\000c\000t\000i\000o\000n\000-\000l\000e\000v\000e\000l\000\040\000i\000n\000t\000e\000r\000p\000r\000e\000t\000a\000t\000i\000o\000n}{section.10}% 26
\BOOKMARK [2][-]{subsection.10.6}{\376\377\000S\000p\000e\000c\000i\000f\000i\000c\000i\000t\000y\000\040\000a\000n\000d\000\040\000p\000o\000s\000s\000i\000b\000l\000e\000\040\000g\000e\000n\000e\000r\000a\000l\000i\000z\000a\000t\000i\000o\000n\000s}{section.10}% 27
\BOOKMARK [1][-]{section.11}{\376\377\000G\000r\000a\000p\000h\000\040\000L\000a\000p\000l\000a\000c\000i\000a\000n\000\040\000o\000n\000\040\000t\000h\000e\000\040\000s\000a\000m\000p\000l\000e\000d\000\040\000l\000a\000t\000e\000n\000t\000\040\000m\000a\000n\000i\000f\000o\000l\000d}{}% 28
\BOOKMARK [2][-]{subsection.11.1}{\376\377\000S\000t\000r\000u\000c\000t\000u\000r\000e\000d\000\040\000b\000i\000v\000a\000r\000i\000a\000t\000e\000\040\000g\000r\000a\000p\000h}{section.11}% 29
\BOOKMARK [2][-]{subsection.11.2}{\376\377\000F\000i\000n\000i\000t\000e\000-\000e\000l\000e\000m\000e\000n\000t\000-\000l\000i\000k\000e\000\040\000g\000r\000a\000p\000h\000\040\000s\000t\000i\000f\000f\000n\000e\000s\000s}{section.11}% 30
\BOOKMARK [2][-]{subsection.11.3}{\376\377\000I\000n\000c\000r\000e\000m\000e\000n\000t\000a\000l\000\040\000s\000m\000o\000o\000t\000h\000i\000n\000g}{section.11}% 31
\BOOKMARK [2][-]{subsection.11.4}{\376\377\000S\000t\000a\000c\000k\000e\000d\000-\000v\000e\000c\000t\000o\000r\000\040\000f\000o\000r\000m}{section.11}% 32
\BOOKMARK [2][-]{subsection.11.5}{\376\377\000B\000o\000u\000n\000d\000a\000r\000y\000-\000w\000e\000i\000g\000h\000t\000e\000d\000\040\000g\000r\000a\000p\000h\000\040\000r\000e\000g\000u\000l\000a\000r\000i\000z\000a\000t\000i\000o\000n}{section.11}% 33
\BOOKMARK [2][-]{subsection.11.6}{\376\377\000S\000p\000e\000c\000i\000f\000i\000c\000i\000t\000y\000\040\000a\000n\000d\000\040\000e\000x\000t\000e\000n\000s\000i\000o\000n\000\040\000t\000o\000\040\000h\000i\000g\000h\000e\000r\000\040\000d\000i\000m\000e\000n\000s\000i\000o\000n\000s}{section.11}% 34
\BOOKMARK [2][-]{subsection.11.7}{\376\377\000F\000u\000n\000c\000t\000i\000o\000n\000-\000l\000e\000v\000e\000l\000\040\000i\000n\000t\000e\000r\000p\000r\000e\000t\000a\000t\000i\000o\000n}{section.11}% 35
\BOOKMARK [1][-]{section.12}{\376\377\000P\000r\000u\000n\000i\000n\000g\000\040\000s\000t\000r\000a\000t\000e\000g\000y\000\040\000a\000n\000d\000\040\000c\000a\000n\000d\000i\000d\000a\000t\000e\000\040\000e\000l\000i\000m\000i\000n\000a\000t\000i\000o\000n}{}% 36
\BOOKMARK [2][-]{subsection.12.1}{\376\377\000A\000c\000t\000i\000v\000e\000\040\000a\000n\000d\000\040\000e\000l\000i\000m\000i\000n\000a\000t\000e\000d\000\040\000s\000e\000t\000s}{section.12}% 37
\BOOKMARK [2][-]{subsection.12.2}{\376\377\000C\000a\000n\000d\000i\000d\000a\000t\000e\000\040\000r\000a\000n\000k\000i\000n\000g\000\040\000b\000y\000\040\000a\000g\000g\000r\000e\000g\000a\000t\000e\000\040\000w\000e\000i\000g\000h\000t}{section.12}% 38
\BOOKMARK [2][-]{subsection.12.3}{\376\377\000S\000i\000n\000g\000l\000e\000-\000p\000o\000i\000n\000t\000\040\000e\000l\000i\000m\000i\000n\000a\000t\000i\000o\000n\000\040\000t\000r\000i\000a\000l}{section.12}% 39
\BOOKMARK [2][-]{subsection.12.4}{\376\377\000S\000t\000o\000p\000p\000i\000n\000g\000\040\000c\000r\000i\000t\000e\000r\000i\000o\000n}{section.12}% 40
\BOOKMARK [2][-]{subsection.12.5}{\376\377\000T\000w\000o\000-\000s\000t\000a\000g\000e\000\040\000p\000r\000u\000n\000i\000n\000g\000\040\000l\000o\000g\000i\000c}{section.12}% 41
\BOOKMARK [2][-]{subsection.12.6}{\376\377\000P\000s\000e\000u\000d\000o\000-\000a\000l\000g\000o\000r\000i\000t\000h\000m\000\040\000f\000o\000r\000\040\000t\000h\000e\000\040\000p\000r\000u\000n\000i\000n\000g\000\040\000l\000o\000o\000p}{section.12}% 42
\BOOKMARK [2][-]{subsection.12.7}{\376\377\000I\000n\000t\000e\000r\000p\000r\000e\000t\000a\000t\000i\000o\000n}{section.12}% 43
\BOOKMARK [2][-]{subsection.12.8}{\376\377\000F\000u\000n\000c\000t\000i\000o\000n\000-\000l\000e\000v\000e\000l\000\040\000i\000n\000t\000e\000r\000p\000r\000e\000t\000a\000t\000i\000o\000n}{section.12}% 44
\BOOKMARK [1][-]{section.13}{\376\377\000S\000t\000a\000g\000e\000\040\0001\000:\000\040\000n\000o\000-\000e\000n\000f\000o\000r\000c\000e\000m\000e\000n\000t\000\040\000l\000e\000a\000s\000t\000-\000c\000h\000a\000n\000g\000e\000\040\000r\000e\000d\000i\000s\000t\000r\000i\000b\000u\000t\000i\000o\000n}{}% 45
\BOOKMARK [2][-]{subsection.13.1}{\376\377\000L\000o\000c\000a\000l\000\040\000l\000e\000a\000s\000t\000-\000c\000h\000a\000n\000g\000e\000\040\000r\000e\000d\000i\000s\000t\000r\000i\000b\000u\000t\000i\000o\000n}{section.13}% 46
\BOOKMARK [2][-]{subsection.13.2}{\376\377\000R\000e\000d\000u\000c\000e\000d\000\040\000l\000o\000c\000a\000l\000\040\000s\000y\000s\000t\000e\000m\000\040\000a\000f\000t\000e\000r\000\040\000e\000l\000i\000m\000i\000n\000a\000t\000i\000o\000n}{section.13}% 47
\BOOKMARK [2][-]{subsection.13.3}{\376\377\000C\000l\000o\000s\000e\000d\000-\000f\000o\000r\000m\000\040\000l\000e\000a\000s\000t\000-\000c\000h\000a\000n\000g\000e\000\040\000u\000p\000d\000a\000t\000e}{section.13}% 48
\BOOKMARK [2][-]{subsection.13.4}{\376\377\000I\000n\000t\000e\000r\000p\000r\000e\000t\000a\000t\000i\000o\000n\000\040\000a\000s\000\040\000a\000\040\000m\000i\000n\000i\000m\000u\000m\000\040\000r\000e\000d\000i\000s\000t\000r\000i\000b\000u\000t\000i\000o\000n}{section.13}% 49
\BOOKMARK [2][-]{subsection.13.5}{\376\377\000W\000h\000y\000\040\000s\000m\000o\000o\000t\000h\000n\000e\000s\000s\000\040\000i\000s\000\040\000u\000s\000u\000a\000l\000l\000y\000\040\000b\000e\000t\000t\000e\000r\000\040\000i\000n\000\040\000t\000h\000i\000s\000\040\000s\000t\000a\000g\000e}{section.13}% 50
\BOOKMARK [2][-]{subsection.13.6}{\376\377\000A\000c\000c\000e\000p\000t\000a\000n\000c\000e\000\040\000a\000n\000d\000\040\000r\000e\000j\000e\000c\000t\000i\000o\000n\000\040\000o\000f\000\040\000c\000a\000n\000d\000i\000d\000a\000t\000e\000s}{section.13}% 51
\BOOKMARK [2][-]{subsection.13.7}{\376\377\000P\000s\000e\000u\000d\000o\000-\000a\000l\000g\000o\000r\000i\000t\000h\000m}{section.13}% 52
\BOOKMARK [2][-]{subsection.13.8}{\376\377\000F\000u\000n\000c\000t\000i\000o\000n\000-\000l\000e\000v\000e\000l\000\040\000i\000n\000t\000e\000r\000p\000r\000e\000t\000a\000t\000i\000o\000n}{section.13}% 53
\BOOKMARK [1][-]{section.14}{\376\377\000S\000t\000a\000g\000e\000\040\0002\000:\000\040\000l\000o\000c\000a\000l\000\040\000p\000o\000s\000i\000t\000i\000v\000i\000t\000y\000\040\000e\000n\000f\000o\000r\000c\000e\000m\000e\000n\000t\000\040\000b\000y\000\040\000a\000c\000t\000i\000v\000e\000\040\000s\000e\000t\000s}{}% 54
\BOOKMARK [2][-]{subsection.14.1}{\376\377\000L\000o\000c\000a\000l\000\040\000c\000o\000n\000s\000t\000r\000a\000i\000n\000e\000d\000\040\000r\000e\000d\000i\000s\000t\000r\000i\000b\000u\000t\000i\000o\000n\000\040\000p\000r\000o\000b\000l\000e\000m}{section.14}% 55
\BOOKMARK [2][-]{subsection.14.2}{\376\377\000G\000e\000o\000m\000e\000t\000r\000i\000c\000\040\000i\000n\000t\000e\000r\000p\000r\000e\000t\000a\000t\000i\000o\000n}{section.14}% 56
\BOOKMARK [2][-]{subsection.14.3}{\376\377\000A\000c\000t\000i\000v\000e\000-\000s\000e\000t\000\040\000p\000h\000i\000l\000o\000s\000o\000p\000h\000y}{section.14}% 57
\BOOKMARK [2][-]{subsection.14.4}{\376\377\000R\000e\000d\000u\000c\000e\000d\000\040\000l\000o\000c\000a\000l\000\040\000v\000a\000r\000i\000a\000b\000l\000e\000s}{section.14}% 58
\BOOKMARK [2][-]{subsection.14.5}{\376\377\000I\000t\000e\000r\000a\000t\000i\000v\000e\000\040\000e\000v\000o\000l\000u\000t\000i\000o\000n\000\040\000o\000f\000\040\000t\000h\000e\000\040\000a\000c\000t\000i\000v\000e\000\040\000s\000e\000t\000s}{section.14}% 59
\BOOKMARK [2][-]{subsection.14.6}{\376\377\000N\000o\000d\000e\000-\000d\000e\000p\000e\000n\000d\000e\000n\000t\000\040\000a\000c\000t\000i\000v\000e\000\040\000s\000e\000t\000s}{section.14}% 60
\BOOKMARK [2][-]{subsection.14.7}{\376\377\000O\000r\000i\000g\000i\000n\000\040\000o\000f\000\040\000n\000o\000n\000s\000m\000o\000o\000t\000h\000n\000e\000s\000s}{section.14}% 61
\BOOKMARK [2][-]{subsection.14.8}{\376\377\000A\000c\000c\000e\000p\000t\000a\000n\000c\000e\000\040\000a\000n\000d\000\040\000r\000e\000j\000e\000c\000t\000i\000o\000n}{section.14}% 62
\BOOKMARK [2][-]{subsection.14.9}{\376\377\000P\000s\000e\000u\000d\000o\000-\000a\000l\000g\000o\000r\000i\000t\000h\000m}{section.14}% 63
\BOOKMARK [2][-]{subsection.14.10}{\376\377\000I\000n\000t\000e\000r\000p\000r\000e\000t\000a\000t\000i\000o\000n}{section.14}% 64
\BOOKMARK [2][-]{subsection.14.11}{\376\377\000F\000u\000n\000c\000t\000i\000o\000n\000-\000l\000e\000v\000e\000l\000\040\000i\000n\000t\000e\000r\000p\000r\000e\000t\000a\000t\000i\000o\000n}{section.14}% 65
\BOOKMARK [1][-]{section.15}{\376\377\000S\000t\000a\000g\000e\000\040\0003\000:\000\040\000g\000r\000a\000p\000h\000-\000r\000e\000g\000u\000l\000a\000r\000i\000z\000e\000d\000\040\000p\000o\000s\000i\000t\000i\000v\000i\000t\000y\000\040\000e\000n\000f\000o\000r\000c\000e\000m\000e\000n\000t}{}% 66
\BOOKMARK [2][-]{subsection.15.1}{\376\377\000G\000l\000o\000b\000a\000l\000\040\000u\000n\000k\000n\000o\000w\000n\000\040\000a\000n\000d\000\040\000c\000o\000n\000s\000t\000r\000a\000i\000n\000t\000s}{section.15}% 67
\BOOKMARK [2][-]{subsection.15.2}{\376\377\000I\000n\000c\000r\000e\000m\000e\000n\000t\000a\000l\000\040\000g\000r\000a\000p\000h\000-\000r\000e\000g\000u\000l\000a\000r\000i\000z\000e\000d\000\040\000o\000b\000j\000e\000c\000t\000i\000v\000e}{section.15}% 68
\BOOKMARK [2][-]{subsection.15.3}{\376\377\000S\000t\000a\000c\000k\000e\000d\000\040\000q\000u\000a\000d\000r\000a\000t\000i\000c\000\040\000f\000o\000r\000m}{section.15}% 69
\BOOKMARK [2][-]{subsection.15.4}{\376\377\000N\000o\000d\000e\000-\000d\000e\000p\000e\000n\000d\000e\000n\000t\000\040\000a\000c\000t\000i\000v\000e\000\040\000s\000e\000t\000s}{section.15}% 70
\BOOKMARK [2][-]{subsection.15.5}{\376\377\000N\000u\000l\000l\000s\000p\000a\000c\000e\000\040\000p\000a\000r\000a\000m\000e\000t\000r\000i\000z\000a\000t\000i\000o\000n}{section.15}% 71
\BOOKMARK [2][-]{subsection.15.6}{\376\377\000A\000c\000t\000i\000v\000e\000-\000s\000e\000t\000\040\000i\000t\000e\000r\000a\000t\000i\000o\000n\000s}{section.15}% 72
\BOOKMARK [2][-]{subsection.15.7}{\376\377\000W\000h\000y\000\040\000g\000r\000a\000p\000h\000\040\000c\000o\000u\000p\000l\000i\000n\000g\000\040\000h\000e\000l\000p\000s}{section.15}% 73
\BOOKMARK [2][-]{subsection.15.8}{\376\377\000P\000s\000e\000u\000d\000o\000-\000a\000l\000g\000o\000r\000i\000t\000h\000m}{section.15}% 74
\BOOKMARK [2][-]{subsection.15.9}{\376\377\000F\000u\000n\000c\000t\000i\000o\000n\000-\000l\000e\000v\000e\000l\000\040\000i\000n\000t\000e\000r\000p\000r\000e\000t\000a\000t\000i\000o\000n}{section.15}% 75
\BOOKMARK [1][-]{section.16}{\376\377\000R\000e\000g\000r\000e\000s\000s\000i\000o\000n\000\040\000o\000f\000\040\000t\000h\000e\000\040\000a\000d\000a\000p\000t\000i\000v\000e\000\040\000w\000e\000i\000g\000h\000t\000\040\000f\000i\000e\000l\000d\000s}{}% 76
\BOOKMARK [2][-]{subsection.16.1}{\376\377\000W\000e\000i\000g\000h\000t\000\040\000f\000i\000e\000l\000d\000s\000\040\000o\000v\000e\000r\000\040\000t\000h\000e\000\040\000l\000a\000t\000e\000n\000t\000\040\000m\000a\000n\000i\000f\000o\000l\000d}{section.16}% 77
\BOOKMARK [2][-]{subsection.16.2}{\376\377\000W\000h\000y\000\040\000r\000e\000g\000r\000e\000s\000s\000i\000o\000n\000\040\000i\000s\000\040\000n\000e\000c\000e\000s\000s\000a\000r\000y}{section.16}% 78
\BOOKMARK [2][-]{subsection.16.3}{\376\377\000C\000h\000o\000i\000c\000e\000\040\000o\000f\000\040\000r\000a\000d\000i\000a\000l\000\040\000b\000a\000s\000i\000s\000\040\000f\000u\000n\000c\000t\000i\000o\000n\000s}{section.16}% 79
\BOOKMARK [2][-]{subsection.16.4}{\376\377\000R\000B\000F\000\040\000a\000p\000p\000r\000o\000x\000i\000m\000a\000t\000i\000o\000n\000\040\000o\000f\000\040\000o\000n\000e\000\040\000w\000e\000i\000g\000h\000t\000\040\000f\000i\000e\000l\000d}{section.16}% 80
\BOOKMARK [2][-]{subsection.16.5}{\376\377\000S\000t\000r\000u\000c\000t\000u\000r\000e\000d\000\040\000s\000u\000b\000s\000a\000m\000p\000l\000i\000n\000g\000\040\000o\000f\000\040\000R\000B\000F\000\040\000c\000e\000n\000t\000e\000r\000s}{section.16}% 81
\BOOKMARK [2][-]{subsection.16.6}{\376\377\000M\000a\000t\000r\000i\000x\000\040\000f\000o\000r\000m\000\040\000o\000f\000\040\000t\000h\000e\000\040\000r\000e\000g\000r\000e\000s\000s\000i\000o\000n\000\040\000p\000r\000o\000b\000l\000e\000m}{section.16}% 82
\BOOKMARK [2][-]{subsection.16.7}{\376\377\000D\000i\000f\000f\000e\000r\000e\000n\000t\000i\000a\000b\000i\000l\000i\000t\000y}{section.16}% 83
\BOOKMARK [2][-]{subsection.16.8}{\376\377\000I\000n\000f\000l\000u\000e\000n\000c\000e\000\040\000o\000f\000\040\000g\000r\000a\000p\000h\000\040\000r\000e\000g\000u\000l\000a\000r\000i\000z\000a\000t\000i\000o\000n}{section.16}% 84
\BOOKMARK [2][-]{subsection.16.9}{\376\377\000O\000n\000l\000i\000n\000e\000\040\000e\000v\000a\000l\000u\000a\000t\000i\000o\000n}{section.16}% 85
\BOOKMARK [2][-]{subsection.16.10}{\376\377\000P\000s\000e\000u\000d\000o\000-\000a\000l\000g\000o\000r\000i\000t\000h\000m}{section.16}% 86
\BOOKMARK [2][-]{subsection.16.11}{\376\377\000F\000u\000n\000c\000t\000i\000o\000n\000-\000l\000e\000v\000e\000l\000\040\000i\000n\000t\000e\000r\000p\000r\000e\000t\000a\000t\000i\000o\000n}{section.16}% 87
\BOOKMARK [1][-]{section.17}{\376\377\000A\000\040\000p\000h\000y\000s\000i\000c\000a\000l\000\040\000i\000n\000t\000e\000r\000p\000r\000e\000t\000a\000t\000i\000o\000n\000\040\000o\000f\000\040\000t\000h\000e\000\040\000p\000r\000u\000n\000i\000n\000g\000\040\000p\000r\000o\000c\000e\000s\000s}{}% 88
\BOOKMARK [2][-]{subsection.17.1}{\376\377\000A\000\040\000s\000u\000s\000p\000e\000n\000d\000e\000d\000\040\000b\000r\000i\000d\000g\000e\000\040\000u\000n\000d\000e\000r\000\040\000m\000a\000n\000y\000\040\000w\000i\000n\000d\000\040\000c\000o\000n\000d\000i\000t\000i\000o\000n\000s}{section.17}% 89
\BOOKMARK [2][-]{subsection.17.2}{\376\377\000T\000h\000e\000\040\000f\000r\000o\000z\000e\000n\000-\000f\000o\000r\000c\000e\000\040\000p\000h\000i\000l\000o\000s\000o\000p\000h\000y\000\040\000o\000f\000\040\000s\000t\000a\000n\000d\000a\000r\000d\000\040\000E\000C\000M}{section.17}% 90
\BOOKMARK [2][-]{subsection.17.3}{\376\377\000T\000h\000e\000\040\000c\000e\000n\000t\000r\000a\000l\000\040\000i\000d\000e\000a\000\040\000o\000f\000\040\000M\000A\000W\040\023\000E\000C\000M}{section.17}% 91
\BOOKMARK [2][-]{subsection.17.4}{\376\377\000P\000r\000u\000n\000i\000n\000g\000\040\000a\000s\000\040\000c\000u\000t\000t\000i\000n\000g\000\040\000c\000a\000b\000l\000e\000s}{section.17}% 92
\BOOKMARK [2][-]{subsection.17.5}{\376\377\000S\000l\000a\000c\000k\000i\000n\000g\000\040\000c\000a\000b\000l\000e\000s\000\040\000a\000n\000d\000\040\000a\000c\000t\000i\000v\000e\000\040\000s\000e\000t\000s}{section.17}% 93
\BOOKMARK [2][-]{subsection.17.6}{\376\377\000R\000e\000g\000u\000l\000a\000r\000i\000z\000a\000t\000i\000o\000n\000\040\000a\000s\000\040\000c\000o\000h\000e\000r\000e\000n\000t\000\040\000s\000t\000r\000u\000c\000t\000u\000r\000a\000l\000\040\000b\000e\000h\000a\000v\000i\000o\000r}{section.17}% 94
\BOOKMARK [2][-]{subsection.17.7}{\376\377\000F\000i\000n\000a\000l\000\040\000p\000i\000c\000t\000u\000r\000e}{section.17}% 95
