 |  /           |                  
 ' /   __| _` | __|  _ \   __|    
 . \  |   (   | |   (   |\__ \  
_|\_\_|  \__,_|\__|\___/ ____/
           Multi-Physics 10.3."0"-master-532e0dba7d-Release-x86_64
           Compiled for GNU/Linux and Python3.12 with GCC-13.2
Compiled with threading support. Threading support with OpenMP.
Maximum number of threads: 16.
Importing    KratosStructuralMechanicsApplication 
    KRATOS   ___|  |                   |                   |
           \___ \  __|  __| |   |  __| __| |   |  __| _` | |
                 | |   |    |   | (    |   |   | |   (   | |
           _____/ \__|_|   \__,_|\___|\__|\__,_|_|  \__,_|_| MECHANICS
Initializing KratosStructuralMechanicsApplication...
Importing    KratosConstitutiveLawsApplication 
Initializing KratosConstitutiveLawsApplication...
[WARNING] DEPRECATION-Warning; MechanicalSolver: Using "line_search", please move it to "solving_strategy_settings" as "type" 
::[MechanicalSolver]:: : Construction finished 
::[StaticMechanicalSolver]:: : Construction finished 
::[MechanicalSolver]:: : Variables ADDED 
[WARNING] Model: Trying to create a root modelpart with name Structure however a ModelPart with the same name already exists. 
Returning the already existent ModelPart.
SingleImportModelPart: Reading model part from file: "/home/kratos/ML_assisted_CLs/homogenization_NeoHookean_using_Kratos_Hole_Tension/rve_geometry".mdpa
ModelPartIO:   [Reading Nodes    : 2122 nodes read]
ModelPartIO:   [Reading Geometries : 990 geometries read] [Type: Triangle2D6]
ModelPartIO:   [Total Lines Read : 6408]
SingleImportModelPart: Finished reading model part from mdpa file.
::[PythonSolver]::: Reading model part. 
::[PythonSolver]::: Using already imported model part - no reading necessary. 
ModelPart: -Structure- model part
    Buffer Size : 1
    Number of tables : 0
    Number of sub model parts : 2
    Current solution step index : 0
    DOMAIN_SIZE : 2
    OSS_SWITCH : 0
    IS_RESTARTED : 0

    Number of Geometries  : 990
    Mesh 0 :
        Number of Nodes       : 2122
        Number of Properties  : 1
        Number of Elements    : 990
        Number of Conditions  : 0
        Number of Constraints : 0

    -dirichlet- model part
        Number of tables : 0
        Number of sub model parts : 0

        Number of Geometries  : 0
        Mesh 0 :
            Number of Nodes       : 160
            Number of Properties  : 0
            Number of Elements    : 0
            Number of Conditions  : 0
            Number of Constraints : 0
    -material- model part
        Number of tables : 0
        Number of sub model parts : 0

        Number of Geometries  : 990
        Mesh 0 :
            Number of Nodes       : 2122
            Number of Properties  : 0
            Number of Elements    : 990
            Number of Conditions  : 0
            Number of Constraints : 0
 
::[PythonSolver]:: : Finished reading model part. 
Read materials: Started
Read materials: Finished
::[MechanicalSolver]:: : Constitutive law was successfully imported. 
::[MechanicalSolver]::: ModelPart prepared for Solver. 
::[MechanicalSolver]:: : DOF's ADDED 
::[MechanicalSolver]:: : Initializing ... 
Importing    LinearSolversApplication 
    Kratos  _     _                       ____        _
           | |   (_)_ __   ___  __ _ _ __/ ___|  ___ | |_   _____ _ __ ___
           | |   | | '_ \ / _ \/ _` | '__\___ \ / _ \| \ \ / / _ \ '__/ __|
           | |___| | | | |  __/ (_| | |   ___) | (_) | |\ V /  __/ |  \__ \
           |_____|_|_| |_|\___|\__,_|_|  |____/ \___/|_| \_/ \___|_|  |___/
Initializing KratosLinearSolversApplication...
Linear-Solver-Factory: Constructing a regular (non-complex) linear-solver 
[WARNING] LineSearchStrategy: Using deprecated constructor. Please use constructor without linear solver.::[MechanicalSolver]:: : Finished initialization. 
Analysis: Analysis -START-  
Analysis: STEP:  1 
Analysis: TIME:  0.0025 
Analysis: STEP:  2 
Analysis: TIME:  0.005 
Analysis: STEP:  3 
Analysis: TIME:  0.0075 
Analysis: STEP:  4 
Analysis: TIME:  0.01 
Analysis: STEP:  5 
Analysis: TIME:  0.0125 
Analysis: STEP:  6 
Analysis: TIME:  0.015 
Analysis: STEP:  7 
Analysis: TIME:  0.0175 
Analysis: STEP:  8 
Analysis: TIME:  0.02 
Analysis: STEP:  9 
Analysis: TIME:  0.0225 
Analysis: STEP:  10 
Analysis: TIME:  0.025 
Analysis: STEP:  11 
Analysis: TIME:  0.0275 
Analysis: STEP:  12 
Analysis: TIME:  0.03 
Analysis: STEP:  13 
Analysis: TIME:  0.0325 
Analysis: STEP:  14 
Analysis: TIME:  0.035 
Analysis: STEP:  15 
Analysis: TIME:  0.0375 
Analysis: STEP:  16 
Analysis: TIME:  0.04 
Analysis: STEP:  17 
Analysis: TIME:  0.0425 
Analysis: STEP:  18 
Analysis: TIME:  0.045 
Analysis: STEP:  19 
Analysis: TIME:  0.0475 
Analysis: STEP:  20 
Analysis: TIME:  0.05 
Analysis: STEP:  21 
Analysis: TIME:  0.0525 
Analysis: STEP:  22 
Analysis: TIME:  0.055 
Analysis: STEP:  23 
Analysis: TIME:  0.0575 
Analysis: STEP:  24 
Analysis: TIME:  0.06 
Analysis: STEP:  25 
Analysis: TIME:  0.0625 
Analysis: STEP:  26 
Analysis: TIME:  0.065 
Analysis: STEP:  27 
Analysis: TIME:  0.0675 
Analysis: STEP:  28 
Analysis: TIME:  0.07 
Analysis: STEP:  29 
Analysis: TIME:  0.0725 
Analysis: STEP:  30 
Analysis: TIME:  0.075 
Analysis: STEP:  31 
Analysis: TIME:  0.0775 
Analysis: STEP:  32 
Analysis: TIME:  0.08 
Analysis: STEP:  33 
Analysis: TIME:  0.0825 
Analysis: STEP:  34 
Analysis: TIME:  0.085 
Analysis: STEP:  35 
Analysis: TIME:  0.08750000000000001 
Analysis: STEP:  36 
Analysis: TIME:  0.09 
Analysis: STEP:  37 
Analysis: TIME:  0.0925 
Analysis: STEP:  38 
Analysis: TIME:  0.095 
Analysis: STEP:  39 
Analysis: TIME:  0.0975 
Analysis: STEP:  40 
Analysis: TIME:  0.1 
Analysis: STEP:  41 
Analysis: TIME:  0.10250000000000001 
Analysis: STEP:  42 
Analysis: TIME:  0.105 
Analysis: STEP:  43 
Analysis: TIME:  0.1075 
Analysis: STEP:  44 
Analysis: TIME:  0.11 
Analysis: STEP:  45 
Analysis: TIME:  0.1125 
Analysis: STEP:  46 
Analysis: TIME:  0.115 
Analysis: STEP:  47 
Analysis: TIME:  0.11750000000000001 
Analysis: STEP:  48 
Analysis: TIME:  0.12 
Analysis: STEP:  49 
Analysis: TIME:  0.1225 
Analysis: STEP:  50 
Analysis: TIME:  0.125 
Analysis: STEP:  51 
Analysis: TIME:  0.1275 
Analysis: STEP:  52 
Analysis: TIME:  0.13 
Analysis: STEP:  53 
Analysis: TIME:  0.1325 
Analysis: STEP:  54 
Analysis: TIME:  0.135 
Analysis: STEP:  55 
Analysis: TIME:  0.1375 
Analysis: STEP:  56 
Analysis: TIME:  0.14 
Analysis: STEP:  57 
Analysis: TIME:  0.14250000000000002 
Analysis: STEP:  58 
Analysis: TIME:  0.145 
Analysis: STEP:  59 
Analysis: TIME:  0.1475 
Analysis: STEP:  60 
Analysis: TIME:  0.15 
Analysis: STEP:  61 
Analysis: TIME:  0.1525 
Analysis: STEP:  62 
Analysis: TIME:  0.155 
Analysis: STEP:  63 
Analysis: TIME:  0.1575 
Analysis: STEP:  64 
Analysis: TIME:  0.16 
Analysis: STEP:  65 
Analysis: TIME:  0.1625 
Analysis: STEP:  66 
Analysis: TIME:  0.165 
Analysis: STEP:  67 
Analysis: TIME:  0.1675 
Analysis: STEP:  68 
Analysis: TIME:  0.17 
Analysis: STEP:  69 
Analysis: TIME:  0.17250000000000001 
Analysis: STEP:  70 
Analysis: TIME:  0.17500000000000002 
Analysis: STEP:  71 
Analysis: TIME:  0.1775 
Analysis: STEP:  72 
Analysis: TIME:  0.18 
Analysis: STEP:  73 
Analysis: TIME:  0.1825 
Analysis: STEP:  74 
Analysis: TIME:  0.185 
Analysis: STEP:  75 
Analysis: TIME:  0.1875 
Analysis: STEP:  76 
Analysis: TIME:  0.19 
Analysis: STEP:  77 
Analysis: TIME:  0.1925 
Analysis: STEP:  78 
Analysis: TIME:  0.195 
Analysis: STEP:  79 
Analysis: TIME:  0.1975 
Analysis: STEP:  80 
Analysis: TIME:  0.2 
Analysis: STEP:  81 
Analysis: TIME:  0.2025 
Analysis: STEP:  82 
Analysis: TIME:  0.20500000000000002 
Analysis: STEP:  83 
Analysis: TIME:  0.20750000000000002 
Analysis: STEP:  84 
Analysis: TIME:  0.21 
Analysis: STEP:  85 
Analysis: TIME:  0.2125 
Analysis: STEP:  86 
Analysis: TIME:  0.215 
Analysis: STEP:  87 
Analysis: TIME:  0.2175 
Analysis: STEP:  88 
Analysis: TIME:  0.22 
Analysis: STEP:  89 
Analysis: TIME:  0.2225 
Analysis: STEP:  90 
Analysis: TIME:  0.225 
Analysis: STEP:  91 
Analysis: TIME:  0.2275 
Analysis: STEP:  92 
Analysis: TIME:  0.23 
Analysis: STEP:  93 
Analysis: TIME:  0.2325 
Analysis: STEP:  94 
Analysis: TIME:  0.23500000000000001 
Analysis: STEP:  95 
Analysis: TIME:  0.23750000000000002 
Analysis: STEP:  96 
Analysis: TIME:  0.24 
Analysis: STEP:  97 
Analysis: TIME:  0.2425 
Analysis: STEP:  98 
Analysis: TIME:  0.245 
Analysis: STEP:  99 
Analysis: TIME:  0.2475 
Analysis: STEP:  100 
Analysis: TIME:  0.25 
Analysis: STEP:  101 
Analysis: TIME:  0.2525 
Analysis: STEP:  102 
Analysis: TIME:  0.255 
Analysis: STEP:  103 
Analysis: TIME:  0.2575 
Analysis: STEP:  104 
Analysis: TIME:  0.26 
Analysis: STEP:  105 
Analysis: TIME:  0.2625 
Analysis: STEP:  106 
Analysis: TIME:  0.265 
Analysis: STEP:  107 
Analysis: TIME:  0.2675 
Analysis: STEP:  108 
Analysis: TIME:  0.27 
Analysis: STEP:  109 
Analysis: TIME:  0.2725 
Analysis: STEP:  110 
Analysis: TIME:  0.275 
Analysis: STEP:  111 
Analysis: TIME:  0.2775 
Analysis: STEP:  112 
Analysis: TIME:  0.28 
Analysis: STEP:  113 
Analysis: TIME:  0.28250000000000003 
Analysis: STEP:  114 
Analysis: TIME:  0.28500000000000003 
Analysis: STEP:  115 
Analysis: TIME:  0.28750000000000003 
Analysis: STEP:  116 
Analysis: TIME:  0.29 
Analysis: STEP:  117 
Analysis: TIME:  0.2925 
Analysis: STEP:  118 
Analysis: TIME:  0.295 
Analysis: STEP:  119 
Analysis: TIME:  0.2975 
Analysis: STEP:  120 
Analysis: TIME:  0.3 
Analysis: STEP:  121 
Analysis: TIME:  0.3025 
Analysis: STEP:  122 
Analysis: TIME:  0.305 
Analysis: STEP:  123 
Analysis: TIME:  0.3075 
Analysis: STEP:  124 
Analysis: TIME:  0.31 
Analysis: STEP:  125 
Analysis: TIME:  0.3125 
Analysis: STEP:  126 
Analysis: TIME:  0.315 
Analysis: STEP:  127 
Analysis: TIME:  0.3175 
Analysis: STEP:  128 
Analysis: TIME:  0.32 
Analysis: STEP:  129 
Analysis: TIME:  0.3225 
Analysis: STEP:  130 
Analysis: TIME:  0.325 
Analysis: STEP:  131 
Analysis: TIME:  0.3275 
Analysis: STEP:  132 
Analysis: TIME:  0.33 
Analysis: STEP:  133 
Analysis: TIME:  0.3325 
Analysis: STEP:  134 
Analysis: TIME:  0.335 
Analysis: STEP:  135 
Analysis: TIME:  0.3375 
Analysis: STEP:  136 
Analysis: TIME:  0.34 
Analysis: STEP:  137 
Analysis: TIME:  0.3425 
Analysis: STEP:  138 
Analysis: TIME:  0.34500000000000003 
Analysis: STEP:  139 
Analysis: TIME:  0.34750000000000003 
Analysis: STEP:  140 
Analysis: TIME:  0.35000000000000003 
Analysis: STEP:  141 
Analysis: TIME:  0.3525 
Analysis: STEP:  142 
Analysis: TIME:  0.355 
Analysis: STEP:  143 
Analysis: TIME:  0.3575 
Analysis: STEP:  144 
Analysis: TIME:  0.36 
Analysis: STEP:  145 
Analysis: TIME:  0.3625 
Analysis: STEP:  146 
Analysis: TIME:  0.365 
Analysis: STEP:  147 
Analysis: TIME:  0.3675 
Analysis: STEP:  148 
Analysis: TIME:  0.37 
Analysis: STEP:  149 
Analysis: TIME:  0.3725 
Analysis: STEP:  150 
Analysis: TIME:  0.375 
Analysis: STEP:  151 
Analysis: TIME:  0.3775 
Analysis: STEP:  152 
Analysis: TIME:  0.38 
Analysis: STEP:  153 
Analysis: TIME:  0.3825 
Analysis: STEP:  154 
Analysis: TIME:  0.385 
Analysis: STEP:  155 
Analysis: TIME:  0.3875 
Analysis: STEP:  156 
Analysis: TIME:  0.39 
Analysis: STEP:  157 
Analysis: TIME:  0.3925 
Analysis: STEP:  158 
Analysis: TIME:  0.395 
Analysis: STEP:  159 
Analysis: TIME:  0.3975 
Analysis: STEP:  160 
Analysis: TIME:  0.4 
Analysis: STEP:  161 
Analysis: TIME:  0.4025 
Analysis: STEP:  162 
Analysis: TIME:  0.405 
Analysis: STEP:  163 
Analysis: TIME:  0.40750000000000003 
Analysis: STEP:  164 
Analysis: TIME:  0.41000000000000003 
Analysis: STEP:  165 
Analysis: TIME:  0.41250000000000003 
Analysis: STEP:  166 
Analysis: TIME:  0.41500000000000004 
Analysis: STEP:  167 
Analysis: TIME:  0.4175 
Analysis: STEP:  168 
Analysis: TIME:  0.42 
Analysis: STEP:  169 
Analysis: TIME:  0.4225 
Analysis: STEP:  170 
Analysis: TIME:  0.425 
Analysis: STEP:  171 
Analysis: TIME:  0.4275 
Analysis: STEP:  172 
Analysis: TIME:  0.43 
Analysis: STEP:  173 
Analysis: TIME:  0.4325 
Analysis: STEP:  174 
Analysis: TIME:  0.435 
Analysis: STEP:  175 
Analysis: TIME:  0.4375 
Analysis: STEP:  176 
Analysis: TIME:  0.44 
Analysis: STEP:  177 
Analysis: TIME:  0.4425 
Analysis: STEP:  178 
Analysis: TIME:  0.445 
Analysis: STEP:  179 
Analysis: TIME:  0.4475 
Analysis: STEP:  180 
Analysis: TIME:  0.45 
Analysis: STEP:  181 
Analysis: TIME:  0.4525 
Analysis: STEP:  182 
Analysis: TIME:  0.455 
Analysis: STEP:  183 
Analysis: TIME:  0.4575 
Analysis: STEP:  184 
Analysis: TIME:  0.46 
Analysis: STEP:  185 
Analysis: TIME:  0.4625 
Analysis: STEP:  186 
Analysis: TIME:  0.465 
Analysis: STEP:  187 
Analysis: TIME:  0.4675 
Analysis: STEP:  188 
Analysis: TIME:  0.47000000000000003 
Analysis: STEP:  189 
Analysis: TIME:  0.47250000000000003 
Analysis: STEP:  190 
Analysis: TIME:  0.47500000000000003 
Analysis: STEP:  191 
Analysis: TIME:  0.47750000000000004 
Analysis: STEP:  192 
Analysis: TIME:  0.48 
Analysis: STEP:  193 
Analysis: TIME:  0.4825 
Analysis: STEP:  194 
Analysis: TIME:  0.485 
Analysis: STEP:  195 
Analysis: TIME:  0.4875 
Analysis: STEP:  196 
Analysis: TIME:  0.49 
Analysis: STEP:  197 
Analysis: TIME:  0.4925 
Analysis: STEP:  198 
Analysis: TIME:  0.495 
Analysis: STEP:  199 
Analysis: TIME:  0.4975 
Analysis: STEP:  200 
Analysis: TIME:  0.5 
Analysis: STEP:  201 
Analysis: TIME:  0.5025000000000001 
Analysis: STEP:  202 
Analysis: TIME:  0.505 
Analysis: STEP:  203 
Analysis: TIME:  0.5075000000000001 
Analysis: STEP:  204 
Analysis: TIME:  0.51 
Analysis: STEP:  205 
Analysis: TIME:  0.5125 
Analysis: STEP:  206 
Analysis: TIME:  0.515 
Analysis: STEP:  207 
Analysis: TIME:  0.5175 
Analysis: STEP:  208 
Analysis: TIME:  0.52 
Analysis: STEP:  209 
Analysis: TIME:  0.5225 
Analysis: STEP:  210 
Analysis: TIME:  0.525 
Analysis: STEP:  211 
Analysis: TIME:  0.5275 
Analysis: STEP:  212 
Analysis: TIME:  0.53 
Analysis: STEP:  213 
Analysis: TIME:  0.5325 
Analysis: STEP:  214 
Analysis: TIME:  0.535 
Analysis: STEP:  215 
Analysis: TIME:  0.5375 
Analysis: STEP:  216 
Analysis: TIME:  0.54 
Analysis: STEP:  217 
Analysis: TIME:  0.5425 
Analysis: STEP:  218 
Analysis: TIME:  0.545 
Analysis: STEP:  219 
Analysis: TIME:  0.5475 
Analysis: STEP:  220 
Analysis: TIME:  0.55 
Analysis: STEP:  221 
Analysis: TIME:  0.5525 
Analysis: STEP:  222 
Analysis: TIME:  0.555 
Analysis: STEP:  223 
Analysis: TIME:  0.5575 
Analysis: STEP:  224 
Analysis: TIME:  0.56 
Analysis: STEP:  225 
Analysis: TIME:  0.5625 
Analysis: STEP:  226 
Analysis: TIME:  0.5650000000000001 
Analysis: STEP:  227 
Analysis: TIME:  0.5675 
Analysis: STEP:  228 
Analysis: TIME:  0.5700000000000001 
Analysis: STEP:  229 
Analysis: TIME:  0.5725 
Analysis: STEP:  230 
Analysis: TIME:  0.5750000000000001 
Analysis: STEP:  231 
Analysis: TIME:  0.5775 
Analysis: STEP:  232 
Analysis: TIME:  0.58 
Analysis: STEP:  233 
Analysis: TIME:  0.5825 
Analysis: STEP:  234 
Analysis: TIME:  0.585 
Analysis: STEP:  235 
Analysis: TIME:  0.5875 
Analysis: STEP:  236 
Analysis: TIME:  0.59 
Analysis: STEP:  237 
Analysis: TIME:  0.5925 
Analysis: STEP:  238 
Analysis: TIME:  0.595 
Analysis: STEP:  239 
Analysis: TIME:  0.5975 
Analysis: STEP:  240 
Analysis: TIME:  0.6 
Analysis: STEP:  241 
Analysis: TIME:  0.6025 
Analysis: STEP:  242 
Analysis: TIME:  0.605 
Analysis: STEP:  243 
Analysis: TIME:  0.6075 
Analysis: STEP:  244 
Analysis: TIME:  0.61 
Analysis: STEP:  245 
Analysis: TIME:  0.6125 
Analysis: STEP:  246 
Analysis: TIME:  0.615 
Analysis: STEP:  247 
Analysis: TIME:  0.6175 
Analysis: STEP:  248 
Analysis: TIME:  0.62 
Analysis: STEP:  249 
Analysis: TIME:  0.6225 
Analysis: STEP:  250 
Analysis: TIME:  0.625 
Analysis: STEP:  251 
Analysis: TIME:  0.6275000000000001 
Analysis: STEP:  252 
Analysis: TIME:  0.63 
Analysis: STEP:  253 
Analysis: TIME:  0.6325000000000001 
Analysis: STEP:  254 
Analysis: TIME:  0.635 
Analysis: STEP:  255 
Analysis: TIME:  0.6375000000000001 
Analysis: STEP:  256 
Analysis: TIME:  0.64 
Analysis: STEP:  257 
Analysis: TIME:  0.6425 
Analysis: STEP:  258 
Analysis: TIME:  0.645 
Analysis: STEP:  259 
Analysis: TIME:  0.6475 
Analysis: STEP:  260 
Analysis: TIME:  0.65 
Analysis: STEP:  261 
Analysis: TIME:  0.6525 
Analysis: STEP:  262 
Analysis: TIME:  0.655 
Analysis: STEP:  263 
Analysis: TIME:  0.6575 
Analysis: STEP:  264 
Analysis: TIME:  0.66 
Analysis: STEP:  265 
Analysis: TIME:  0.6625 
Analysis: STEP:  266 
Analysis: TIME:  0.665 
Analysis: STEP:  267 
Analysis: TIME:  0.6675 
Analysis: STEP:  268 
Analysis: TIME:  0.67 
Analysis: STEP:  269 
Analysis: TIME:  0.6725 
Analysis: STEP:  270 
Analysis: TIME:  0.675 
Analysis: STEP:  271 
Analysis: TIME:  0.6775 
Analysis: STEP:  272 
Analysis: TIME:  0.68 
Analysis: STEP:  273 
Analysis: TIME:  0.6825 
Analysis: STEP:  274 
Analysis: TIME:  0.685 
Analysis: STEP:  275 
Analysis: TIME:  0.6875 
Analysis: STEP:  276 
Analysis: TIME:  0.6900000000000001 
Analysis: STEP:  277 
Analysis: TIME:  0.6925 
Analysis: STEP:  278 
Analysis: TIME:  0.6950000000000001 
Analysis: STEP:  279 
Analysis: TIME:  0.6975 
Analysis: STEP:  280 
Analysis: TIME:  0.7000000000000001 
Analysis: STEP:  281 
Analysis: TIME:  0.7025 
Analysis: STEP:  282 
Analysis: TIME:  0.705 
Analysis: STEP:  283 
Analysis: TIME:  0.7075 
Analysis: STEP:  284 
Analysis: TIME:  0.71 
Analysis: STEP:  285 
Analysis: TIME:  0.7125 
Analysis: STEP:  286 
Analysis: TIME:  0.715 
Analysis: STEP:  287 
Analysis: TIME:  0.7175 
Analysis: STEP:  288 
Analysis: TIME:  0.72 
Analysis: STEP:  289 
Analysis: TIME:  0.7225 
Analysis: STEP:  290 
Analysis: TIME:  0.725 
Analysis: STEP:  291 
Analysis: TIME:  0.7275 
Analysis: STEP:  292 
Analysis: TIME:  0.73 
Analysis: STEP:  293 
Analysis: TIME:  0.7325 
Analysis: STEP:  294 
Analysis: TIME:  0.735 
Analysis: STEP:  295 
Analysis: TIME:  0.7375 
Analysis: STEP:  296 
Analysis: TIME:  0.74 
Analysis: STEP:  297 
Analysis: TIME:  0.7425 
Analysis: STEP:  298 
Analysis: TIME:  0.745 
Analysis: STEP:  299 
Analysis: TIME:  0.7475 
Analysis: STEP:  300 
Analysis: TIME:  0.75 
Analysis: STEP:  301 
Analysis: TIME:  0.7525000000000001 
Analysis: STEP:  302 
Analysis: TIME:  0.755 
Analysis: STEP:  303 
Analysis: TIME:  0.7575000000000001 
Analysis: STEP:  304 
Analysis: TIME:  0.76 
Analysis: STEP:  305 
Analysis: TIME:  0.7625000000000001 
Analysis: STEP:  306 
Analysis: TIME:  0.765 
Analysis: STEP:  307 
Analysis: TIME:  0.7675000000000001 
Analysis: STEP:  308 
Analysis: TIME:  0.77 
Analysis: STEP:  309 
Analysis: TIME:  0.7725 
Analysis: STEP:  310 
Analysis: TIME:  0.775 
Analysis: STEP:  311 
Analysis: TIME:  0.7775 
Analysis: STEP:  312 
Analysis: TIME:  0.78 
Analysis: STEP:  313 
Analysis: TIME:  0.7825 
Analysis: STEP:  314 
Analysis: TIME:  0.785 
Analysis: STEP:  315 
Analysis: TIME:  0.7875 
Analysis: STEP:  316 
Analysis: TIME:  0.79 
Analysis: STEP:  317 
Analysis: TIME:  0.7925 
Analysis: STEP:  318 
Analysis: TIME:  0.795 
Analysis: STEP:  319 
Analysis: TIME:  0.7975 
Analysis: STEP:  320 
Analysis: TIME:  0.8 
Analysis: STEP:  321 
Analysis: TIME:  0.8025 
Analysis: STEP:  322 
Analysis: TIME:  0.805 
Analysis: STEP:  323 
Analysis: TIME:  0.8075 
Analysis: STEP:  324 
Analysis: TIME:  0.81 
Analysis: STEP:  325 
Analysis: TIME:  0.8125 
Analysis: STEP:  326 
Analysis: TIME:  0.8150000000000001 
Analysis: STEP:  327 
Analysis: TIME:  0.8175 
Analysis: STEP:  328 
Analysis: TIME:  0.8200000000000001 
Analysis: STEP:  329 
Analysis: TIME:  0.8225 
Analysis: STEP:  330 
Analysis: TIME:  0.8250000000000001 
Analysis: STEP:  331 
Analysis: TIME:  0.8275 
Analysis: STEP:  332 
Analysis: TIME:  0.8300000000000001 
Analysis: STEP:  333 
Analysis: TIME:  0.8325 
Analysis: STEP:  334 
Analysis: TIME:  0.835 
Analysis: STEP:  335 
Analysis: TIME:  0.8375 
Analysis: STEP:  336 
Analysis: TIME:  0.84 
Analysis: STEP:  337 
Analysis: TIME:  0.8425 
Analysis: STEP:  338 
Analysis: TIME:  0.845 
Analysis: STEP:  339 
Analysis: TIME:  0.8475 
Analysis: STEP:  340 
Analysis: TIME:  0.85 
Analysis: STEP:  341 
Analysis: TIME:  0.8525 
Analysis: STEP:  342 
Analysis: TIME:  0.855 
Analysis: STEP:  343 
Analysis: TIME:  0.8575 
Analysis: STEP:  344 
Analysis: TIME:  0.86 
Analysis: STEP:  345 
Analysis: TIME:  0.8625 
Analysis: STEP:  346 
Analysis: TIME:  0.865 
Analysis: STEP:  347 
Analysis: TIME:  0.8675 
Analysis: STEP:  348 
Analysis: TIME:  0.87 
Analysis: STEP:  349 
Analysis: TIME:  0.8725 
Analysis: STEP:  350 
Analysis: TIME:  0.875 
Analysis: STEP:  351 
Analysis: TIME:  0.8775000000000001 
Analysis: STEP:  352 
Analysis: TIME:  0.88 
Analysis: STEP:  353 
Analysis: TIME:  0.8825000000000001 
Analysis: STEP:  354 
Analysis: TIME:  0.885 
Analysis: STEP:  355 
Analysis: TIME:  0.8875000000000001 
Analysis: STEP:  356 
Analysis: TIME:  0.89 
Analysis: STEP:  357 
Analysis: TIME:  0.8925000000000001 
Analysis: STEP:  358 
Analysis: TIME:  0.895 
Analysis: STEP:  359 
Analysis: TIME:  0.8975 
Analysis: STEP:  360 
Analysis: TIME:  0.9 
Analysis: STEP:  361 
Analysis: TIME:  0.9025 
Analysis: STEP:  362 
Analysis: TIME:  0.905 
Analysis: STEP:  363 
Analysis: TIME:  0.9075 
Analysis: STEP:  364 
Analysis: TIME:  0.91 
Analysis: STEP:  365 
Analysis: TIME:  0.9125 
Analysis: STEP:  366 
Analysis: TIME:  0.915 
Analysis: STEP:  367 
Analysis: TIME:  0.9175 
Analysis: STEP:  368 
Analysis: TIME:  0.92 
Analysis: STEP:  369 
Analysis: TIME:  0.9225 
Analysis: STEP:  370 
Analysis: TIME:  0.925 
Analysis: STEP:  371 
Analysis: TIME:  0.9275 
Analysis: STEP:  372 
Analysis: TIME:  0.93 
Analysis: STEP:  373 
Analysis: TIME:  0.9325 
Analysis: STEP:  374 
Analysis: TIME:  0.935 
Analysis: STEP:  375 
Analysis: TIME:  0.9375 
Analysis: STEP:  376 
Analysis: TIME:  0.9400000000000001 
Analysis: STEP:  377 
Analysis: TIME:  0.9425 
Analysis: STEP:  378 
Analysis: TIME:  0.9450000000000001 
Analysis: STEP:  379 
Analysis: TIME:  0.9475 
Analysis: STEP:  380 
Analysis: TIME:  0.9500000000000001 
Analysis: STEP:  381 
Analysis: TIME:  0.9525 
Analysis: STEP:  382 
Analysis: TIME:  0.9550000000000001 
Analysis: STEP:  383 
Analysis: TIME:  0.9575 
Analysis: STEP:  384 
Analysis: TIME:  0.96 
Analysis: STEP:  385 
Analysis: TIME:  0.9625 
Analysis: STEP:  386 
Analysis: TIME:  0.965 
Analysis: STEP:  387 
Analysis: TIME:  0.9675 
Analysis: STEP:  388 
Analysis: TIME:  0.97 
Analysis: STEP:  389 
Analysis: TIME:  0.9725 
Analysis: STEP:  390 
Analysis: TIME:  0.975 
Analysis: STEP:  391 
Analysis: TIME:  0.9775 
Analysis: STEP:  392 
Analysis: TIME:  0.98 
Analysis: STEP:  393 
Analysis: TIME:  0.9825 
Analysis: STEP:  394 
Analysis: TIME:  0.985 
Analysis: STEP:  395 
Analysis: TIME:  0.9875 
Analysis: STEP:  396 
Analysis: TIME:  0.99 
Analysis: STEP:  397 
Analysis: TIME:  0.9925 
Analysis: STEP:  398 
Analysis: TIME:  0.995 
Analysis: STEP:  399 
Analysis: TIME:  0.9975 
Analysis: STEP:  400 
Analysis: TIME:  1.0 
Analysis: STEP:  401 
Analysis: TIME:  1.0025 
Analysis: STEP:  402 
Analysis: TIME:  1.0050000000000001 
Analysis: STEP:  403 
Analysis: TIME:  1.0075 
Analysis: STEP:  404 
Analysis: TIME:  1.01 
Analysis: STEP:  405 
Analysis: TIME:  1.0125 
Analysis: STEP:  406 
Analysis: TIME:  1.0150000000000001 
Analysis: STEP:  407 
Analysis: TIME:  1.0175 
Analysis: STEP:  408 
Analysis: TIME:  1.02 
Analysis: STEP:  409 
Analysis: TIME:  1.0225 
Analysis: STEP:  410 
Analysis: TIME:  1.025 
Analysis: STEP:  411 
Analysis: TIME:  1.0275 
Analysis: STEP:  412 
Analysis: TIME:  1.03 
Analysis: STEP:  413 
Analysis: TIME:  1.0325 
Analysis: STEP:  414 
Analysis: TIME:  1.035 
Analysis: STEP:  415 
Analysis: TIME:  1.0375 
Analysis: STEP:  416 
Analysis: TIME:  1.04 
Analysis: STEP:  417 
Analysis: TIME:  1.0425 
Analysis: STEP:  418 
Analysis: TIME:  1.045 
Analysis: STEP:  419 
Analysis: TIME:  1.0475 
Analysis: STEP:  420 
Analysis: TIME:  1.05 
Analysis: STEP:  421 
Analysis: TIME:  1.0525 
Analysis: STEP:  422 
Analysis: TIME:  1.055 
Analysis: STEP:  423 
Analysis: TIME:  1.0575 
Analysis: STEP:  424 
Analysis: TIME:  1.06 
Analysis: STEP:  425 
Analysis: TIME:  1.0625 
Analysis: STEP:  426 
Analysis: TIME:  1.065 
Analysis: STEP:  427 
Analysis: TIME:  1.0675000000000001 
Analysis: STEP:  428 
Analysis: TIME:  1.07 
Analysis: STEP:  429 
Analysis: TIME:  1.0725 
Analysis: STEP:  430 
Analysis: TIME:  1.075 
Analysis: STEP:  431 
Analysis: TIME:  1.0775000000000001 
Analysis: STEP:  432 
Analysis: TIME:  1.08 
Analysis: STEP:  433 
Analysis: TIME:  1.0825 
Analysis: STEP:  434 
Analysis: TIME:  1.085 
Analysis: STEP:  435 
Analysis: TIME:  1.0875000000000001 
Analysis: STEP:  436 
Analysis: TIME:  1.09 
Analysis: STEP:  437 
Analysis: TIME:  1.0925 
Analysis: STEP:  438 
Analysis: TIME:  1.095 
Analysis: STEP:  439 
Analysis: TIME:  1.0975 
Analysis: STEP:  440 
Analysis: TIME:  1.1 
Analysis: STEP:  441 
Analysis: TIME:  1.1025 
Analysis: STEP:  442 
Analysis: TIME:  1.105 
Analysis: STEP:  443 
Analysis: TIME:  1.1075 
Analysis: STEP:  444 
Analysis: TIME:  1.11 
Analysis: STEP:  445 
Analysis: TIME:  1.1125 
Analysis: STEP:  446 
Analysis: TIME:  1.115 
Analysis: STEP:  447 
Analysis: TIME:  1.1175 
Analysis: STEP:  448 
Analysis: TIME:  1.12 
Analysis: STEP:  449 
Analysis: TIME:  1.1225 
Analysis: STEP:  450 
Analysis: TIME:  1.125 
Analysis: STEP:  451 
Analysis: TIME:  1.1275 
Analysis: STEP:  452 
Analysis: TIME:  1.1300000000000001 
Analysis: STEP:  453 
Analysis: TIME:  1.1325 
Analysis: STEP:  454 
Analysis: TIME:  1.135 
Analysis: STEP:  455 
Analysis: TIME:  1.1375 
Analysis: STEP:  456 
Analysis: TIME:  1.1400000000000001 
Analysis: STEP:  457 
Analysis: TIME:  1.1425 
Analysis: STEP:  458 
Analysis: TIME:  1.145 
Analysis: STEP:  459 
Analysis: TIME:  1.1475 
Analysis: STEP:  460 
Analysis: TIME:  1.1500000000000001 
Analysis: STEP:  461 
Analysis: TIME:  1.1525 
Analysis: STEP:  462 
Analysis: TIME:  1.155 
Analysis: STEP:  463 
Analysis: TIME:  1.1575 
Analysis: STEP:  464 
Analysis: TIME:  1.16 
Analysis: STEP:  465 
Analysis: TIME:  1.1625 
Analysis: STEP:  466 
Analysis: TIME:  1.165 
Analysis: STEP:  467 
Analysis: TIME:  1.1675 
Analysis: STEP:  468 
Analysis: TIME:  1.17 
Analysis: STEP:  469 
Analysis: TIME:  1.1725 
Analysis: STEP:  470 
Analysis: TIME:  1.175 
Analysis: STEP:  471 
Analysis: TIME:  1.1775 
Analysis: STEP:  472 
Analysis: TIME:  1.18 
Analysis: STEP:  473 
Analysis: TIME:  1.1825 
Analysis: STEP:  474 
Analysis: TIME:  1.185 
Analysis: STEP:  475 
Analysis: TIME:  1.1875 
Analysis: STEP:  476 
Analysis: TIME:  1.19 
Analysis: STEP:  477 
Analysis: TIME:  1.1925000000000001 
Analysis: STEP:  478 
Analysis: TIME:  1.195 
Analysis: STEP:  479 
Analysis: TIME:  1.1975 
Analysis: STEP:  480 
Analysis: TIME:  1.2 
Analysis: STEP:  481 
Analysis: TIME:  1.2025000000000001 
Analysis: STEP:  482 
Analysis: TIME:  1.205 
Analysis: STEP:  483 
Analysis: TIME:  1.2075 
Analysis: STEP:  484 
Analysis: TIME:  1.21 
Analysis: STEP:  485 
Analysis: TIME:  1.2125000000000001 
Analysis: STEP:  486 
Analysis: TIME:  1.215 
Analysis: STEP:  487 
Analysis: TIME:  1.2175 
Analysis: STEP:  488 
Analysis: TIME:  1.22 
Analysis: STEP:  489 
Analysis: TIME:  1.2225 
Analysis: STEP:  490 
Analysis: TIME:  1.225 
Analysis: STEP:  491 
Analysis: TIME:  1.2275 
Analysis: STEP:  492 
Analysis: TIME:  1.23 
Analysis: STEP:  493 
Analysis: TIME:  1.2325 
Analysis: STEP:  494 
Analysis: TIME:  1.235 
Analysis: STEP:  495 
Analysis: TIME:  1.2375 
Analysis: STEP:  496 
Analysis: TIME:  1.24 
Analysis: STEP:  497 
Analysis: TIME:  1.2425 
Analysis: STEP:  498 
Analysis: TIME:  1.245 
Analysis: STEP:  499 
Analysis: TIME:  1.2475 
Analysis: STEP:  500 
Analysis: TIME:  1.25 
Analysis: STEP:  501 
Analysis: TIME:  1.2525 
Analysis: STEP:  502 
Analysis: TIME:  1.2550000000000001 
Analysis: STEP:  503 
Analysis: TIME:  1.2575 
Analysis: STEP:  504 
Analysis: TIME:  1.26 
Analysis: STEP:  505 
Analysis: TIME:  1.2625 
Analysis: STEP:  506 
Analysis: TIME:  1.2650000000000001 
Analysis: STEP:  507 
Analysis: TIME:  1.2675 
Analysis: STEP:  508 
Analysis: TIME:  1.27 
Analysis: STEP:  509 
Analysis: TIME:  1.2725 
Analysis: STEP:  510 
Analysis: TIME:  1.2750000000000001 
Analysis: STEP:  511 
Analysis: TIME:  1.2775 
Analysis: STEP:  512 
Analysis: TIME:  1.28 
Analysis: STEP:  513 
Analysis: TIME:  1.2825 
Analysis: STEP:  514 
Analysis: TIME:  1.285 
Analysis: STEP:  515 
Analysis: TIME:  1.2875 
Analysis: STEP:  516 
Analysis: TIME:  1.29 
Analysis: STEP:  517 
Analysis: TIME:  1.2925 
Analysis: STEP:  518 
Analysis: TIME:  1.295 
Analysis: STEP:  519 
Analysis: TIME:  1.2975 
Analysis: STEP:  520 
Analysis: TIME:  1.3 
Analysis: STEP:  521 
Analysis: TIME:  1.3025 
Analysis: STEP:  522 
Analysis: TIME:  1.305 
Analysis: STEP:  523 
Analysis: TIME:  1.3075 
Analysis: STEP:  524 
Analysis: TIME:  1.31 
Analysis: STEP:  525 
Analysis: TIME:  1.3125 
Analysis: STEP:  526 
Analysis: TIME:  1.315 
Analysis: STEP:  527 
Analysis: TIME:  1.3175000000000001 
Analysis: STEP:  528 
Analysis: TIME:  1.32 
Analysis: STEP:  529 
Analysis: TIME:  1.3225 
Analysis: STEP:  530 
Analysis: TIME:  1.325 
Analysis: STEP:  531 
Analysis: TIME:  1.3275000000000001 
Analysis: STEP:  532 
Analysis: TIME:  1.33 
Analysis: STEP:  533 
Analysis: TIME:  1.3325 
Analysis: STEP:  534 
Analysis: TIME:  1.335 
Analysis: STEP:  535 
Analysis: TIME:  1.3375000000000001 
Analysis: STEP:  536 
Analysis: TIME:  1.34 
Analysis: STEP:  537 
Analysis: TIME:  1.3425 
Analysis: STEP:  538 
Analysis: TIME:  1.345 
Analysis: STEP:  539 
Analysis: TIME:  1.3475 
Analysis: STEP:  540 
Analysis: TIME:  1.35 
Analysis: STEP:  541 
Analysis: TIME:  1.3525 
Analysis: STEP:  542 
Analysis: TIME:  1.355 
Analysis: STEP:  543 
Analysis: TIME:  1.3575 
Analysis: STEP:  544 
Analysis: TIME:  1.36 
Analysis: STEP:  545 
Analysis: TIME:  1.3625 
Analysis: STEP:  546 
Analysis: TIME:  1.365 
Analysis: STEP:  547 
Analysis: TIME:  1.3675 
Analysis: STEP:  548 
Analysis: TIME:  1.37 
Analysis: STEP:  549 
Analysis: TIME:  1.3725 
Analysis: STEP:  550 
Analysis: TIME:  1.375 
Analysis: STEP:  551 
Analysis: TIME:  1.3775 
Analysis: STEP:  552 
Analysis: TIME:  1.3800000000000001 
Analysis: STEP:  553 
Analysis: TIME:  1.3825 
Analysis: STEP:  554 
Analysis: TIME:  1.385 
Analysis: STEP:  555 
Analysis: TIME:  1.3875 
Analysis: STEP:  556 
Analysis: TIME:  1.3900000000000001 
Analysis: STEP:  557 
Analysis: TIME:  1.3925 
Analysis: STEP:  558 
Analysis: TIME:  1.395 
Analysis: STEP:  559 
Analysis: TIME:  1.3975 
Analysis: STEP:  560 
Analysis: TIME:  1.4000000000000001 
Analysis: STEP:  561 
Analysis: TIME:  1.4025 
Analysis: STEP:  562 
Analysis: TIME:  1.405 
Analysis: STEP:  563 
Analysis: TIME:  1.4075 
Analysis: STEP:  564 
Analysis: TIME:  1.41 
Analysis: STEP:  565 
Analysis: TIME:  1.4125 
Analysis: STEP:  566 
Analysis: TIME:  1.415 
Analysis: STEP:  567 
Analysis: TIME:  1.4175 
Analysis: STEP:  568 
Analysis: TIME:  1.42 
Analysis: STEP:  569 
Analysis: TIME:  1.4225 
Analysis: STEP:  570 
Analysis: TIME:  1.425 
Analysis: STEP:  571 
Analysis: TIME:  1.4275 
Analysis: STEP:  572 
Analysis: TIME:  1.43 
Analysis: STEP:  573 
Analysis: TIME:  1.4325 
Analysis: STEP:  574 
Analysis: TIME:  1.435 
Analysis: STEP:  575 
Analysis: TIME:  1.4375 
Analysis: STEP:  576 
Analysis: TIME:  1.44 
Analysis: STEP:  577 
Analysis: TIME:  1.4425000000000001 
Analysis: STEP:  578 
Analysis: TIME:  1.445 
Analysis: STEP:  579 
Analysis: TIME:  1.4475 
Analysis: STEP:  580 
Analysis: TIME:  1.45 
Analysis: STEP:  581 
Analysis: TIME:  1.4525000000000001 
Analysis: STEP:  582 
Analysis: TIME:  1.455 
Analysis: STEP:  583 
Analysis: TIME:  1.4575 
Analysis: STEP:  584 
Analysis: TIME:  1.46 
Analysis: STEP:  585 
Analysis: TIME:  1.4625000000000001 
Analysis: STEP:  586 
Analysis: TIME:  1.465 
Analysis: STEP:  587 
Analysis: TIME:  1.4675 
Analysis: STEP:  588 
Analysis: TIME:  1.47 
Analysis: STEP:  589 
Analysis: TIME:  1.4725 
Analysis: STEP:  590 
Analysis: TIME:  1.475 
Analysis: STEP:  591 
Analysis: TIME:  1.4775 
Analysis: STEP:  592 
Analysis: TIME:  1.48 
Analysis: STEP:  593 
Analysis: TIME:  1.4825 
Analysis: STEP:  594 
Analysis: TIME:  1.485 
Analysis: STEP:  595 
Analysis: TIME:  1.4875 
Analysis: STEP:  596 
Analysis: TIME:  1.49 
Analysis: STEP:  597 
Analysis: TIME:  1.4925 
Analysis: STEP:  598 
Analysis: TIME:  1.495 
Analysis: STEP:  599 
Analysis: TIME:  1.4975 
Analysis: STEP:  600 
Analysis: TIME:  1.5 
Analysis: STEP:  601 
Analysis: TIME:  1.5025 
Analysis: STEP:  602 
Analysis: TIME:  1.5050000000000001 
Analysis: STEP:  603 
Analysis: TIME:  1.5075 
Analysis: STEP:  604 
Analysis: TIME:  1.51 
Analysis: STEP:  605 
Analysis: TIME:  1.5125 
Analysis: STEP:  606 
Analysis: TIME:  1.5150000000000001 
Analysis: STEP:  607 
Analysis: TIME:  1.5175 
Analysis: STEP:  608 
Analysis: TIME:  1.52 
Analysis: STEP:  609 
Analysis: TIME:  1.5225 
Analysis: STEP:  610 
Analysis: TIME:  1.5250000000000001 
Analysis: STEP:  611 
Analysis: TIME:  1.5275 
Analysis: STEP:  612 
Analysis: TIME:  1.53 
Analysis: STEP:  613 
Analysis: TIME:  1.5325 
Analysis: STEP:  614 
Analysis: TIME:  1.5350000000000001 
Analysis: STEP:  615 
Analysis: TIME:  1.5375 
Analysis: STEP:  616 
Analysis: TIME:  1.54 
Analysis: STEP:  617 
Analysis: TIME:  1.5425 
Analysis: STEP:  618 
Analysis: TIME:  1.545 
Analysis: STEP:  619 
Analysis: TIME:  1.5475 
Analysis: STEP:  620 
Analysis: TIME:  1.55 
Analysis: STEP:  621 
Analysis: TIME:  1.5525 
Analysis: STEP:  622 
Analysis: TIME:  1.555 
Analysis: STEP:  623 
Analysis: TIME:  1.5575 
Analysis: STEP:  624 
Analysis: TIME:  1.56 
Analysis: STEP:  625 
Analysis: TIME:  1.5625 
Analysis: STEP:  626 
Analysis: TIME:  1.565 
Analysis: STEP:  627 
Analysis: TIME:  1.5675000000000001 
Analysis: STEP:  628 
Analysis: TIME:  1.57 
Analysis: STEP:  629 
Analysis: TIME:  1.5725 
Analysis: STEP:  630 
Analysis: TIME:  1.575 
Analysis: STEP:  631 
Analysis: TIME:  1.5775000000000001 
Analysis: STEP:  632 
Analysis: TIME:  1.58 
Analysis: STEP:  633 
Analysis: TIME:  1.5825 
Analysis: STEP:  634 
Analysis: TIME:  1.585 
Analysis: STEP:  635 
Analysis: TIME:  1.5875000000000001 
Analysis: STEP:  636 
Analysis: TIME:  1.59 
Analysis: STEP:  637 
Analysis: TIME:  1.5925 
Analysis: STEP:  638 
Analysis: TIME:  1.595 
Analysis: STEP:  639 
Analysis: TIME:  1.5975000000000001 
Analysis: STEP:  640 
Analysis: TIME:  1.6 
Analysis: STEP:  641 
Analysis: TIME:  1.6025 
Analysis: STEP:  642 
Analysis: TIME:  1.605 
Analysis: STEP:  643 
Analysis: TIME:  1.6075 
Analysis: STEP:  644 
Analysis: TIME:  1.61 
Analysis: STEP:  645 
Analysis: TIME:  1.6125 
Analysis: STEP:  646 
Analysis: TIME:  1.615 
Analysis: STEP:  647 
Analysis: TIME:  1.6175 
Analysis: STEP:  648 
Analysis: TIME:  1.62 
Analysis: STEP:  649 
Analysis: TIME:  1.6225 
Analysis: STEP:  650 
Analysis: TIME:  1.625 
Analysis: STEP:  651 
Analysis: TIME:  1.6275 
Analysis: STEP:  652 
Analysis: TIME:  1.6300000000000001 
Analysis: STEP:  653 
Analysis: TIME:  1.6325 
Analysis: STEP:  654 
Analysis: TIME:  1.635 
Analysis: STEP:  655 
Analysis: TIME:  1.6375 
Analysis: STEP:  656 
Analysis: TIME:  1.6400000000000001 
Analysis: STEP:  657 
Analysis: TIME:  1.6425 
Analysis: STEP:  658 
Analysis: TIME:  1.645 
Analysis: STEP:  659 
Analysis: TIME:  1.6475 
Analysis: STEP:  660 
Analysis: TIME:  1.6500000000000001 
Analysis: STEP:  661 
Analysis: TIME:  1.6525 
Analysis: STEP:  662 
Analysis: TIME:  1.655 
Analysis: STEP:  663 
Analysis: TIME:  1.6575 
Analysis: STEP:  664 
Analysis: TIME:  1.6600000000000001 
Analysis: STEP:  665 
Analysis: TIME:  1.6625 
Analysis: STEP:  666 
Analysis: TIME:  1.665 
Analysis: STEP:  667 
Analysis: TIME:  1.6675 
Analysis: STEP:  668 
Analysis: TIME:  1.67 
Analysis: STEP:  669 
Analysis: TIME:  1.6725 
Analysis: STEP:  670 
Analysis: TIME:  1.675 
Analysis: STEP:  671 
Analysis: TIME:  1.6775 
Analysis: STEP:  672 
Analysis: TIME:  1.68 
Analysis: STEP:  673 
Analysis: TIME:  1.6825 
Analysis: STEP:  674 
Analysis: TIME:  1.685 
Analysis: STEP:  675 
Analysis: TIME:  1.6875 
Analysis: STEP:  676 
Analysis: TIME:  1.69 
Analysis: STEP:  677 
Analysis: TIME:  1.6925000000000001 
Analysis: STEP:  678 
Analysis: TIME:  1.695 
Analysis: STEP:  679 
Analysis: TIME:  1.6975 
Analysis: STEP:  680 
Analysis: TIME:  1.7 
Analysis: STEP:  681 
Analysis: TIME:  1.7025000000000001 
Analysis: STEP:  682 
Analysis: TIME:  1.705 
Analysis: STEP:  683 
Analysis: TIME:  1.7075 
Analysis: STEP:  684 
Analysis: TIME:  1.71 
Analysis: STEP:  685 
Analysis: TIME:  1.7125000000000001 
Analysis: STEP:  686 
Analysis: TIME:  1.715 
Analysis: STEP:  687 
Analysis: TIME:  1.7175 
Analysis: STEP:  688 
Analysis: TIME:  1.72 
Analysis: STEP:  689 
Analysis: TIME:  1.7225000000000001 
Analysis: STEP:  690 
Analysis: TIME:  1.725 
Analysis: STEP:  691 
Analysis: TIME:  1.7275 
Analysis: STEP:  692 
Analysis: TIME:  1.73 
Analysis: STEP:  693 
Analysis: TIME:  1.7325 
Analysis: STEP:  694 
Analysis: TIME:  1.735 
Analysis: STEP:  695 
Analysis: TIME:  1.7375 
Analysis: STEP:  696 
Analysis: TIME:  1.74 
Analysis: STEP:  697 
Analysis: TIME:  1.7425 
Analysis: STEP:  698 
Analysis: TIME:  1.745 
Analysis: STEP:  699 
Analysis: TIME:  1.7475 
Analysis: STEP:  700 
Analysis: TIME:  1.75 
Analysis: STEP:  701 
Analysis: TIME:  1.7525 
Analysis: STEP:  702 
Analysis: TIME:  1.7550000000000001 
Analysis: STEP:  703 
Analysis: TIME:  1.7575 
Analysis: STEP:  704 
Analysis: TIME:  1.76 
Analysis: STEP:  705 
Analysis: TIME:  1.7625 
Analysis: STEP:  706 
Analysis: TIME:  1.7650000000000001 
Analysis: STEP:  707 
Analysis: TIME:  1.7675 
Analysis: STEP:  708 
Analysis: TIME:  1.77 
Analysis: STEP:  709 
Analysis: TIME:  1.7725 
Analysis: STEP:  710 
Analysis: TIME:  1.7750000000000001 
Analysis: STEP:  711 
Analysis: TIME:  1.7775 
Analysis: STEP:  712 
Analysis: TIME:  1.78 
Analysis: STEP:  713 
Analysis: TIME:  1.7825 
Analysis: STEP:  714 
Analysis: TIME:  1.7850000000000001 
Analysis: STEP:  715 
Analysis: TIME:  1.7875 
Analysis: STEP:  716 
Analysis: TIME:  1.79 
Analysis: STEP:  717 
Analysis: TIME:  1.7925 
Analysis: STEP:  718 
Analysis: TIME:  1.795 
Analysis: STEP:  719 
Analysis: TIME:  1.7975 
Analysis: STEP:  720 
Analysis: TIME:  1.8 
Analysis: STEP:  721 
Analysis: TIME:  1.8025 
Analysis: STEP:  722 
Analysis: TIME:  1.805 
Analysis: STEP:  723 
Analysis: TIME:  1.8075 
Analysis: STEP:  724 
Analysis: TIME:  1.81 
Analysis: STEP:  725 
Analysis: TIME:  1.8125 
Analysis: STEP:  726 
Analysis: TIME:  1.815 
Analysis: STEP:  727 
Analysis: TIME:  1.8175000000000001 
Analysis: STEP:  728 
Analysis: TIME:  1.82 
Analysis: STEP:  729 
Analysis: TIME:  1.8225 
Analysis: STEP:  730 
Analysis: TIME:  1.825 
Analysis: STEP:  731 
Analysis: TIME:  1.8275000000000001 
Analysis: STEP:  732 
Analysis: TIME:  1.83 
Analysis: STEP:  733 
Analysis: TIME:  1.8325 
Analysis: STEP:  734 
Analysis: TIME:  1.835 
Analysis: STEP:  735 
Analysis: TIME:  1.8375000000000001 
Analysis: STEP:  736 
Analysis: TIME:  1.84 
Analysis: STEP:  737 
Analysis: TIME:  1.8425 
Analysis: STEP:  738 
Analysis: TIME:  1.845 
Analysis: STEP:  739 
Analysis: TIME:  1.8475000000000001 
Analysis: STEP:  740 
Analysis: TIME:  1.85 
Analysis: STEP:  741 
Analysis: TIME:  1.8525 
Analysis: STEP:  742 
Analysis: TIME:  1.855 
Analysis: STEP:  743 
Analysis: TIME:  1.8575 
Analysis: STEP:  744 
Analysis: TIME:  1.86 
Analysis: STEP:  745 
Analysis: TIME:  1.8625 
Analysis: STEP:  746 
Analysis: TIME:  1.865 
Analysis: STEP:  747 
Analysis: TIME:  1.8675 
Analysis: STEP:  748 
Analysis: TIME:  1.87 
Analysis: STEP:  749 
Analysis: TIME:  1.8725 
Analysis: STEP:  750 
Analysis: TIME:  1.875 
Analysis: STEP:  751 
Analysis: TIME:  1.8775 
Analysis: STEP:  752 
Analysis: TIME:  1.8800000000000001 
Analysis: STEP:  753 
Analysis: TIME:  1.8825 
Analysis: STEP:  754 
Analysis: TIME:  1.885 
Analysis: STEP:  755 
Analysis: TIME:  1.8875 
Analysis: STEP:  756 
Analysis: TIME:  1.8900000000000001 
Analysis: STEP:  757 
Analysis: TIME:  1.8925 
Analysis: STEP:  758 
Analysis: TIME:  1.895 
Analysis: STEP:  759 
Analysis: TIME:  1.8975 
Analysis: STEP:  760 
Analysis: TIME:  1.9000000000000001 
Analysis: STEP:  761 
Analysis: TIME:  1.9025 
Analysis: STEP:  762 
Analysis: TIME:  1.905 
Analysis: STEP:  763 
Analysis: TIME:  1.9075 
Analysis: STEP:  764 
Analysis: TIME:  1.9100000000000001 
Analysis: STEP:  765 
Analysis: TIME:  1.9125 
Analysis: STEP:  766 
Analysis: TIME:  1.915 
Analysis: STEP:  767 
Analysis: TIME:  1.9175 
Analysis: STEP:  768 
Analysis: TIME:  1.92 
Analysis: STEP:  769 
Analysis: TIME:  1.9225 
Analysis: STEP:  770 
Analysis: TIME:  1.925 
Analysis: STEP:  771 
Analysis: TIME:  1.9275 
Analysis: STEP:  772 
Analysis: TIME:  1.93 
Analysis: STEP:  773 
Analysis: TIME:  1.9325 
Analysis: STEP:  774 
Analysis: TIME:  1.935 
Analysis: STEP:  775 
Analysis: TIME:  1.9375 
Analysis: STEP:  776 
Analysis: TIME:  1.94 
Analysis: STEP:  777 
Analysis: TIME:  1.9425000000000001 
Analysis: STEP:  778 
Analysis: TIME:  1.945 
Analysis: STEP:  779 
Analysis: TIME:  1.9475 
Analysis: STEP:  780 
Analysis: TIME:  1.95 
Analysis: STEP:  781 
Analysis: TIME:  1.9525000000000001 
Analysis: STEP:  782 
Analysis: TIME:  1.955 
Analysis: STEP:  783 
Analysis: TIME:  1.9575 
Analysis: STEP:  784 
Analysis: TIME:  1.96 
Analysis: STEP:  785 
Analysis: TIME:  1.9625000000000001 
Analysis: STEP:  786 
Analysis: TIME:  1.965 
Analysis: STEP:  787 
Analysis: TIME:  1.9675 
Analysis: STEP:  788 
Analysis: TIME:  1.97 
Analysis: STEP:  789 
Analysis: TIME:  1.9725000000000001 
Analysis: STEP:  790 
Analysis: TIME:  1.975 
Analysis: STEP:  791 
Analysis: TIME:  1.9775 
Analysis: STEP:  792 
Analysis: TIME:  1.98 
Analysis: STEP:  793 
Analysis: TIME:  1.9825000000000002 
Analysis: STEP:  794 
Analysis: TIME:  1.985 
Analysis: STEP:  795 
Analysis: TIME:  1.9875 
Analysis: STEP:  796 
Analysis: TIME:  1.99 
Analysis: STEP:  797 
Analysis: TIME:  1.9925 
Analysis: STEP:  798 
Analysis: TIME:  1.995 
Analysis: STEP:  799 
Analysis: TIME:  1.9975 
Analysis: STEP:  800 
Analysis: TIME:  2.0 
Analysis: STEP:  801 
Analysis: TIME:  2.0025 
Analysis: STEP:  802 
Analysis: TIME:  2.005 
Analysis: STEP:  803 
Analysis: TIME:  2.0075 
Analysis: STEP:  804 
Analysis: TIME:  2.0100000000000002 
Analysis: STEP:  805 
Analysis: TIME:  2.0125 
Analysis: STEP:  806 
Analysis: TIME:  2.015 
Analysis: STEP:  807 
Analysis: TIME:  2.0175 
Analysis: STEP:  808 
Analysis: TIME:  2.02 
Analysis: STEP:  809 
Analysis: TIME:  2.0225 
Analysis: STEP:  810 
Analysis: TIME:  2.025 
Analysis: STEP:  811 
Analysis: TIME:  2.0275 
Analysis: STEP:  812 
Analysis: TIME:  2.0300000000000002 
Analysis: STEP:  813 
Analysis: TIME:  2.0325 
Analysis: STEP:  814 
Analysis: TIME:  2.035 
Analysis: STEP:  815 
Analysis: TIME:  2.0375 
Analysis: STEP:  816 
Analysis: TIME:  2.04 
Analysis: STEP:  817 
Analysis: TIME:  2.0425 
Analysis: STEP:  818 
Analysis: TIME:  2.045 
Analysis: STEP:  819 
Analysis: TIME:  2.0475 
Analysis: STEP:  820 
Analysis: TIME:  2.05 
Analysis: STEP:  821 
Analysis: TIME:  2.0525 
Analysis: STEP:  822 
Analysis: TIME:  2.055 
Analysis: STEP:  823 
Analysis: TIME:  2.0575 
Analysis: STEP:  824 
Analysis: TIME:  2.06 
Analysis: STEP:  825 
Analysis: TIME:  2.0625 
Analysis: STEP:  826 
Analysis: TIME:  2.065 
Analysis: STEP:  827 
Analysis: TIME:  2.0675 
Analysis: STEP:  828 
Analysis: TIME:  2.07 
Analysis: STEP:  829 
Analysis: TIME:  2.0725000000000002 
Analysis: STEP:  830 
Analysis: TIME:  2.075 
Analysis: STEP:  831 
Analysis: TIME:  2.0775 
Analysis: STEP:  832 
Analysis: TIME:  2.08 
Analysis: STEP:  833 
Analysis: TIME:  2.0825 
Analysis: STEP:  834 
Analysis: TIME:  2.085 
Analysis: STEP:  835 
Analysis: TIME:  2.0875 
Analysis: STEP:  836 
Analysis: TIME:  2.09 
Analysis: STEP:  837 
Analysis: TIME:  2.0925000000000002 
Analysis: STEP:  838 
Analysis: TIME:  2.095 
Analysis: STEP:  839 
Analysis: TIME:  2.0975 
Analysis: STEP:  840 
Analysis: TIME:  2.1 
Analysis: STEP:  841 
Analysis: TIME:  2.1025 
Analysis: STEP:  842 
Analysis: TIME:  2.105 
Analysis: STEP:  843 
Analysis: TIME:  2.1075 
Analysis: STEP:  844 
Analysis: TIME:  2.11 
Analysis: STEP:  845 
Analysis: TIME:  2.1125 
Analysis: STEP:  846 
Analysis: TIME:  2.115 
Analysis: STEP:  847 
Analysis: TIME:  2.1175 
Analysis: STEP:  848 
Analysis: TIME:  2.12 
Analysis: STEP:  849 
Analysis: TIME:  2.1225 
Analysis: STEP:  850 
Analysis: TIME:  2.125 
Analysis: STEP:  851 
Analysis: TIME:  2.1275 
Analysis: STEP:  852 
Analysis: TIME:  2.13 
Analysis: STEP:  853 
Analysis: TIME:  2.1325 
Analysis: STEP:  854 
Analysis: TIME:  2.1350000000000002 
Analysis: STEP:  855 
Analysis: TIME:  2.1375 
Analysis: STEP:  856 
Analysis: TIME:  2.14 
Analysis: STEP:  857 
Analysis: TIME:  2.1425 
Analysis: STEP:  858 
Analysis: TIME:  2.145 
Analysis: STEP:  859 
Analysis: TIME:  2.1475 
Analysis: STEP:  860 
Analysis: TIME:  2.15 
Analysis: STEP:  861 
Analysis: TIME:  2.1525 
Analysis: STEP:  862 
Analysis: TIME:  2.1550000000000002 
Analysis: STEP:  863 
Analysis: TIME:  2.1575 
Analysis: STEP:  864 
Analysis: TIME:  2.16 
Analysis: STEP:  865 
Analysis: TIME:  2.1625 
Analysis: STEP:  866 
Analysis: TIME:  2.165 
Analysis: STEP:  867 
Analysis: TIME:  2.1675 
Analysis: STEP:  868 
Analysis: TIME:  2.17 
Analysis: STEP:  869 
Analysis: TIME:  2.1725 
Analysis: STEP:  870 
Analysis: TIME:  2.1750000000000003 
Analysis: STEP:  871 
Analysis: TIME:  2.1775 
Analysis: STEP:  872 
Analysis: TIME:  2.18 
Analysis: STEP:  873 
Analysis: TIME:  2.1825 
Analysis: STEP:  874 
Analysis: TIME:  2.185 
Analysis: STEP:  875 
Analysis: TIME:  2.1875 
Analysis: STEP:  876 
Analysis: TIME:  2.19 
Analysis: STEP:  877 
Analysis: TIME:  2.1925 
Analysis: STEP:  878 
Analysis: TIME:  2.195 
Analysis: STEP:  879 
Analysis: TIME:  2.1975000000000002 
Analysis: STEP:  880 
Analysis: TIME:  2.2 
Analysis: STEP:  881 
Analysis: TIME:  2.2025 
Analysis: STEP:  882 
Analysis: TIME:  2.205 
Analysis: STEP:  883 
Analysis: TIME:  2.2075 
Analysis: STEP:  884 
Analysis: TIME:  2.21 
Analysis: STEP:  885 
Analysis: TIME:  2.2125 
Analysis: STEP:  886 
Analysis: TIME:  2.215 
Analysis: STEP:  887 
Analysis: TIME:  2.2175000000000002 
Analysis: STEP:  888 
Analysis: TIME:  2.22 
Analysis: STEP:  889 
Analysis: TIME:  2.2225 
Analysis: STEP:  890 
Analysis: TIME:  2.225 
Analysis: STEP:  891 
Analysis: TIME:  2.2275 
Analysis: STEP:  892 
Analysis: TIME:  2.23 
Analysis: STEP:  893 
Analysis: TIME:  2.2325 
Analysis: STEP:  894 
Analysis: TIME:  2.235 
Analysis: STEP:  895 
Analysis: TIME:  2.2375000000000003 
Analysis: STEP:  896 
Analysis: TIME:  2.24 
Analysis: STEP:  897 
Analysis: TIME:  2.2425 
Analysis: STEP:  898 
Analysis: TIME:  2.245 
Analysis: STEP:  899 
Analysis: TIME:  2.2475 
Analysis: STEP:  900 
Analysis: TIME:  2.25 
Analysis: STEP:  901 
Analysis: TIME:  2.2525 
Analysis: STEP:  902 
Analysis: TIME:  2.255 
Analysis: STEP:  903 
Analysis: TIME:  2.2575 
Analysis: STEP:  904 
Analysis: TIME:  2.2600000000000002 
Analysis: STEP:  905 
Analysis: TIME:  2.2625 
Analysis: STEP:  906 
Analysis: TIME:  2.265 
Analysis: STEP:  907 
Analysis: TIME:  2.2675 
Analysis: STEP:  908 
Analysis: TIME:  2.27 
Analysis: STEP:  909 
Analysis: TIME:  2.2725 
Analysis: STEP:  910 
Analysis: TIME:  2.275 
Analysis: STEP:  911 
Analysis: TIME:  2.2775 
Analysis: STEP:  912 
Analysis: TIME:  2.2800000000000002 
Analysis: STEP:  913 
Analysis: TIME:  2.2825 
Analysis: STEP:  914 
Analysis: TIME:  2.285 
Analysis: STEP:  915 
Analysis: TIME:  2.2875 
Analysis: STEP:  916 
Analysis: TIME:  2.29 
Analysis: STEP:  917 
Analysis: TIME:  2.2925 
Analysis: STEP:  918 
Analysis: TIME:  2.295 
Analysis: STEP:  919 
Analysis: TIME:  2.2975 
Analysis: STEP:  920 
Analysis: TIME:  2.3000000000000003 
Analysis: STEP:  921 
Analysis: TIME:  2.3025 
Analysis: STEP:  922 
Analysis: TIME:  2.305 
Analysis: STEP:  923 
Analysis: TIME:  2.3075 
Analysis: STEP:  924 
Analysis: TIME:  2.31 
Analysis: STEP:  925 
Analysis: TIME:  2.3125 
Analysis: STEP:  926 
Analysis: TIME:  2.315 
Analysis: STEP:  927 
Analysis: TIME:  2.3175 
Analysis: STEP:  928 
Analysis: TIME:  2.32 
Analysis: STEP:  929 
Analysis: TIME:  2.3225000000000002 
Analysis: STEP:  930 
Analysis: TIME:  2.325 
Analysis: STEP:  931 
Analysis: TIME:  2.3275 
Analysis: STEP:  932 
Analysis: TIME:  2.33 
Analysis: STEP:  933 
Analysis: TIME:  2.3325 
Analysis: STEP:  934 
Analysis: TIME:  2.335 
Analysis: STEP:  935 
Analysis: TIME:  2.3375 
Analysis: STEP:  936 
Analysis: TIME:  2.34 
Analysis: STEP:  937 
Analysis: TIME:  2.3425000000000002 
Analysis: STEP:  938 
Analysis: TIME:  2.345 
Analysis: STEP:  939 
Analysis: TIME:  2.3475 
Analysis: STEP:  940 
Analysis: TIME:  2.35 
Analysis: STEP:  941 
Analysis: TIME:  2.3525 
Analysis: STEP:  942 
Analysis: TIME:  2.355 
Analysis: STEP:  943 
Analysis: TIME:  2.3575 
Analysis: STEP:  944 
Analysis: TIME:  2.36 
Analysis: STEP:  945 
Analysis: TIME:  2.3625000000000003 
Analysis: STEP:  946 
Analysis: TIME:  2.365 
Analysis: STEP:  947 
Analysis: TIME:  2.3675 
Analysis: STEP:  948 
Analysis: TIME:  2.37 
Analysis: STEP:  949 
Analysis: TIME:  2.3725 
Analysis: STEP:  950 
Analysis: TIME:  2.375 
Analysis: STEP:  951 
Analysis: TIME:  2.3775 
Analysis: STEP:  952 
Analysis: TIME:  2.38 
Analysis: STEP:  953 
Analysis: TIME:  2.3825 
Analysis: STEP:  954 
Analysis: TIME:  2.3850000000000002 
Analysis: STEP:  955 
Analysis: TIME:  2.3875 
Analysis: STEP:  956 
Analysis: TIME:  2.39 
Analysis: STEP:  957 
Analysis: TIME:  2.3925 
Analysis: STEP:  958 
Analysis: TIME:  2.395 
Analysis: STEP:  959 
Analysis: TIME:  2.3975 
Analysis: STEP:  960 
Analysis: TIME:  2.4 
Analysis: STEP:  961 
Analysis: TIME:  2.4025 
Analysis: STEP:  962 
Analysis: TIME:  2.4050000000000002 
Analysis: STEP:  963 
Analysis: TIME:  2.4075 
Analysis: STEP:  964 
Analysis: TIME:  2.41 
Analysis: STEP:  965 
Analysis: TIME:  2.4125 
Analysis: STEP:  966 
Analysis: TIME:  2.415 
Analysis: STEP:  967 
Analysis: TIME:  2.4175 
Analysis: STEP:  968 
Analysis: TIME:  2.42 
Analysis: STEP:  969 
Analysis: TIME:  2.4225 
Analysis: STEP:  970 
Analysis: TIME:  2.4250000000000003 
Analysis: STEP:  971 
Analysis: TIME:  2.4275 
Analysis: STEP:  972 
Analysis: TIME:  2.43 
Analysis: STEP:  973 
Analysis: TIME:  2.4325 
Analysis: STEP:  974 
Analysis: TIME:  2.435 
Analysis: STEP:  975 
Analysis: TIME:  2.4375 
Analysis: STEP:  976 
Analysis: TIME:  2.44 
Analysis: STEP:  977 
Analysis: TIME:  2.4425 
Analysis: STEP:  978 
Analysis: TIME:  2.445 
Analysis: STEP:  979 
Analysis: TIME:  2.4475000000000002 
Analysis: STEP:  980 
Analysis: TIME:  2.45 
Analysis: STEP:  981 
Analysis: TIME:  2.4525 
Analysis: STEP:  982 
Analysis: TIME:  2.455 
Analysis: STEP:  983 
Analysis: TIME:  2.4575 
Analysis: STEP:  984 
Analysis: TIME:  2.46 
Analysis: STEP:  985 
Analysis: TIME:  2.4625 
Analysis: STEP:  986 
Analysis: TIME:  2.465 
Analysis: STEP:  987 
Analysis: TIME:  2.4675000000000002 
Analysis: STEP:  988 
Analysis: TIME:  2.47 
Analysis: STEP:  989 
Analysis: TIME:  2.4725 
Analysis: STEP:  990 
Analysis: TIME:  2.475 
Analysis: STEP:  991 
Analysis: TIME:  2.4775 
Analysis: STEP:  992 
Analysis: TIME:  2.48 
Analysis: STEP:  993 
Analysis: TIME:  2.4825 
Analysis: STEP:  994 
Analysis: TIME:  2.485 
Analysis: STEP:  995 
Analysis: TIME:  2.4875000000000003 
Analysis: STEP:  996 
Analysis: TIME:  2.49 
Analysis: STEP:  997 
Analysis: TIME:  2.4925 
Analysis: STEP:  998 
Analysis: TIME:  2.495 
Analysis: STEP:  999 
Analysis: TIME:  2.4975 
Analysis: STEP:  1000 
Analysis: TIME:  2.5 
Analysis: STEP:  1001 
Analysis: TIME:  2.5025 
Analysis: STEP:  1002 
Analysis: TIME:  2.505 
Analysis: STEP:  1003 
Analysis: TIME:  2.5075 
Analysis: STEP:  1004 
Analysis: TIME:  2.5100000000000002 
Analysis: STEP:  1005 
Analysis: TIME:  2.5125 
Analysis: STEP:  1006 
Analysis: TIME:  2.515 
Analysis: STEP:  1007 
Analysis: TIME:  2.5175 
Analysis: STEP:  1008 
Analysis: TIME:  2.52 
Analysis: STEP:  1009 
Analysis: TIME:  2.5225 
Analysis: STEP:  1010 
Analysis: TIME:  2.525 
Analysis: STEP:  1011 
Analysis: TIME:  2.5275 
Analysis: STEP:  1012 
Analysis: TIME:  2.5300000000000002 
Analysis: STEP:  1013 
Analysis: TIME:  2.5325 
Analysis: STEP:  1014 
Analysis: TIME:  2.535 
Analysis: STEP:  1015 
Analysis: TIME:  2.5375 
Analysis: STEP:  1016 
Analysis: TIME:  2.54 
Analysis: STEP:  1017 
Analysis: TIME:  2.5425 
Analysis: STEP:  1018 
Analysis: TIME:  2.545 
Analysis: STEP:  1019 
Analysis: TIME:  2.5475 
Analysis: STEP:  1020 
Analysis: TIME:  2.5500000000000003 
Analysis: STEP:  1021 
Analysis: TIME:  2.5525 
Analysis: STEP:  1022 
Analysis: TIME:  2.555 
Analysis: STEP:  1023 
Analysis: TIME:  2.5575 
Analysis: STEP:  1024 
Analysis: TIME:  2.56 
Analysis: STEP:  1025 
Analysis: TIME:  2.5625 
Analysis: STEP:  1026 
Analysis: TIME:  2.565 
Analysis: STEP:  1027 
Analysis: TIME:  2.5675 
Analysis: STEP:  1028 
Analysis: TIME:  2.57 
Analysis: STEP:  1029 
Analysis: TIME:  2.5725000000000002 
Analysis: STEP:  1030 
Analysis: TIME:  2.575 
Analysis: STEP:  1031 
Analysis: TIME:  2.5775 
Analysis: STEP:  1032 
Analysis: TIME:  2.58 
Analysis: STEP:  1033 
Analysis: TIME:  2.5825 
Analysis: STEP:  1034 
Analysis: TIME:  2.585 
Analysis: STEP:  1035 
Analysis: TIME:  2.5875 
Analysis: STEP:  1036 
Analysis: TIME:  2.59 
Analysis: STEP:  1037 
Analysis: TIME:  2.5925000000000002 
Analysis: STEP:  1038 
Analysis: TIME:  2.595 
Analysis: STEP:  1039 
Analysis: TIME:  2.5975 
Analysis: STEP:  1040 
Analysis: TIME:  2.6 
Analysis: STEP:  1041 
Analysis: TIME:  2.6025 
Analysis: STEP:  1042 
Analysis: TIME:  2.605 
Analysis: STEP:  1043 
Analysis: TIME:  2.6075 
Analysis: STEP:  1044 
Analysis: TIME:  2.61 
Analysis: STEP:  1045 
Analysis: TIME:  2.6125000000000003 
Analysis: STEP:  1046 
Analysis: TIME:  2.615 
Analysis: STEP:  1047 
Analysis: TIME:  2.6175 
Analysis: STEP:  1048 
Analysis: TIME:  2.62 
Analysis: STEP:  1049 
Analysis: TIME:  2.6225 
Analysis: STEP:  1050 
Analysis: TIME:  2.625 
Analysis: STEP:  1051 
Analysis: TIME:  2.6275 
Analysis: STEP:  1052 
Analysis: TIME:  2.63 
Analysis: STEP:  1053 
Analysis: TIME:  2.6325 
Analysis: STEP:  1054 
Analysis: TIME:  2.6350000000000002 
Analysis: STEP:  1055 
Analysis: TIME:  2.6375 
Analysis: STEP:  1056 
Analysis: TIME:  2.64 
Analysis: STEP:  1057 
Analysis: TIME:  2.6425 
Analysis: STEP:  1058 
Analysis: TIME:  2.645 
Analysis: STEP:  1059 
Analysis: TIME:  2.6475 
Analysis: STEP:  1060 
Analysis: TIME:  2.65 
Analysis: STEP:  1061 
Analysis: TIME:  2.6525 
Analysis: STEP:  1062 
Analysis: TIME:  2.6550000000000002 
Analysis: STEP:  1063 
Analysis: TIME:  2.6575 
Analysis: STEP:  1064 
Analysis: TIME:  2.66 
Analysis: STEP:  1065 
Analysis: TIME:  2.6625 
Analysis: STEP:  1066 
Analysis: TIME:  2.665 
Analysis: STEP:  1067 
Analysis: TIME:  2.6675 
Analysis: STEP:  1068 
Analysis: TIME:  2.67 
Analysis: STEP:  1069 
Analysis: TIME:  2.6725 
Analysis: STEP:  1070 
Analysis: TIME:  2.6750000000000003 
Analysis: STEP:  1071 
Analysis: TIME:  2.6775 
Analysis: STEP:  1072 
Analysis: TIME:  2.68 
Analysis: STEP:  1073 
Analysis: TIME:  2.6825 
Analysis: STEP:  1074 
Analysis: TIME:  2.685 
Analysis: STEP:  1075 
Analysis: TIME:  2.6875 
Analysis: STEP:  1076 
Analysis: TIME:  2.69 
Analysis: STEP:  1077 
Analysis: TIME:  2.6925 
Analysis: STEP:  1078 
Analysis: TIME:  2.695 
Analysis: STEP:  1079 
Analysis: TIME:  2.6975000000000002 
Analysis: STEP:  1080 
Analysis: TIME:  2.7 
Analysis: STEP:  1081 
Analysis: TIME:  2.7025 
Analysis: STEP:  1082 
Analysis: TIME:  2.705 
Analysis: STEP:  1083 
Analysis: TIME:  2.7075 
Analysis: STEP:  1084 
Analysis: TIME:  2.71 
Analysis: STEP:  1085 
Analysis: TIME:  2.7125 
Analysis: STEP:  1086 
Analysis: TIME:  2.715 
Analysis: STEP:  1087 
Analysis: TIME:  2.7175000000000002 
Analysis: STEP:  1088 
Analysis: TIME:  2.72 
Analysis: STEP:  1089 
Analysis: TIME:  2.7225 
Analysis: STEP:  1090 
Analysis: TIME:  2.725 
Analysis: STEP:  1091 
Analysis: TIME:  2.7275 
Analysis: STEP:  1092 
Analysis: TIME:  2.73 
Analysis: STEP:  1093 
Analysis: TIME:  2.7325 
Analysis: STEP:  1094 
Analysis: TIME:  2.735 
Analysis: STEP:  1095 
Analysis: TIME:  2.7375000000000003 
Analysis: STEP:  1096 
Analysis: TIME:  2.74 
Analysis: STEP:  1097 
Analysis: TIME:  2.7425 
Analysis: STEP:  1098 
Analysis: TIME:  2.745 
Analysis: STEP:  1099 
Analysis: TIME:  2.7475 
Analysis: STEP:  1100 
Analysis: TIME:  2.75 
Analysis: STEP:  1101 
Analysis: TIME:  2.7525 
Analysis: STEP:  1102 
Analysis: TIME:  2.755 
Analysis: STEP:  1103 
Analysis: TIME:  2.7575 
Analysis: STEP:  1104 
Analysis: TIME:  2.7600000000000002 
Analysis: STEP:  1105 
Analysis: TIME:  2.7625 
Analysis: STEP:  1106 
Analysis: TIME:  2.765 
Analysis: STEP:  1107 
Analysis: TIME:  2.7675 
Analysis: STEP:  1108 
Analysis: TIME:  2.77 
Analysis: STEP:  1109 
Analysis: TIME:  2.7725 
Analysis: STEP:  1110 
Analysis: TIME:  2.775 
Analysis: STEP:  1111 
Analysis: TIME:  2.7775 
Analysis: STEP:  1112 
Analysis: TIME:  2.7800000000000002 
Analysis: STEP:  1113 
Analysis: TIME:  2.7825 
Analysis: STEP:  1114 
Analysis: TIME:  2.785 
Analysis: STEP:  1115 
Analysis: TIME:  2.7875 
Analysis: STEP:  1116 
Analysis: TIME:  2.79 
Analysis: STEP:  1117 
Analysis: TIME:  2.7925 
Analysis: STEP:  1118 
Analysis: TIME:  2.795 
Analysis: STEP:  1119 
Analysis: TIME:  2.7975 
Analysis: STEP:  1120 
Analysis: TIME:  2.8000000000000003 
Analysis: STEP:  1121 
Analysis: TIME:  2.8025 
Analysis: STEP:  1122 
Analysis: TIME:  2.805 
Analysis: STEP:  1123 
Analysis: TIME:  2.8075 
Analysis: STEP:  1124 
Analysis: TIME:  2.81 
Analysis: STEP:  1125 
Analysis: TIME:  2.8125 
Analysis: STEP:  1126 
Analysis: TIME:  2.815 
Analysis: STEP:  1127 
Analysis: TIME:  2.8175 
Analysis: STEP:  1128 
Analysis: TIME:  2.82 
Analysis: STEP:  1129 
Analysis: TIME:  2.8225000000000002 
Analysis: STEP:  1130 
Analysis: TIME:  2.825 
Analysis: STEP:  1131 
Analysis: TIME:  2.8275 
Analysis: STEP:  1132 
Analysis: TIME:  2.83 
Analysis: STEP:  1133 
Analysis: TIME:  2.8325 
Analysis: STEP:  1134 
Analysis: TIME:  2.835 
Analysis: STEP:  1135 
Analysis: TIME:  2.8375 
Analysis: STEP:  1136 
Analysis: TIME:  2.84 
Analysis: STEP:  1137 
Analysis: TIME:  2.8425000000000002 
Analysis: STEP:  1138 
Analysis: TIME:  2.845 
Analysis: STEP:  1139 
Analysis: TIME:  2.8475 
Analysis: STEP:  1140 
Analysis: TIME:  2.85 
Analysis: STEP:  1141 
Analysis: TIME:  2.8525 
Analysis: STEP:  1142 
Analysis: TIME:  2.855 
Analysis: STEP:  1143 
Analysis: TIME:  2.8575 
Analysis: STEP:  1144 
Analysis: TIME:  2.86 
Analysis: STEP:  1145 
Analysis: TIME:  2.8625000000000003 
Analysis: STEP:  1146 
Analysis: TIME:  2.865 
Analysis: STEP:  1147 
Analysis: TIME:  2.8675 
Analysis: STEP:  1148 
Analysis: TIME:  2.87 
Analysis: STEP:  1149 
Analysis: TIME:  2.8725 
Analysis: STEP:  1150 
Analysis: TIME:  2.875 
Analysis: STEP:  1151 
Analysis: TIME:  2.8775 
Analysis: STEP:  1152 
Analysis: TIME:  2.88 
Analysis: STEP:  1153 
Analysis: TIME:  2.8825 
Analysis: STEP:  1154 
Analysis: TIME:  2.8850000000000002 
Analysis: STEP:  1155 
Analysis: TIME:  2.8875 
Analysis: STEP:  1156 
Analysis: TIME:  2.89 
Analysis: STEP:  1157 
Analysis: TIME:  2.8925 
Analysis: STEP:  1158 
Analysis: TIME:  2.895 
Analysis: STEP:  1159 
Analysis: TIME:  2.8975 
Analysis: STEP:  1160 
Analysis: TIME:  2.9 
Analysis: STEP:  1161 
Analysis: TIME:  2.9025 
Analysis: STEP:  1162 
Analysis: TIME:  2.9050000000000002 
Analysis: STEP:  1163 
Analysis: TIME:  2.9075 
Analysis: STEP:  1164 
Analysis: TIME:  2.91 
Analysis: STEP:  1165 
Analysis: TIME:  2.9125 
Analysis: STEP:  1166 
Analysis: TIME:  2.915 
Analysis: STEP:  1167 
Analysis: TIME:  2.9175 
Analysis: STEP:  1168 
Analysis: TIME:  2.92 
Analysis: STEP:  1169 
Analysis: TIME:  2.9225 
Analysis: STEP:  1170 
Analysis: TIME:  2.9250000000000003 
Analysis: STEP:  1171 
Analysis: TIME:  2.9275 
Analysis: STEP:  1172 
Analysis: TIME:  2.93 
Analysis: STEP:  1173 
Analysis: TIME:  2.9325 
Analysis: STEP:  1174 
Analysis: TIME:  2.935 
Analysis: STEP:  1175 
Analysis: TIME:  2.9375 
Analysis: STEP:  1176 
Analysis: TIME:  2.94 
Analysis: STEP:  1177 
Analysis: TIME:  2.9425 
Analysis: STEP:  1178 
Analysis: TIME:  2.945 
Analysis: STEP:  1179 
Analysis: TIME:  2.9475000000000002 
Analysis: STEP:  1180 
Analysis: TIME:  2.95 
Analysis: STEP:  1181 
Analysis: TIME:  2.9525 
Analysis: STEP:  1182 
Analysis: TIME:  2.955 
Analysis: STEP:  1183 
Analysis: TIME:  2.9575 
Analysis: STEP:  1184 
Analysis: TIME:  2.96 
Analysis: STEP:  1185 
Analysis: TIME:  2.9625 
Analysis: STEP:  1186 
Analysis: TIME:  2.965 
Analysis: STEP:  1187 
Analysis: TIME:  2.9675000000000002 
Analysis: STEP:  1188 
Analysis: TIME:  2.97 
Analysis: STEP:  1189 
Analysis: TIME:  2.9725 
Analysis: STEP:  1190 
Analysis: TIME:  2.975 
Analysis: STEP:  1191 
Analysis: TIME:  2.9775 
Analysis: STEP:  1192 
Analysis: TIME:  2.98 
Analysis: STEP:  1193 
Analysis: TIME:  2.9825 
Analysis: STEP:  1194 
Analysis: TIME:  2.985 
Analysis: STEP:  1195 
Analysis: TIME:  2.9875000000000003 
Analysis: STEP:  1196 
Analysis: TIME:  2.99 
Analysis: STEP:  1197 
Analysis: TIME:  2.9925 
Analysis: STEP:  1198 
Analysis: TIME:  2.995 
Analysis: STEP:  1199 
Analysis: TIME:  2.9975 
Analysis: STEP:  1200 
Analysis: TIME:  3.0 
Analysis: STEP:  1201 
Analysis: TIME:  3.0025 
Analysis: STEP:  1202 
Analysis: TIME:  3.005 
Analysis: STEP:  1203 
Analysis: TIME:  3.0075000000000003 
Analysis: STEP:  1204 
Analysis: TIME:  3.0100000000000002 
Analysis: STEP:  1205 
Analysis: TIME:  3.0125 
Analysis: STEP:  1206 
Analysis: TIME:  3.015 
Analysis: STEP:  1207 
Analysis: TIME:  3.0175 
Analysis: STEP:  1208 
Analysis: TIME:  3.02 
Analysis: STEP:  1209 
Analysis: TIME:  3.0225 
Analysis: STEP:  1210 
Analysis: TIME:  3.025 
Analysis: STEP:  1211 
Analysis: TIME:  3.0275 
Analysis: STEP:  1212 
Analysis: TIME:  3.0300000000000002 
Analysis: STEP:  1213 
Analysis: TIME:  3.0325 
Analysis: STEP:  1214 
Analysis: TIME:  3.035 
Analysis: STEP:  1215 
Analysis: TIME:  3.0375 
Analysis: STEP:  1216 
Analysis: TIME:  3.04 
Analysis: STEP:  1217 
Analysis: TIME:  3.0425 
Analysis: STEP:  1218 
Analysis: TIME:  3.045 
Analysis: STEP:  1219 
Analysis: TIME:  3.0475 
Analysis: STEP:  1220 
Analysis: TIME:  3.0500000000000003 
Analysis: STEP:  1221 
Analysis: TIME:  3.0525 
Analysis: STEP:  1222 
Analysis: TIME:  3.055 
Analysis: STEP:  1223 
Analysis: TIME:  3.0575 
Analysis: STEP:  1224 
Analysis: TIME:  3.06 
Analysis: STEP:  1225 
Analysis: TIME:  3.0625 
Analysis: STEP:  1226 
Analysis: TIME:  3.065 
Analysis: STEP:  1227 
Analysis: TIME:  3.0675 
Analysis: STEP:  1228 
Analysis: TIME:  3.0700000000000003 
Analysis: STEP:  1229 
Analysis: TIME:  3.0725000000000002 
Analysis: STEP:  1230 
Analysis: TIME:  3.075 
Analysis: STEP:  1231 
Analysis: TIME:  3.0775 
Analysis: STEP:  1232 
Analysis: TIME:  3.08 
Analysis: STEP:  1233 
Analysis: TIME:  3.0825 
Analysis: STEP:  1234 
Analysis: TIME:  3.085 
Analysis: STEP:  1235 
Analysis: TIME:  3.0875 
Analysis: STEP:  1236 
Analysis: TIME:  3.09 
Analysis: STEP:  1237 
Analysis: TIME:  3.0925000000000002 
Analysis: STEP:  1238 
Analysis: TIME:  3.095 
Analysis: STEP:  1239 
Analysis: TIME:  3.0975 
Analysis: STEP:  1240 
Analysis: TIME:  3.1 
Analysis: STEP:  1241 
Analysis: TIME:  3.1025 
Analysis: STEP:  1242 
Analysis: TIME:  3.105 
Analysis: STEP:  1243 
Analysis: TIME:  3.1075 
Analysis: STEP:  1244 
Analysis: TIME:  3.11 
Analysis: STEP:  1245 
Analysis: TIME:  3.1125000000000003 
Analysis: STEP:  1246 
Analysis: TIME:  3.115 
Analysis: STEP:  1247 
Analysis: TIME:  3.1175 
Analysis: STEP:  1248 
Analysis: TIME:  3.12 
Analysis: STEP:  1249 
Analysis: TIME:  3.1225 
Analysis: STEP:  1250 
Analysis: TIME:  3.125 
Analysis: STEP:  1251 
Analysis: TIME:  3.1275 
Analysis: STEP:  1252 
Analysis: TIME:  3.13 
Analysis: STEP:  1253 
Analysis: TIME:  3.1325000000000003 
Analysis: STEP:  1254 
Analysis: TIME:  3.1350000000000002 
Analysis: STEP:  1255 
Analysis: TIME:  3.1375 
Analysis: STEP:  1256 
Analysis: TIME:  3.14 
Analysis: STEP:  1257 
Analysis: TIME:  3.1425 
Analysis: STEP:  1258 
Analysis: TIME:  3.145 
Analysis: STEP:  1259 
Analysis: TIME:  3.1475 
Analysis: STEP:  1260 
Analysis: TIME:  3.15 
Analysis: STEP:  1261 
Analysis: TIME:  3.1525 
Analysis: STEP:  1262 
Analysis: TIME:  3.1550000000000002 
Analysis: STEP:  1263 
Analysis: TIME:  3.1575 
Analysis: STEP:  1264 
Analysis: TIME:  3.16 
Analysis: STEP:  1265 
Analysis: TIME:  3.1625 
Analysis: STEP:  1266 
Analysis: TIME:  3.165 
Analysis: STEP:  1267 
Analysis: TIME:  3.1675 
Analysis: STEP:  1268 
Analysis: TIME:  3.17 
Analysis: STEP:  1269 
Analysis: TIME:  3.1725 
Analysis: STEP:  1270 
Analysis: TIME:  3.1750000000000003 
Analysis: STEP:  1271 
Analysis: TIME:  3.1775 
Analysis: STEP:  1272 
Analysis: TIME:  3.18 
Analysis: STEP:  1273 
Analysis: TIME:  3.1825 
Analysis: STEP:  1274 
Analysis: TIME:  3.185 
Analysis: STEP:  1275 
Analysis: TIME:  3.1875 
Analysis: STEP:  1276 
Analysis: TIME:  3.19 
Analysis: STEP:  1277 
Analysis: TIME:  3.1925 
Analysis: STEP:  1278 
Analysis: TIME:  3.1950000000000003 
Analysis: STEP:  1279 
Analysis: TIME:  3.1975000000000002 
Analysis: STEP:  1280 
Analysis: TIME:  3.2 
Analysis: STEP:  1281 
Analysis: TIME:  3.2025 
Analysis: STEP:  1282 
Analysis: TIME:  3.205 
Analysis: STEP:  1283 
Analysis: TIME:  3.2075 
Analysis: STEP:  1284 
Analysis: TIME:  3.21 
Analysis: STEP:  1285 
Analysis: TIME:  3.2125 
Analysis: STEP:  1286 
Analysis: TIME:  3.215 
Analysis: STEP:  1287 
Analysis: TIME:  3.2175000000000002 
Analysis: STEP:  1288 
Analysis: TIME:  3.22 
Analysis: STEP:  1289 
Analysis: TIME:  3.2225 
Analysis: STEP:  1290 
Analysis: TIME:  3.225 
Analysis: STEP:  1291 
Analysis: TIME:  3.2275 
Analysis: STEP:  1292 
Analysis: TIME:  3.23 
Analysis: STEP:  1293 
Analysis: TIME:  3.2325 
Analysis: STEP:  1294 
Analysis: TIME:  3.235 
Analysis: STEP:  1295 
Analysis: TIME:  3.2375000000000003 
Analysis: STEP:  1296 
Analysis: TIME:  3.24 
Analysis: STEP:  1297 
Analysis: TIME:  3.2425 
Analysis: STEP:  1298 
Analysis: TIME:  3.245 
Analysis: STEP:  1299 
Analysis: TIME:  3.2475 
Analysis: STEP:  1300 
Analysis: TIME:  3.25 
Analysis: STEP:  1301 
Analysis: TIME:  3.2525 
Analysis: STEP:  1302 
Analysis: TIME:  3.255 
Analysis: STEP:  1303 
Analysis: TIME:  3.2575000000000003 
Analysis: STEP:  1304 
Analysis: TIME:  3.2600000000000002 
Analysis: STEP:  1305 
Analysis: TIME:  3.2625 
Analysis: STEP:  1306 
Analysis: TIME:  3.265 
Analysis: STEP:  1307 
Analysis: TIME:  3.2675 
Analysis: STEP:  1308 
Analysis: TIME:  3.27 
Analysis: STEP:  1309 
Analysis: TIME:  3.2725 
Analysis: STEP:  1310 
Analysis: TIME:  3.275 
Analysis: STEP:  1311 
Analysis: TIME:  3.2775 
Analysis: STEP:  1312 
Analysis: TIME:  3.2800000000000002 
Analysis: STEP:  1313 
Analysis: TIME:  3.2825 
Analysis: STEP:  1314 
Analysis: TIME:  3.285 
Analysis: STEP:  1315 
Analysis: TIME:  3.2875 
Analysis: STEP:  1316 
Analysis: TIME:  3.29 
Analysis: STEP:  1317 
Analysis: TIME:  3.2925 
Analysis: STEP:  1318 
Analysis: TIME:  3.295 
Analysis: STEP:  1319 
Analysis: TIME:  3.2975 
Analysis: STEP:  1320 
Analysis: TIME:  3.3000000000000003 
Analysis: STEP:  1321 
Analysis: TIME:  3.3025 
Analysis: STEP:  1322 
Analysis: TIME:  3.305 
Analysis: STEP:  1323 
Analysis: TIME:  3.3075 
Analysis: STEP:  1324 
Analysis: TIME:  3.31 
Analysis: STEP:  1325 
Analysis: TIME:  3.3125 
Analysis: STEP:  1326 
Analysis: TIME:  3.315 
Analysis: STEP:  1327 
Analysis: TIME:  3.3175 
Analysis: STEP:  1328 
Analysis: TIME:  3.3200000000000003 
Analysis: STEP:  1329 
Analysis: TIME:  3.3225000000000002 
Analysis: STEP:  1330 
Analysis: TIME:  3.325 
Analysis: STEP:  1331 
Analysis: TIME:  3.3275 
Analysis: STEP:  1332 
Analysis: TIME:  3.33 
Analysis: STEP:  1333 
Analysis: TIME:  3.3325 
Analysis: STEP:  1334 
Analysis: TIME:  3.335 
Analysis: STEP:  1335 
Analysis: TIME:  3.3375 
Analysis: STEP:  1336 
Analysis: TIME:  3.34 
Analysis: STEP:  1337 
Analysis: TIME:  3.3425000000000002 
Analysis: STEP:  1338 
Analysis: TIME:  3.345 
Analysis: STEP:  1339 
Analysis: TIME:  3.3475 
Analysis: STEP:  1340 
Analysis: TIME:  3.35 
Analysis: STEP:  1341 
Analysis: TIME:  3.3525 
Analysis: STEP:  1342 
Analysis: TIME:  3.355 
Analysis: STEP:  1343 
Analysis: TIME:  3.3575 
Analysis: STEP:  1344 
Analysis: TIME:  3.36 
Analysis: STEP:  1345 
Analysis: TIME:  3.3625000000000003 
Analysis: STEP:  1346 
Analysis: TIME:  3.365 
Analysis: STEP:  1347 
Analysis: TIME:  3.3675 
Analysis: STEP:  1348 
Analysis: TIME:  3.37 
Analysis: STEP:  1349 
Analysis: TIME:  3.3725 
Analysis: STEP:  1350 
Analysis: TIME:  3.375 
Analysis: STEP:  1351 
Analysis: TIME:  3.3775 
Analysis: STEP:  1352 
Analysis: TIME:  3.38 
Analysis: STEP:  1353 
Analysis: TIME:  3.3825000000000003 
Analysis: STEP:  1354 
Analysis: TIME:  3.3850000000000002 
Analysis: STEP:  1355 
Analysis: TIME:  3.3875 
Analysis: STEP:  1356 
Analysis: TIME:  3.39 
Analysis: STEP:  1357 
Analysis: TIME:  3.3925 
Analysis: STEP:  1358 
Analysis: TIME:  3.395 
Analysis: STEP:  1359 
Analysis: TIME:  3.3975 
Analysis: STEP:  1360 
Analysis: TIME:  3.4 
Analysis: STEP:  1361 
Analysis: TIME:  3.4025 
Analysis: STEP:  1362 
Analysis: TIME:  3.4050000000000002 
Analysis: STEP:  1363 
Analysis: TIME:  3.4075 
Analysis: STEP:  1364 
Analysis: TIME:  3.41 
Analysis: STEP:  1365 
Analysis: TIME:  3.4125 
Analysis: STEP:  1366 
Analysis: TIME:  3.415 
Analysis: STEP:  1367 
Analysis: TIME:  3.4175 
Analysis: STEP:  1368 
Analysis: TIME:  3.42 
Analysis: STEP:  1369 
Analysis: TIME:  3.4225 
Analysis: STEP:  1370 
Analysis: TIME:  3.4250000000000003 
Analysis: STEP:  1371 
Analysis: TIME:  3.4275 
Analysis: STEP:  1372 
Analysis: TIME:  3.43 
Analysis: STEP:  1373 
Analysis: TIME:  3.4325 
Analysis: STEP:  1374 
Analysis: TIME:  3.435 
Analysis: STEP:  1375 
Analysis: TIME:  3.4375 
Analysis: STEP:  1376 
Analysis: TIME:  3.44 
Analysis: STEP:  1377 
Analysis: TIME:  3.4425 
Analysis: STEP:  1378 
Analysis: TIME:  3.4450000000000003 
Analysis: STEP:  1379 
Analysis: TIME:  3.4475000000000002 
Analysis: STEP:  1380 
Analysis: TIME:  3.45 
Analysis: STEP:  1381 
Analysis: TIME:  3.4525 
Analysis: STEP:  1382 
Analysis: TIME:  3.455 
Analysis: STEP:  1383 
Analysis: TIME:  3.4575 
Analysis: STEP:  1384 
Analysis: TIME:  3.46 
Analysis: STEP:  1385 
Analysis: TIME:  3.4625 
Analysis: STEP:  1386 
Analysis: TIME:  3.465 
Analysis: STEP:  1387 
Analysis: TIME:  3.4675000000000002 
Analysis: STEP:  1388 
Analysis: TIME:  3.47 
Analysis: STEP:  1389 
Analysis: TIME:  3.4725 
Analysis: STEP:  1390 
Analysis: TIME:  3.475 
Analysis: STEP:  1391 
Analysis: TIME:  3.4775 
Analysis: STEP:  1392 
Analysis: TIME:  3.48 
Analysis: STEP:  1393 
Analysis: TIME:  3.4825 
Analysis: STEP:  1394 
Analysis: TIME:  3.485 
Analysis: STEP:  1395 
Analysis: TIME:  3.4875000000000003 
Analysis: STEP:  1396 
Analysis: TIME:  3.49 
Analysis: STEP:  1397 
Analysis: TIME:  3.4925 
Analysis: STEP:  1398 
Analysis: TIME:  3.495 
Analysis: STEP:  1399 
Analysis: TIME:  3.4975 
Analysis: STEP:  1400 
Analysis: TIME:  3.5 
Analysis: STEP:  1401 
Analysis: TIME:  3.5025 
Analysis: STEP:  1402 
Analysis: TIME:  3.505 
Analysis: STEP:  1403 
Analysis: TIME:  3.5075000000000003 
Analysis: STEP:  1404 
Analysis: TIME:  3.5100000000000002 
Analysis: STEP:  1405 
Analysis: TIME:  3.5125 
Analysis: STEP:  1406 
Analysis: TIME:  3.515 
Analysis: STEP:  1407 
Analysis: TIME:  3.5175 
Analysis: STEP:  1408 
Analysis: TIME:  3.52 
Analysis: STEP:  1409 
Analysis: TIME:  3.5225 
Analysis: STEP:  1410 
Analysis: TIME:  3.525 
Analysis: STEP:  1411 
Analysis: TIME:  3.5275 
Analysis: STEP:  1412 
Analysis: TIME:  3.5300000000000002 
Analysis: STEP:  1413 
Analysis: TIME:  3.5325 
Analysis: STEP:  1414 
Analysis: TIME:  3.535 
Analysis: STEP:  1415 
Analysis: TIME:  3.5375 
Analysis: STEP:  1416 
Analysis: TIME:  3.54 
Analysis: STEP:  1417 
Analysis: TIME:  3.5425 
Analysis: STEP:  1418 
Analysis: TIME:  3.545 
Analysis: STEP:  1419 
Analysis: TIME:  3.5475 
Analysis: STEP:  1420 
Analysis: TIME:  3.5500000000000003 
Analysis: STEP:  1421 
Analysis: TIME:  3.5525 
Analysis: STEP:  1422 
Analysis: TIME:  3.555 
Analysis: STEP:  1423 
Analysis: TIME:  3.5575 
Analysis: STEP:  1424 
Analysis: TIME:  3.56 
Analysis: STEP:  1425 
Analysis: TIME:  3.5625 
Analysis: STEP:  1426 
Analysis: TIME:  3.565 
Analysis: STEP:  1427 
Analysis: TIME:  3.5675 
Analysis: STEP:  1428 
Analysis: TIME:  3.5700000000000003 
Analysis: STEP:  1429 
Analysis: TIME:  3.5725000000000002 
Analysis: STEP:  1430 
Analysis: TIME:  3.575 
Analysis: STEP:  1431 
Analysis: TIME:  3.5775 
Analysis: STEP:  1432 
Analysis: TIME:  3.58 
Analysis: STEP:  1433 
Analysis: TIME:  3.5825 
Analysis: STEP:  1434 
Analysis: TIME:  3.585 
Analysis: STEP:  1435 
Analysis: TIME:  3.5875 
Analysis: STEP:  1436 
Analysis: TIME:  3.59 
Analysis: STEP:  1437 
Analysis: TIME:  3.5925000000000002 
Analysis: STEP:  1438 
Analysis: TIME:  3.595 
Analysis: STEP:  1439 
Analysis: TIME:  3.5975 
Analysis: STEP:  1440 
Analysis: TIME:  3.6 
Analysis: STEP:  1441 
Analysis: TIME:  3.6025 
Analysis: STEP:  1442 
Analysis: TIME:  3.605 
Analysis: STEP:  1443 
Analysis: TIME:  3.6075 
Analysis: STEP:  1444 
Analysis: TIME:  3.61 
Analysis: STEP:  1445 
Analysis: TIME:  3.6125000000000003 
Analysis: STEP:  1446 
Analysis: TIME:  3.615 
Analysis: STEP:  1447 
Analysis: TIME:  3.6175 
Analysis: STEP:  1448 
Analysis: TIME:  3.62 
Analysis: STEP:  1449 
Analysis: TIME:  3.6225 
Analysis: STEP:  1450 
An============================================================
  Stage 10: HPROM-RBF Benchmark (FOM vs PROM-RBF vs HPROM-RBF)
============================================================
  Waypoints: 6
  Strain path points: 251
  Dynamic steps: 1450 (+1 initial = 1451)
  Segments: [7 7 7 7 7 7 7 7 7 7 7 7 7 7 7 7 7 7 7 7 7 7 7 7 7 7 7 7 7 7 7 7 7 7 7 7 7
 7 7 7 7 7 7 7 7 7 7 7 7 7 7 7 7 7 7 7 7 7 7 7 7 7 7 7 7 7 7 7 7 7 7 7 7 7
 7 7 7 7 7 7 7 7 7 7 7 7 7 7 7 7 7 7 7 7 7 7 7 7 7 7 5 5 5 5 5 5 5 5 5 5 5
 5 5 5 5 5 5 5 5 5 5 5 5 5 5 5 5 5 5 5 5 5 5 5 5 5 5 5 5 5 5 5 5 5 5 5 5 5
 5 5 7 7 7 7 7 7 7 7 7 7 7 7 7 7 7 7 7 7 7 7 7 7 7 7 7 7 7 7 7 7 7 7 7 7 7
 7 7 7 7 7 7 7 7 7 7 7 7 7 7 7 3 3 3 3 3 3 3 3 3 3 3 3 3 3 3 3 3 3 3 3 3 3
 3 3 3 3 3 3 3 3 3 3 3 3 3 3 3 3 3 3 3 3 3 3 3 3 3 3 3 3]

[Stage 10] Loading cached FOM.

[Stage 10] Loading cached PROM-RBF.

[Stage 10] Running HPROM-RBF...
  [HPROM-RBF] Solving for 1450 dynamic increments...
  [HPROM-RBF] ECM residual elements: 147 / 990 | union elements: 164 / 990
  [HPROM-RBF][TIMER] n_total_dof=4244 | n_free=3924 | n_dir=320 | n_primary=3 | n_secondary=6
  [HPROM-RBF][TIMER] Diagnostics ON (report every 100 steps)

[HPROM-RBF] Step 0001/1450 | E=[0.00114286 0.         0.        ]
  [HPROM-RBF][TIMER] matrix stats: K_hp shape=(4244, 4244), nnz=19900 | K_free shape=(3924, 3924), nnz=16396, density=1.065e-03
  [HPROM-RBF][TIMER] step=0001 total=0.142s | setup=0.100s newton=0.033s post=0.009s | its=4
  [HPROM-RBF][TIMER] per-it avg: rbf=0.23ms recon=0.09ms apply_u=0.75ms (build=0.01ms,set+upd=0.74ms) asm=6.62ms proj=0.49ms (extract=0.35ms,spmm=0.07ms,mult=0.13ms) solve+upd=0.03ms
  [HPROM-RBF][TIMER] post: finalize=0.000s gp_eval=0.009s weighting=0.000s

[HPROM-RBF] Step 0100/1450 | E=[0.11428571 0.         0.        ]
  [HPROM-RBF][TIMER] step=0100 total=0.058s | setup=0.011s newton=0.037s post=0.009s | its=5
  [HPROM-RBF][TIMER] per-it avg: rbf=0.20ms recon=0.08ms apply_u=0.29ms (build=0.01ms,set+upd=0.28ms) asm=6.34ms proj=0.45ms (extract=0.33ms,spmm=0.06ms,mult=0.11ms) solve+upd=0.03ms
  [HPROM-RBF][TIMER] post: finalize=0.000s gp_eval=0.009s weighting=0.000s

[HPROM-RBF] Step 0200/1450 | E=[0.22857143 0.         0.        ]
  [HPROM-RBF][TIMER] step=0200 total=0.059s | setup=0.010s newton=0.039s post=0.009s | its=5
  [HPROM-RBF][TIMER] per-it avg: rbf=0.21ms recon=0.08ms apply_u=0.11ms (build=0.01ms,set+upd=0.09ms) asm=6.88ms proj=0.46ms (extract=0.34ms,spmm=0.07ms,mult=0.12ms) solve+upd=0.03ms
  [HPROM-RBF][TIMER] post: finalize=0.000s gp_eval=0.009s weighting=0.000s

[HPROM-RBF] Step 0300/1450 | E=[0.34285714 0.         0.        ]
  [HPROM-RBF][TIMER] step=0300 total=0.058s | setup=0.010s newton=0.039s post=0.009s | its=5
  [HPROM-RBF][TIMER] per-it avg: rbf=0.21ms recon=0.08ms apply_u=0.08ms (build=0.01ms,set+upd=0.07ms) asm=6.81ms proj=0.47ms (extract=0.35ms,spmm=0.07ms,mult=0.12ms) solve+upd=0.03ms
  [HPROM-RBF][TIMER] post: finalize=0.000s gp_eval=0.009s weighting=0.000s

[HPROM-RBF] Step 0400/1450 | E=[0.36428571 0.05       0.01714286]
  [HPROM-RBF][TIMER] step=0400 total=0.061s | setup=0.012s newton=0.040s post=0.009s | its=5
  [HPROM-RBF][TIMER] per-it avg: rbf=0.22ms recon=0.09ms apply_u=0.49ms (build=0.01ms,set+upd=0.48ms) asm=6.63ms proj=0.48ms (extract=0.35ms,spmm=0.07ms,mult=0.12ms) solve+upd=0.03ms
  [HPROM-RBF][TIMER] post: finalize=0.000s gp_eval=0.009s weighting=0.000s

[HPROM-RBF] Step 0500/1450 | E=[0.29285714 0.15       0.05142857]
  [HPROM-RBF][TIMER] step=0500 total=0.055s | setup=0.010s newton=0.034s post=0.010s | its=4
  [HPROM-RBF][TIMER] per-it avg: rbf=0.22ms recon=0.09ms apply_u=0.53ms (build=0.01ms,set+upd=0.52ms) asm=7.15ms proj=0.50ms (extract=0.38ms,spmm=0.07ms,mult=0.12ms) solve+upd=0.03ms
  [HPROM-RBF][TIMER] post: finalize=0.000s gp_eval=0.010s weighting=0.000s

[HPROM-RBF] Step 0600/1450 | E=[0.22142857 0.25       0.08571429]
  [HPROM-RBF][TIMER] step=0600 total=0.057s | setup=0.010s newton=0.038s post=0.009s | its=5
  [HPROM-RBF][TIMER] per-it avg: rbf=0.21ms recon=0.08ms apply_u=0.07ms (build=0.01ms,set+upd=0.06ms) asm=6.68ms proj=0.45ms (extract=0.34ms,spmm=0.06ms,mult=0.11ms) solve+upd=0.03ms
  [HPROM-RBF][TIMER] post: finalize=0.000s gp_eval=0.009s weighting=0.000s

[HPROM-RBF] Step 0700/1450 | E=[0.15 0.35 0.12]
  [HPROM-RBF][TIMER] step=0700 total=0.049s | setup=0.010s newton=0.030s post=0.009s | its=4
  [HPROM-RBF][TIMER] per-it avg: rbf=0.20ms recon=0.08ms apply_u=0.07ms (build=0.01ms,set+upd=0.06ms) asm=6.59ms proj=0.45ms (extract=0.34ms,spmm=0.06ms,mult=0.11ms) solve+upd=0.03ms
  [HPROM-RBF][TIMER] post: finalize=0.000s gp_eval=0.009s weighting=0.000s

[HPROM-RBF] Step 0800/1450 | E=[0.07  0.31  0.012]
  [HPROM-RBF][TIMER] step=0800 total=0.065s | setup=0.010s newton=0.045s post=0.009s | its=6
  [HPROM-RBF][TIMER] per-it avg: rbf=0.21ms recon=0.08ms apply_u=0.08ms (build=0.01ms,set+upd=0.07ms) asm=6.65ms proj=0.46ms (extract=0.34ms,spmm=0.06ms,mult=0.11ms) solve+upd=0.03ms
  [HPROM-RBF][TIMER] post: finalize=0.000s gp_eval=0.009s weighting=0.000s

[HPROM-RBF] Step 0900/1450 | E=[-0.01   0.27  -0.096]
  [HPROM-RBF][TIMER] step=0900 total=0.073s | setup=0.010s newton=0.053s post=0.009s | its=7
  [HPROM-RBF][TIMER] per-it avg: rbf=0.20ms recon=0.08ms apply_u=0.07ms (build=0.01ms,set+upd=0.06ms) asm=6.69ms proj=0.47ms (extract=0.35ms,spmm=0.06ms,mult=0.11ms) solve+upd=0.03ms
  [HPROM-RBF][TIMER] post: finalize=0.000s gp_eval=0.009s weighting=0.000s

[HPROM-RBF] Step 1000/1450 | E=[-0.02857143  0.20285714 -0.12142857]
  [HPROM-RBF][TIMER] step=1000 total=0.064s | setup=0.010s newton=0.045s post=0.009s | its=6
  [HPROM-RBF][TIMER] per-it avg: rbf=0.21ms recon=0.08ms apply_u=0.07ms (build=0.01ms,set+upd=0.06ms) asm=6.59ms proj=0.46ms (extract=0.33ms,spmm=0.08ms,mult=0.13ms) solve+upd=0.03ms
  [HPROM-RBF][TIMER] post: finalize=0.000s gp_eval=0.009s weighting=0.000s

[HPROM-RBF] Step 1100/1450 | E=[ 0.01428571  0.10857143 -0.06428571]
  [HPROM-RBF][TIMER] step=1100 total=0.065s | setup=0.010s newton=0.045s post=0.009s | its=6
  [HPROM-RBF][TIMER] per-it avg: rbf=0.21ms recon=0.08ms apply_u=0.07ms (build=0.01ms,set+upd=0.06ms) asm=6.65ms proj=0.47ms (extract=0.36ms,spmm=0.06ms,mult=0.11ms) solve+upd=0.03ms
  [HPROM-RBF][TIMER] post: finalize=0.000s gp_eval=0.009s weighting=0.000s

[HPROM-RBF] Step 1200/1450 | E=[ 0.05714286  0.01428571 -0.00714286]
  [HPROM-RBF][TIMER] step=1200 total=0.052s | setup=0.010s newton=0.032s post=0.009s | its=4
  [HPROM-RBF][TIMER] per-it avg: rbf=0.22ms recon=0.09ms apply_u=0.21ms (build=0.01ms,set+upd=0.20ms) asm=6.91ms proj=0.51ms (extract=0.38ms,spmm=0.07ms,mult=0.13ms) solve+upd=0.03ms
  [HPROM-RBF][TIMER] post: finalize=0.000s gp_eval=0.009s weighting=0.000s

[HPROM-RBF] Step 1300/1450 | E=[ 0.1  -0.08  0.05]
  [HPROM-RBF][TIMER] step=1300 total=0.065s | setup=0.010s newton=0.045s post=0.009s | its=6
  [HPROM-RBF][TIMER] per-it avg: rbf=0.21ms recon=0.08ms apply_u=0.08ms (build=0.01ms,set+upd=0.07ms) asm=6.68ms proj=0.46ms (extract=0.35ms,spmm=0.06ms,mult=0.11ms) solve+upd=0.03ms
  [HPROM-RBF][TIMER] post: finalize=0.000s gp_eval=0.009s weighting=0.000s

[HPROM-RBF] Step 1400/1450 | E=[ 0.03333333 -0.02666667  0.01666667]
  [HPROM-RBF][TIMER] step=1400 total=0.052s | setup=0.010s newton=0.032s post=0.009s | its=4
  [HPROM-RBF][TIMER] per-it avg: rbf=0.21ms recon=0.08ms apply_u=0.31ms (build=0.01ms,set+upd=0.30ms) asm=6.88ms proj=0.46ms (extract=0.34ms,spmm=0.06ms,mult=0.11ms) solve+upd=0.03ms
  [HPROM-RBF][TIMER] post: finalize=0.000s gp_eval=0.009s weighting=0.000s

[HPROM-RBF] Step 1450/1450 | E=[0. 0. 0.]
  [HPROM-RBF][TIMER] step=1450 total=0.051s | setup=0.011s newton=0.030s post=0.009s | its=4
  [HPROM-RBF][TIMER] per-it avg: rbf=0.21ms recon=0.08ms apply_u=0.08ms (build=0.01ms,set+upd=0.07ms) asm=6.70ms proj=0.46ms (extract=0.35ms,spmm=0.06ms,mult=0.11ms) solve+upd=0.03ms
  [HPROM-RBF][TIMER] post: finalize=0.000s gp_eval=0.009s weighting=0.000s

  [HPROM-RBF][TIMER] Global breakdown
  [HPROM-RBF][TIMER] wall_total=91.103s | steps=1450 | total_iters=7261
  [HPROM-RBF][TIMER]        step_setup:    16.863s ( 18.5%)
  [HPROM-RBF][TIMER]      newton_total:    58.878s ( 64.6%)
  [HPROM-RBF][TIMER]     iter_rbf_eval:     1.566s (  1.7%)
  [HPROM-RBF][TIMER]  iter_reconstruct:     0.603s (  0.7%)
  [HPROM-RBF][TIMER]      iter_apply_u:     3.034s (  3.3%)
  [HPROM-RBF][TIMER] iter_apply_u_build_vec:     0.066s (  0.1%)
  [HPROM-RBF][TIMER] iter_apply_u_set_update:     2.954s (  3.2%)
  [HPROM-RBF][TIMER]     iter_assembly:    49.662s ( 54.5%)
  [HPROM-RBF][TIMER]    iter_reduction:     3.482s (  3.8%)
  [HPROM-RBF][TIMER] iter_reduction_extract:     2.595s (  2.8%)
  [HPROM-RBF][TIMER] iter_reduction_spmm:     0.487s (  0.5%)
  [HPROM-RBF][TIMER] iter_reduction_project:     0.881s (  1.0%)
  [HPROM-RBF][TIMER] iter_solve_update:     0.221s (  0.2%)
  [HPROM-RBF][TIMER]     post_finalize:     1.677s (  1.8%)
  [HPROM-RBF][TIMER]      post_gp_eval:    13.213s ( 14.5%)
  [HPROM-RBF][TIMER]    post_weighting:     0.080s (  0.1%)
  [HPROM-RBF][TIMER] avg step time: 0.0628s
  [HPROM-RBF][TIMER] avg per-it: assembly=6.84ms, rbf=0.22ms, projection=0.48ms, solve+update=0.03ms

============================================================
  Stage 10 Summary
============================================================
  PROM-RBF  vs FOM: Rel. Stress Error = 9.7642e-04
  HPROM-RBF vs FOM: Rel. Stress Error = 1.0095e-03
  HPROM-RBF time: 91.24s
Stage 10 plots saved to: stage_10_hprom_rbf_results
alysis: TIME:  3.625 
Analysis: Analysis -END-  
Deregistering KratosMultiphysics
Deregistering LinearSolversApplication
Deregistering ConstitutiveLawsApplication
Deregistering StructuralMechanicsApplication
